which: no hbase in (/opt/hadoop/2.6.0/sbin:/opt/hadoop/contrib/myHadoop/bin:/opt/hadoop/2.6.0/bin:/opt/mvapich2/intel/ib/bin:/opt/intel/2018.1.163/compilers_and_libraries_2018.1.163/linux/bin/intel64:/usr/lib64/qt-3.3/bin:/usr/local/bin:/bin:/usr/bin:/usr/bin:/usr/local/sbin:/usr/sbin:/opt/sdsc/bin:/opt/sdsc/sbin:/opt/ibutils/bin:/opt/pdsh/bin:/opt/rocks/bin:/opt/rocks/sbin:/home/gxj9834/bin)
SLF4J: Class path contains multiple SLF4J bindings.
SLF4J: Found binding in [jar:file:/oasis/projects/nsf/uot143/fegaras/apache-hive-2.1.0-bin/lib/log4j-slf4j-impl-2.4.1.jar!/org/slf4j/impl/StaticLoggerBinder.class]
SLF4J: Found binding in [jar:file:/opt/hadoop/2.6.0/share/hadoop/common/lib/slf4j-log4j12-1.7.5.jar!/org/slf4j/impl/StaticLoggerBinder.class]
SLF4J: See http://www.slf4j.org/codes.html#multiple_bindings for an explanation.
SLF4J: Actual binding is of type [org.apache.logging.slf4j.Log4jLoggerFactory]

Logging initialized using configuration in jar:file:/oasis/projects/nsf/uot143/fegaras/apache-hive-2.1.0-bin/lib/hive-common-2.1.0.jar!/hive-log4j2.properties Async: true
OK
Time taken: 1.058 seconds
OK
Time taken: 0.009 seconds
OK
Time taken: 1.299 seconds
OK
Time taken: 1.678 seconds
Loading data to table default.employee
OK
Time taken: 1.069 seconds
Loading data to table default.department
OK
Time taken: 0.864 seconds
WARNING: Hive-on-MR is deprecated in Hive 2 and may not be available in the future versions. Consider using a different execution engine (i.e. spark, tez) or using Hive 1.X releases.
Query ID = gxj9834_20210416173834_b05c9129-3c36-485b-9a56-52b5eb27b484
Total jobs = 1
SLF4J: Class path contains multiple SLF4J bindings.
SLF4J: Found binding in [jar:file:/oasis/projects/nsf/uot143/fegaras/apache-hive-2.1.0-bin/lib/log4j-slf4j-impl-2.4.1.jar!/org/slf4j/impl/StaticLoggerBinder.class]
SLF4J: Found binding in [jar:file:/opt/hadoop/2.6.0/share/hadoop/common/lib/slf4j-log4j12-1.7.5.jar!/org/slf4j/impl/StaticLoggerBinder.class]
SLF4J: See http://www.slf4j.org/codes.html#multiple_bindings for an explanation.
SLF4J: Actual binding is of type [org.apache.logging.slf4j.Log4jLoggerFactory]
2021-04-16 17:38:48	Starting to launch local task to process map join;	maximum memory = 518979584
2021-04-16 17:38:49	Dump the side-table for tag: 1 with group count: 2 into file: file:/tmp/gxj9834/3ac93635-7e2a-48b3-958f-e2dc867f620a/hive_2021-04-16_17-38-40_315_5695681635354969264-1/-local-10004/HashTable-Stage-3/MapJoin-mapfile01--.hashtable
2021-04-16 17:38:49	Uploaded 1 File to: file:/tmp/gxj9834/3ac93635-7e2a-48b3-958f-e2dc867f620a/hive_2021-04-16_17-38-40_315_5695681635354969264-1/-local-10004/HashTable-Stage-3/MapJoin-mapfile01--.hashtable (305 bytes)
2021-04-16 17:38:49	End of local task; Time Taken: 0.888 sec.
Execution completed successfully
MapredLocal task succeeded
Launching Job 1 out of 1
Number of reduce tasks is set to 0 since there's no reduce operator
Job running in-process (local Hadoop)
2021-04-16 17:38:55,394 Stage-3 map = 100%,  reduce = 0%
Ended Job = job_local1625787441_0001
MapReduce Jobs Launched: 
Stage-Stage-3:  HDFS Read: 0 HDFS Write: 0 SUCCESS
Total MapReduce CPU Time Spent: 0 msec
OK
Smith	CSE
Jones	EE
Mary	CSE
Time taken: 15.086 seconds, Fetched: 3 row(s)
