2021-03-19 05:53:15,020 INFO  [main] Configuration.deprecation (Configuration.java:warnOnceIfDeprecated(1049)) - session.id is deprecated. Instead, use dfs.metrics.session-id
2021-03-19 05:53:15,023 INFO  [main] jvm.JvmMetrics (JvmMetrics.java:init(76)) - Initializing JVM Metrics with processName=JobTracker, sessionId=
2021-03-19 05:53:15,252 WARN  [main] mapreduce.JobSubmitter (JobSubmitter.java:copyAndConfigureFiles(153)) - Hadoop command-line option parsing not performed. Implement the Tool interface and execute your application with ToolRunner to remedy this.
2021-03-19 05:53:15,293 INFO  [main] input.FileInputFormat (FileInputFormat.java:listStatus(281)) - Total input paths to process : 1
2021-03-19 05:53:15,318 INFO  [main] mapreduce.JobSubmitter (JobSubmitter.java:submitJobInternal(494)) - number of splits:1
2021-03-19 05:53:15,499 INFO  [main] mapreduce.JobSubmitter (JobSubmitter.java:printTokens(583)) - Submitting tokens for job: job_local894845447_0001
2021-03-19 05:53:15,781 INFO  [main] mapreduce.Job (Job.java:submit(1300)) - The url to track the job: http://localhost:8080/
2021-03-19 05:53:15,783 INFO  [main] mapreduce.Job (Job.java:monitorAndPrintJob(1345)) - Running job: job_local894845447_0001
2021-03-19 05:53:15,786 INFO  [Thread-3] mapred.LocalJobRunner (LocalJobRunner.java:createOutputCommitter(471)) - OutputCommitter set in config null
2021-03-19 05:53:15,793 INFO  [Thread-3] mapred.LocalJobRunner (LocalJobRunner.java:createOutputCommitter(489)) - OutputCommitter is org.apache.hadoop.mapreduce.lib.output.FileOutputCommitter
2021-03-19 05:53:15,926 INFO  [Thread-3] mapred.LocalJobRunner (LocalJobRunner.java:runTasks(448)) - Waiting for map tasks
2021-03-19 05:53:15,927 INFO  [LocalJobRunner Map Task Executor #0] mapred.LocalJobRunner (LocalJobRunner.java:run(224)) - Starting task: attempt_local894845447_0001_m_000000_0
2021-03-19 05:53:16,057 INFO  [LocalJobRunner Map Task Executor #0] mapred.Task (Task.java:initialize(587)) -  Using ResourceCalculatorProcessTree : [ ]
2021-03-19 05:53:16,060 INFO  [LocalJobRunner Map Task Executor #0] mapred.MapTask (MapTask.java:runNewMapper(753)) - Processing split: file:/home/gxj9834/ramyaproject3/small-graph.csv:0+36
2021-03-19 05:53:16,168 INFO  [LocalJobRunner Map Task Executor #0] mapred.MapTask (MapTask.java:setEquator(1202)) - (EQUATOR) 0 kvi 26214396(104857584)
2021-03-19 05:53:16,169 INFO  [LocalJobRunner Map Task Executor #0] mapred.MapTask (MapTask.java:init(995)) - mapreduce.task.io.sort.mb: 100
2021-03-19 05:53:16,171 INFO  [LocalJobRunner Map Task Executor #0] mapred.MapTask (MapTask.java:init(996)) - soft limit at 83886080
2021-03-19 05:53:16,172 INFO  [LocalJobRunner Map Task Executor #0] mapred.MapTask (MapTask.java:init(997)) - bufstart = 0; bufvoid = 104857600
2021-03-19 05:53:16,172 INFO  [LocalJobRunner Map Task Executor #0] mapred.MapTask (MapTask.java:init(998)) - kvstart = 26214396; length = 6553600
2021-03-19 05:53:16,184 INFO  [LocalJobRunner Map Task Executor #0] mapred.MapTask (MapTask.java:createSortingCollector(402)) - Map output collector class = org.apache.hadoop.mapred.MapTask$MapOutputBuffer
2021-03-19 05:53:16,224 INFO  [LocalJobRunner Map Task Executor #0] mapred.LocalJobRunner (LocalJobRunner.java:statusUpdate(591)) - 
2021-03-19 05:53:16,233 INFO  [LocalJobRunner Map Task Executor #0] mapred.MapTask (MapTask.java:flush(1457)) - Starting flush of map output
2021-03-19 05:53:16,234 INFO  [LocalJobRunner Map Task Executor #0] mapred.MapTask (MapTask.java:flush(1475)) - Spilling map output
2021-03-19 05:53:16,234 INFO  [LocalJobRunner Map Task Executor #0] mapred.MapTask (MapTask.java:flush(1476)) - bufstart = 0; bufend = 72; bufvoid = 104857600
2021-03-19 05:53:16,234 INFO  [LocalJobRunner Map Task Executor #0] mapred.MapTask (MapTask.java:flush(1478)) - kvstart = 26214396(104857584); kvend = 26214364(104857456); length = 33/6553600
2021-03-19 05:53:16,242 INFO  [LocalJobRunner Map Task Executor #0] mapred.MapTask (MapTask.java:sortAndSpill(1660)) - Finished spill 0
2021-03-19 05:53:16,244 INFO  [LocalJobRunner Map Task Executor #0] mapred.Task (Task.java:done(1001)) - Task:attempt_local894845447_0001_m_000000_0 is done. And is in the process of committing
2021-03-19 05:53:16,255 INFO  [LocalJobRunner Map Task Executor #0] mapred.LocalJobRunner (LocalJobRunner.java:statusUpdate(591)) - map
2021-03-19 05:53:16,255 INFO  [LocalJobRunner Map Task Executor #0] mapred.Task (Task.java:sendDone(1121)) - Task 'attempt_local894845447_0001_m_000000_0' done.
2021-03-19 05:53:16,256 INFO  [LocalJobRunner Map Task Executor #0] mapred.LocalJobRunner (LocalJobRunner.java:run(249)) - Finishing task: attempt_local894845447_0001_m_000000_0
2021-03-19 05:53:16,256 INFO  [Thread-3] mapred.LocalJobRunner (LocalJobRunner.java:runTasks(456)) - map task executor complete.
2021-03-19 05:53:16,258 INFO  [Thread-3] mapred.LocalJobRunner (LocalJobRunner.java:runTasks(448)) - Waiting for reduce tasks
2021-03-19 05:53:16,260 INFO  [pool-3-thread-1] mapred.LocalJobRunner (LocalJobRunner.java:run(302)) - Starting task: attempt_local894845447_0001_r_000000_0
2021-03-19 05:53:16,267 INFO  [pool-3-thread-1] mapred.Task (Task.java:initialize(587)) -  Using ResourceCalculatorProcessTree : [ ]
2021-03-19 05:53:16,270 INFO  [pool-3-thread-1] mapred.ReduceTask (ReduceTask.java:run(362)) - Using ShuffleConsumerPlugin: org.apache.hadoop.mapreduce.task.reduce.Shuffle@1ace1876
2021-03-19 05:53:16,298 INFO  [pool-3-thread-1] reduce.MergeManagerImpl (MergeManagerImpl.java:<init>(196)) - MergerManager: memoryLimit=709551680, maxSingleShuffleLimit=177387920, mergeThreshold=468304128, ioSortFactor=10, memToMemMergeOutputsThreshold=10
2021-03-19 05:53:16,315 INFO  [EventFetcher for fetching Map Completion Events] reduce.EventFetcher (EventFetcher.java:run(61)) - attempt_local894845447_0001_r_000000_0 Thread started: EventFetcher for fetching Map Completion Events
2021-03-19 05:53:16,392 INFO  [localfetcher#1] reduce.LocalFetcher (LocalFetcher.java:copyMapOutput(141)) - localfetcher#1 about to shuffle output of map attempt_local894845447_0001_m_000000_0 decomp: 92 len: 96 to MEMORY
2021-03-19 05:53:16,409 INFO  [localfetcher#1] reduce.InMemoryMapOutput (InMemoryMapOutput.java:shuffle(100)) - Read 92 bytes from map-output for attempt_local894845447_0001_m_000000_0
2021-03-19 05:53:16,445 INFO  [localfetcher#1] reduce.MergeManagerImpl (MergeManagerImpl.java:closeInMemoryFile(314)) - closeInMemoryFile -> map-output of size: 92, inMemoryMapOutputs.size() -> 1, commitMemory -> 0, usedMemory ->92
2021-03-19 05:53:16,452 INFO  [EventFetcher for fetching Map Completion Events] reduce.EventFetcher (EventFetcher.java:run(76)) - EventFetcher is interrupted.. Returning
2021-03-19 05:53:16,453 INFO  [pool-3-thread-1] mapred.LocalJobRunner (LocalJobRunner.java:statusUpdate(591)) - 1 / 1 copied.
2021-03-19 05:53:16,453 INFO  [pool-3-thread-1] reduce.MergeManagerImpl (MergeManagerImpl.java:finalMerge(674)) - finalMerge called with 1 in-memory map-outputs and 0 on-disk map-outputs
2021-03-19 05:53:16,459 INFO  [pool-3-thread-1] mapred.Merger (Merger.java:merge(597)) - Merging 1 sorted segments
2021-03-19 05:53:16,460 INFO  [pool-3-thread-1] mapred.Merger (Merger.java:merge(696)) - Down to the last merge-pass, with 1 segments left of total size: 86 bytes
2021-03-19 05:53:16,460 INFO  [pool-3-thread-1] reduce.MergeManagerImpl (MergeManagerImpl.java:finalMerge(751)) - Merged 1 segments, 92 bytes to disk to satisfy reduce memory limit
2021-03-19 05:53:16,461 INFO  [pool-3-thread-1] reduce.MergeManagerImpl (MergeManagerImpl.java:finalMerge(781)) - Merging 1 files, 96 bytes from disk
2021-03-19 05:53:16,461 INFO  [pool-3-thread-1] reduce.MergeManagerImpl (MergeManagerImpl.java:finalMerge(796)) - Merging 0 segments, 0 bytes from memory into reduce
2021-03-19 05:53:16,461 INFO  [pool-3-thread-1] mapred.Merger (Merger.java:merge(597)) - Merging 1 sorted segments
2021-03-19 05:53:16,475 INFO  [pool-3-thread-1] mapred.Merger (Merger.java:merge(696)) - Down to the last merge-pass, with 1 segments left of total size: 86 bytes
2021-03-19 05:53:16,475 INFO  [pool-3-thread-1] mapred.LocalJobRunner (LocalJobRunner.java:statusUpdate(591)) - 1 / 1 copied.
2021-03-19 05:53:16,622 INFO  [pool-3-thread-1] Configuration.deprecation (Configuration.java:warnOnceIfDeprecated(1049)) - mapred.skip.on is deprecated. Instead, use mapreduce.job.skiprecords
2021-03-19 05:53:16,785 INFO  [main] mapreduce.Job (Job.java:monitorAndPrintJob(1366)) - Job job_local894845447_0001 running in uber mode : false
2021-03-19 05:53:16,786 INFO  [main] mapreduce.Job (Job.java:monitorAndPrintJob(1373)) -  map 100% reduce 0%
2021-03-19 05:53:16,950 INFO  [pool-3-thread-1] mapred.Task (Task.java:done(1001)) - Task:attempt_local894845447_0001_r_000000_0 is done. And is in the process of committing
2021-03-19 05:53:16,952 INFO  [pool-3-thread-1] mapred.LocalJobRunner (LocalJobRunner.java:statusUpdate(591)) - 1 / 1 copied.
2021-03-19 05:53:16,952 INFO  [pool-3-thread-1] mapred.Task (Task.java:commit(1162)) - Task attempt_local894845447_0001_r_000000_0 is allowed to commit now
2021-03-19 05:53:16,976 INFO  [pool-3-thread-1] output.FileOutputCommitter (FileOutputCommitter.java:commitTask(439)) - Saved output of task 'attempt_local894845447_0001_r_000000_0' to file:/home/gxj9834/ramyaproject3/intermediate0/_temporary/0/task_local894845447_0001_r_000000
2021-03-19 05:53:16,977 INFO  [pool-3-thread-1] mapred.LocalJobRunner (LocalJobRunner.java:statusUpdate(591)) - reduce > reduce
2021-03-19 05:53:16,978 INFO  [pool-3-thread-1] mapred.Task (Task.java:sendDone(1121)) - Task 'attempt_local894845447_0001_r_000000_0' done.
2021-03-19 05:53:16,978 INFO  [pool-3-thread-1] mapred.LocalJobRunner (LocalJobRunner.java:run(325)) - Finishing task: attempt_local894845447_0001_r_000000_0
2021-03-19 05:53:16,978 INFO  [Thread-3] mapred.LocalJobRunner (LocalJobRunner.java:runTasks(456)) - reduce task executor complete.
2021-03-19 05:53:17,787 INFO  [main] mapreduce.Job (Job.java:monitorAndPrintJob(1373)) -  map 100% reduce 100%
2021-03-19 05:53:17,787 INFO  [main] mapreduce.Job (Job.java:monitorAndPrintJob(1384)) - Job job_local894845447_0001 completed successfully
2021-03-19 05:53:17,798 INFO  [main] mapreduce.Job (Job.java:monitorAndPrintJob(1391)) - Counters: 33
	File System Counters
		FILE: Number of bytes read=15054
		FILE: Number of bytes written=522042
		FILE: Number of read operations=0
		FILE: Number of large read operations=0
		FILE: Number of write operations=0
	Map-Reduce Framework
		Map input records=9
		Map output records=9
		Map output bytes=72
		Map output materialized bytes=96
		Input split bytes=113
		Combine input records=0
		Combine output records=0
		Reduce input groups=6
		Reduce shuffle bytes=96
		Reduce input records=9
		Reduce output records=6
		Spilled Records=18
		Shuffled Maps =1
		Failed Shuffles=0
		Merged Map outputs=1
		GC time elapsed (ms)=18
		CPU time spent (ms)=0
		Physical memory (bytes) snapshot=0
		Virtual memory (bytes) snapshot=0
		Total committed heap usage (bytes)=372252672
	Shuffle Errors
		BAD_ID=0
		CONNECTION=0
		IO_ERROR=0
		WRONG_LENGTH=0
		WRONG_MAP=0
		WRONG_REDUCE=0
	File Input Format Counters 
		Bytes Read=36
	File Output Format Counters 
		Bytes Written=240
2021-03-19 05:53:17,837 INFO  [main] jvm.JvmMetrics (JvmMetrics.java:init(71)) - Cannot initialize JVM Metrics with processName=JobTracker, sessionId= - already initialized
2021-03-19 05:53:17,839 WARN  [main] mapreduce.JobSubmitter (JobSubmitter.java:copyAndConfigureFiles(153)) - Hadoop command-line option parsing not performed. Implement the Tool interface and execute your application with ToolRunner to remedy this.
2021-03-19 05:53:17,916 INFO  [main] input.FileInputFormat (FileInputFormat.java:listStatus(281)) - Total input paths to process : 1
2021-03-19 05:53:17,918 INFO  [main] mapreduce.JobSubmitter (JobSubmitter.java:submitJobInternal(494)) - number of splits:1
2021-03-19 05:53:17,934 INFO  [main] mapreduce.JobSubmitter (JobSubmitter.java:printTokens(583)) - Submitting tokens for job: job_local1739377876_0002
2021-03-19 05:53:18,086 INFO  [main] mapreduce.Job (Job.java:submit(1300)) - The url to track the job: http://localhost:8080/
2021-03-19 05:53:18,086 INFO  [main] mapreduce.Job (Job.java:monitorAndPrintJob(1345)) - Running job: job_local1739377876_0002
2021-03-19 05:53:18,087 INFO  [Thread-14] mapred.LocalJobRunner (LocalJobRunner.java:createOutputCommitter(471)) - OutputCommitter set in config null
2021-03-19 05:53:18,088 INFO  [Thread-14] mapred.LocalJobRunner (LocalJobRunner.java:createOutputCommitter(489)) - OutputCommitter is org.apache.hadoop.mapreduce.lib.output.FileOutputCommitter
2021-03-19 05:53:18,399 INFO  [Thread-14] mapred.LocalJobRunner (LocalJobRunner.java:runTasks(448)) - Waiting for map tasks
2021-03-19 05:53:18,399 INFO  [LocalJobRunner Map Task Executor #0] mapred.LocalJobRunner (LocalJobRunner.java:run(224)) - Starting task: attempt_local1739377876_0002_m_000000_0
2021-03-19 05:53:18,401 INFO  [LocalJobRunner Map Task Executor #0] mapred.Task (Task.java:initialize(587)) -  Using ResourceCalculatorProcessTree : [ ]
2021-03-19 05:53:18,402 INFO  [LocalJobRunner Map Task Executor #0] mapred.MapTask (MapTask.java:runNewMapper(753)) - Processing split: file:/home/gxj9834/ramyaproject3/intermediate0/part-r-00000:0+228
2021-03-19 05:53:18,449 INFO  [LocalJobRunner Map Task Executor #0] mapred.MapTask (MapTask.java:setEquator(1202)) - (EQUATOR) 0 kvi 26214396(104857584)
2021-03-19 05:53:18,449 INFO  [LocalJobRunner Map Task Executor #0] mapred.MapTask (MapTask.java:init(995)) - mapreduce.task.io.sort.mb: 100
2021-03-19 05:53:18,449 INFO  [LocalJobRunner Map Task Executor #0] mapred.MapTask (MapTask.java:init(996)) - soft limit at 83886080
2021-03-19 05:53:18,449 INFO  [LocalJobRunner Map Task Executor #0] mapred.MapTask (MapTask.java:init(997)) - bufstart = 0; bufvoid = 104857600
2021-03-19 05:53:18,449 INFO  [LocalJobRunner Map Task Executor #0] mapred.MapTask (MapTask.java:init(998)) - kvstart = 26214396; length = 6553600
2021-03-19 05:53:18,453 INFO  [LocalJobRunner Map Task Executor #0] mapred.MapTask (MapTask.java:createSortingCollector(402)) - Map output collector class = org.apache.hadoop.mapred.MapTask$MapOutputBuffer
2021-03-19 05:53:18,537 INFO  [LocalJobRunner Map Task Executor #0] mapred.LocalJobRunner (LocalJobRunner.java:statusUpdate(591)) - 
2021-03-19 05:53:18,538 INFO  [LocalJobRunner Map Task Executor #0] mapred.MapTask (MapTask.java:flush(1457)) - Starting flush of map output
2021-03-19 05:53:18,538 INFO  [LocalJobRunner Map Task Executor #0] mapred.MapTask (MapTask.java:flush(1475)) - Spilling map output
2021-03-19 05:53:18,538 INFO  [LocalJobRunner Map Task Executor #0] mapred.MapTask (MapTask.java:flush(1476)) - bufstart = 0; bufend = 132; bufvoid = 104857600
2021-03-19 05:53:18,539 INFO  [LocalJobRunner Map Task Executor #0] mapred.MapTask (MapTask.java:flush(1478)) - kvstart = 26214396(104857584); kvend = 26214368(104857472); length = 29/6553600
2021-03-19 05:53:18,540 INFO  [LocalJobRunner Map Task Executor #0] mapred.MapTask (MapTask.java:sortAndSpill(1660)) - Finished spill 0
2021-03-19 05:53:18,541 INFO  [LocalJobRunner Map Task Executor #0] mapred.Task (Task.java:done(1001)) - Task:attempt_local1739377876_0002_m_000000_0 is done. And is in the process of committing
2021-03-19 05:53:18,544 INFO  [LocalJobRunner Map Task Executor #0] mapred.LocalJobRunner (LocalJobRunner.java:statusUpdate(591)) - map
2021-03-19 05:53:18,544 INFO  [LocalJobRunner Map Task Executor #0] mapred.Task (Task.java:sendDone(1121)) - Task 'attempt_local1739377876_0002_m_000000_0' done.
2021-03-19 05:53:18,544 INFO  [LocalJobRunner Map Task Executor #0] mapred.LocalJobRunner (LocalJobRunner.java:run(249)) - Finishing task: attempt_local1739377876_0002_m_000000_0
2021-03-19 05:53:18,552 INFO  [Thread-14] mapred.LocalJobRunner (LocalJobRunner.java:runTasks(456)) - map task executor complete.
2021-03-19 05:53:18,552 INFO  [Thread-14] mapred.LocalJobRunner (LocalJobRunner.java:runTasks(448)) - Waiting for reduce tasks
2021-03-19 05:53:18,553 INFO  [pool-8-thread-1] mapred.LocalJobRunner (LocalJobRunner.java:run(302)) - Starting task: attempt_local1739377876_0002_r_000000_0
2021-03-19 05:53:18,558 INFO  [pool-8-thread-1] mapred.Task (Task.java:initialize(587)) -  Using ResourceCalculatorProcessTree : [ ]
2021-03-19 05:53:18,558 INFO  [pool-8-thread-1] mapred.ReduceTask (ReduceTask.java:run(362)) - Using ShuffleConsumerPlugin: org.apache.hadoop.mapreduce.task.reduce.Shuffle@223594b7
2021-03-19 05:53:18,559 INFO  [pool-8-thread-1] reduce.MergeManagerImpl (MergeManagerImpl.java:<init>(196)) - MergerManager: memoryLimit=709551680, maxSingleShuffleLimit=177387920, mergeThreshold=468304128, ioSortFactor=10, memToMemMergeOutputsThreshold=10
2021-03-19 05:53:18,561 INFO  [EventFetcher for fetching Map Completion Events] reduce.EventFetcher (EventFetcher.java:run(61)) - attempt_local1739377876_0002_r_000000_0 Thread started: EventFetcher for fetching Map Completion Events
2021-03-19 05:53:18,563 INFO  [localfetcher#2] reduce.LocalFetcher (LocalFetcher.java:copyMapOutput(141)) - localfetcher#2 about to shuffle output of map attempt_local1739377876_0002_m_000000_0 decomp: 150 len: 154 to MEMORY
2021-03-19 05:53:18,564 INFO  [localfetcher#2] reduce.InMemoryMapOutput (InMemoryMapOutput.java:shuffle(100)) - Read 150 bytes from map-output for attempt_local1739377876_0002_m_000000_0
2021-03-19 05:53:18,564 INFO  [localfetcher#2] reduce.MergeManagerImpl (MergeManagerImpl.java:closeInMemoryFile(314)) - closeInMemoryFile -> map-output of size: 150, inMemoryMapOutputs.size() -> 1, commitMemory -> 0, usedMemory ->150
2021-03-19 05:53:18,572 INFO  [EventFetcher for fetching Map Completion Events] reduce.EventFetcher (EventFetcher.java:run(76)) - EventFetcher is interrupted.. Returning
2021-03-19 05:53:18,573 INFO  [pool-8-thread-1] mapred.LocalJobRunner (LocalJobRunner.java:statusUpdate(591)) - 1 / 1 copied.
2021-03-19 05:53:18,573 INFO  [pool-8-thread-1] reduce.MergeManagerImpl (MergeManagerImpl.java:finalMerge(674)) - finalMerge called with 1 in-memory map-outputs and 0 on-disk map-outputs
2021-03-19 05:53:18,574 INFO  [pool-8-thread-1] mapred.Merger (Merger.java:merge(597)) - Merging 1 sorted segments
2021-03-19 05:53:18,574 INFO  [pool-8-thread-1] mapred.Merger (Merger.java:merge(696)) - Down to the last merge-pass, with 1 segments left of total size: 144 bytes
2021-03-19 05:53:18,577 INFO  [pool-8-thread-1] reduce.MergeManagerImpl (MergeManagerImpl.java:finalMerge(751)) - Merged 1 segments, 150 bytes to disk to satisfy reduce memory limit
2021-03-19 05:53:18,577 INFO  [pool-8-thread-1] reduce.MergeManagerImpl (MergeManagerImpl.java:finalMerge(781)) - Merging 1 files, 154 bytes from disk
2021-03-19 05:53:18,577 INFO  [pool-8-thread-1] reduce.MergeManagerImpl (MergeManagerImpl.java:finalMerge(796)) - Merging 0 segments, 0 bytes from memory into reduce
2021-03-19 05:53:18,577 INFO  [pool-8-thread-1] mapred.Merger (Merger.java:merge(597)) - Merging 1 sorted segments
2021-03-19 05:53:18,577 INFO  [pool-8-thread-1] mapred.Merger (Merger.java:merge(696)) - Down to the last merge-pass, with 1 segments left of total size: 144 bytes
2021-03-19 05:53:18,578 INFO  [pool-8-thread-1] mapred.LocalJobRunner (LocalJobRunner.java:statusUpdate(591)) - 1 / 1 copied.
2021-03-19 05:53:18,579 WARN  [Readahead Thread #2] io.ReadaheadPool (ReadaheadPool.java:run(214)) - Failed readahead on ifile
EBADF: Bad file descriptor
	at org.apache.hadoop.io.nativeio.NativeIO$POSIX.posix_fadvise(Native Method)
	at org.apache.hadoop.io.nativeio.NativeIO$POSIX.posixFadviseIfPossible(NativeIO.java:267)
	at org.apache.hadoop.io.nativeio.NativeIO$POSIX$CacheManipulator.posixFadviseIfPossible(NativeIO.java:146)
	at org.apache.hadoop.io.ReadaheadPool$ReadaheadRequestImpl.run(ReadaheadPool.java:206)
	at java.util.concurrent.ThreadPoolExecutor.runWorker(ThreadPoolExecutor.java:1149)
	at java.util.concurrent.ThreadPoolExecutor$Worker.run(ThreadPoolExecutor.java:624)
	at java.lang.Thread.run(Thread.java:748)
2021-03-19 05:53:19,087 INFO  [main] mapreduce.Job (Job.java:monitorAndPrintJob(1366)) - Job job_local1739377876_0002 running in uber mode : false
2021-03-19 05:53:19,087 INFO  [main] mapreduce.Job (Job.java:monitorAndPrintJob(1373)) -  map 100% reduce 0%
2021-03-19 05:53:19,649 INFO  [pool-8-thread-1] mapred.Task (Task.java:done(1001)) - Task:attempt_local1739377876_0002_r_000000_0 is done. And is in the process of committing
2021-03-19 05:53:19,650 INFO  [pool-8-thread-1] mapred.LocalJobRunner (LocalJobRunner.java:statusUpdate(591)) - 1 / 1 copied.
2021-03-19 05:53:19,650 INFO  [pool-8-thread-1] mapred.Task (Task.java:commit(1162)) - Task attempt_local1739377876_0002_r_000000_0 is allowed to commit now
2021-03-19 05:53:19,708 INFO  [pool-8-thread-1] output.FileOutputCommitter (FileOutputCommitter.java:commitTask(439)) - Saved output of task 'attempt_local1739377876_0002_r_000000_0' to file:/home/gxj9834/ramyaproject3/intermediate1/_temporary/0/task_local1739377876_0002_r_000000
2021-03-19 05:53:19,709 INFO  [pool-8-thread-1] mapred.LocalJobRunner (LocalJobRunner.java:statusUpdate(591)) - reduce > reduce
2021-03-19 05:53:19,710 INFO  [pool-8-thread-1] mapred.Task (Task.java:sendDone(1121)) - Task 'attempt_local1739377876_0002_r_000000_0' done.
2021-03-19 05:53:19,710 INFO  [pool-8-thread-1] mapred.LocalJobRunner (LocalJobRunner.java:run(325)) - Finishing task: attempt_local1739377876_0002_r_000000_0
2021-03-19 05:53:19,711 INFO  [Thread-14] mapred.LocalJobRunner (LocalJobRunner.java:runTasks(456)) - reduce task executor complete.
2021-03-19 05:53:20,088 INFO  [main] mapreduce.Job (Job.java:monitorAndPrintJob(1373)) -  map 100% reduce 100%
2021-03-19 05:53:21,088 INFO  [main] mapreduce.Job (Job.java:monitorAndPrintJob(1384)) - Job job_local1739377876_0002 completed successfully
2021-03-19 05:53:21,095 INFO  [main] mapreduce.Job (Job.java:monitorAndPrintJob(1391)) - Counters: 33
	File System Counters
		FILE: Number of bytes read=30880
		FILE: Number of bytes written=1047282
		FILE: Number of read operations=0
		FILE: Number of large read operations=0
		FILE: Number of write operations=0
	Map-Reduce Framework
		Map input records=6
		Map output records=8
		Map output bytes=132
		Map output materialized bytes=154
		Input split bytes=124
		Combine input records=0
		Combine output records=0
		Reduce input groups=6
		Reduce shuffle bytes=154
		Reduce input records=8
		Reduce output records=6
		Spilled Records=16
		Shuffled Maps =1
		Failed Shuffles=0
		Merged Map outputs=1
		GC time elapsed (ms)=20
		CPU time spent (ms)=0
		Physical memory (bytes) snapshot=0
		Virtual memory (bytes) snapshot=0
		Total committed heap usage (bytes)=466624512
	Shuffle Errors
		BAD_ID=0
		CONNECTION=0
		IO_ERROR=0
		WRONG_LENGTH=0
		WRONG_MAP=0
		WRONG_REDUCE=0
	File Input Format Counters 
		Bytes Read=240
	File Output Format Counters 
		Bytes Written=240
2021-03-19 05:53:21,134 INFO  [main] jvm.JvmMetrics (JvmMetrics.java:init(71)) - Cannot initialize JVM Metrics with processName=JobTracker, sessionId= - already initialized
2021-03-19 05:53:21,137 WARN  [main] mapreduce.JobSubmitter (JobSubmitter.java:copyAndConfigureFiles(153)) - Hadoop command-line option parsing not performed. Implement the Tool interface and execute your application with ToolRunner to remedy this.
2021-03-19 05:53:21,208 INFO  [main] input.FileInputFormat (FileInputFormat.java:listStatus(281)) - Total input paths to process : 1
2021-03-19 05:53:21,210 INFO  [main] mapreduce.JobSubmitter (JobSubmitter.java:submitJobInternal(494)) - number of splits:1
2021-03-19 05:53:21,219 INFO  [main] mapreduce.JobSubmitter (JobSubmitter.java:printTokens(583)) - Submitting tokens for job: job_local799520524_0003
2021-03-19 05:53:21,362 INFO  [main] mapreduce.Job (Job.java:submit(1300)) - The url to track the job: http://localhost:8080/
2021-03-19 05:53:21,363 INFO  [main] mapreduce.Job (Job.java:monitorAndPrintJob(1345)) - Running job: job_local799520524_0003
2021-03-19 05:53:21,363 INFO  [Thread-23] mapred.LocalJobRunner (LocalJobRunner.java:createOutputCommitter(471)) - OutputCommitter set in config null
2021-03-19 05:53:21,364 INFO  [Thread-23] mapred.LocalJobRunner (LocalJobRunner.java:createOutputCommitter(489)) - OutputCommitter is org.apache.hadoop.mapreduce.lib.output.FileOutputCommitter
2021-03-19 05:53:21,645 INFO  [Thread-23] mapred.LocalJobRunner (LocalJobRunner.java:runTasks(448)) - Waiting for map tasks
2021-03-19 05:53:21,645 INFO  [LocalJobRunner Map Task Executor #0] mapred.LocalJobRunner (LocalJobRunner.java:run(224)) - Starting task: attempt_local799520524_0003_m_000000_0
2021-03-19 05:53:21,650 INFO  [LocalJobRunner Map Task Executor #0] mapred.Task (Task.java:initialize(587)) -  Using ResourceCalculatorProcessTree : [ ]
2021-03-19 05:53:21,651 INFO  [LocalJobRunner Map Task Executor #0] mapred.MapTask (MapTask.java:runNewMapper(753)) - Processing split: file:/home/gxj9834/ramyaproject3/intermediate1/part-r-00000:0+228
2021-03-19 05:53:21,695 INFO  [LocalJobRunner Map Task Executor #0] mapred.MapTask (MapTask.java:setEquator(1202)) - (EQUATOR) 0 kvi 26214396(104857584)
2021-03-19 05:53:21,696 INFO  [LocalJobRunner Map Task Executor #0] mapred.MapTask (MapTask.java:init(995)) - mapreduce.task.io.sort.mb: 100
2021-03-19 05:53:21,696 INFO  [LocalJobRunner Map Task Executor #0] mapred.MapTask (MapTask.java:init(996)) - soft limit at 83886080
2021-03-19 05:53:21,696 INFO  [LocalJobRunner Map Task Executor #0] mapred.MapTask (MapTask.java:init(997)) - bufstart = 0; bufvoid = 104857600
2021-03-19 05:53:21,696 INFO  [LocalJobRunner Map Task Executor #0] mapred.MapTask (MapTask.java:init(998)) - kvstart = 26214396; length = 6553600
2021-03-19 05:53:21,696 INFO  [LocalJobRunner Map Task Executor #0] mapred.MapTask (MapTask.java:createSortingCollector(402)) - Map output collector class = org.apache.hadoop.mapred.MapTask$MapOutputBuffer
2021-03-19 05:53:21,703 INFO  [LocalJobRunner Map Task Executor #0] mapred.LocalJobRunner (LocalJobRunner.java:statusUpdate(591)) - 
2021-03-19 05:53:21,704 INFO  [LocalJobRunner Map Task Executor #0] mapred.MapTask (MapTask.java:flush(1457)) - Starting flush of map output
2021-03-19 05:53:21,704 INFO  [LocalJobRunner Map Task Executor #0] mapred.MapTask (MapTask.java:flush(1475)) - Spilling map output
2021-03-19 05:53:21,704 INFO  [LocalJobRunner Map Task Executor #0] mapred.MapTask (MapTask.java:flush(1476)) - bufstart = 0; bufend = 168; bufvoid = 104857600
2021-03-19 05:53:21,704 INFO  [LocalJobRunner Map Task Executor #0] mapred.MapTask (MapTask.java:flush(1478)) - kvstart = 26214396(104857584); kvend = 26214352(104857408); length = 45/6553600
2021-03-19 05:53:21,707 INFO  [LocalJobRunner Map Task Executor #0] mapred.MapTask (MapTask.java:sortAndSpill(1660)) - Finished spill 0
2021-03-19 05:53:21,707 INFO  [LocalJobRunner Map Task Executor #0] mapred.Task (Task.java:done(1001)) - Task:attempt_local799520524_0003_m_000000_0 is done. And is in the process of committing
2021-03-19 05:53:21,711 INFO  [LocalJobRunner Map Task Executor #0] mapred.LocalJobRunner (LocalJobRunner.java:statusUpdate(591)) - map
2021-03-19 05:53:21,711 INFO  [LocalJobRunner Map Task Executor #0] mapred.Task (Task.java:sendDone(1121)) - Task 'attempt_local799520524_0003_m_000000_0' done.
2021-03-19 05:53:21,711 INFO  [LocalJobRunner Map Task Executor #0] mapred.LocalJobRunner (LocalJobRunner.java:run(249)) - Finishing task: attempt_local799520524_0003_m_000000_0
2021-03-19 05:53:21,711 INFO  [Thread-23] mapred.LocalJobRunner (LocalJobRunner.java:runTasks(456)) - map task executor complete.
2021-03-19 05:53:21,712 INFO  [Thread-23] mapred.LocalJobRunner (LocalJobRunner.java:runTasks(448)) - Waiting for reduce tasks
2021-03-19 05:53:21,712 INFO  [pool-11-thread-1] mapred.LocalJobRunner (LocalJobRunner.java:run(302)) - Starting task: attempt_local799520524_0003_r_000000_0
2021-03-19 05:53:21,715 INFO  [pool-11-thread-1] mapred.Task (Task.java:initialize(587)) -  Using ResourceCalculatorProcessTree : [ ]
2021-03-19 05:53:21,715 INFO  [pool-11-thread-1] mapred.ReduceTask (ReduceTask.java:run(362)) - Using ShuffleConsumerPlugin: org.apache.hadoop.mapreduce.task.reduce.Shuffle@14697e44
2021-03-19 05:53:21,716 INFO  [pool-11-thread-1] reduce.MergeManagerImpl (MergeManagerImpl.java:<init>(196)) - MergerManager: memoryLimit=709551680, maxSingleShuffleLimit=177387920, mergeThreshold=468304128, ioSortFactor=10, memToMemMergeOutputsThreshold=10
2021-03-19 05:53:21,717 INFO  [EventFetcher for fetching Map Completion Events] reduce.EventFetcher (EventFetcher.java:run(61)) - attempt_local799520524_0003_r_000000_0 Thread started: EventFetcher for fetching Map Completion Events
2021-03-19 05:53:21,719 INFO  [localfetcher#3] reduce.LocalFetcher (LocalFetcher.java:copyMapOutput(141)) - localfetcher#3 about to shuffle output of map attempt_local799520524_0003_m_000000_0 decomp: 194 len: 198 to MEMORY
2021-03-19 05:53:21,720 INFO  [localfetcher#3] reduce.InMemoryMapOutput (InMemoryMapOutput.java:shuffle(100)) - Read 194 bytes from map-output for attempt_local799520524_0003_m_000000_0
2021-03-19 05:53:21,720 INFO  [localfetcher#3] reduce.MergeManagerImpl (MergeManagerImpl.java:closeInMemoryFile(314)) - closeInMemoryFile -> map-output of size: 194, inMemoryMapOutputs.size() -> 1, commitMemory -> 0, usedMemory ->194
2021-03-19 05:53:21,731 INFO  [EventFetcher for fetching Map Completion Events] reduce.EventFetcher (EventFetcher.java:run(76)) - EventFetcher is interrupted.. Returning
2021-03-19 05:53:21,731 INFO  [pool-11-thread-1] mapred.LocalJobRunner (LocalJobRunner.java:statusUpdate(591)) - 1 / 1 copied.
2021-03-19 05:53:21,731 INFO  [pool-11-thread-1] reduce.MergeManagerImpl (MergeManagerImpl.java:finalMerge(674)) - finalMerge called with 1 in-memory map-outputs and 0 on-disk map-outputs
2021-03-19 05:53:21,732 INFO  [pool-11-thread-1] mapred.Merger (Merger.java:merge(597)) - Merging 1 sorted segments
2021-03-19 05:53:21,732 INFO  [pool-11-thread-1] mapred.Merger (Merger.java:merge(696)) - Down to the last merge-pass, with 1 segments left of total size: 188 bytes
2021-03-19 05:53:21,733 INFO  [pool-11-thread-1] reduce.MergeManagerImpl (MergeManagerImpl.java:finalMerge(751)) - Merged 1 segments, 194 bytes to disk to satisfy reduce memory limit
2021-03-19 05:53:21,733 INFO  [pool-11-thread-1] reduce.MergeManagerImpl (MergeManagerImpl.java:finalMerge(781)) - Merging 1 files, 198 bytes from disk
2021-03-19 05:53:21,733 INFO  [pool-11-thread-1] reduce.MergeManagerImpl (MergeManagerImpl.java:finalMerge(796)) - Merging 0 segments, 0 bytes from memory into reduce
2021-03-19 05:53:21,733 INFO  [pool-11-thread-1] mapred.Merger (Merger.java:merge(597)) - Merging 1 sorted segments
2021-03-19 05:53:21,734 INFO  [pool-11-thread-1] mapred.Merger (Merger.java:merge(696)) - Down to the last merge-pass, with 1 segments left of total size: 188 bytes
2021-03-19 05:53:21,734 INFO  [pool-11-thread-1] mapred.LocalJobRunner (LocalJobRunner.java:statusUpdate(591)) - 1 / 1 copied.
2021-03-19 05:53:22,000 INFO  [pool-11-thread-1] mapred.Task (Task.java:done(1001)) - Task:attempt_local799520524_0003_r_000000_0 is done. And is in the process of committing
2021-03-19 05:53:22,001 INFO  [pool-11-thread-1] mapred.LocalJobRunner (LocalJobRunner.java:statusUpdate(591)) - 1 / 1 copied.
2021-03-19 05:53:22,001 INFO  [pool-11-thread-1] mapred.Task (Task.java:commit(1162)) - Task attempt_local799520524_0003_r_000000_0 is allowed to commit now
2021-03-19 05:53:22,023 INFO  [pool-11-thread-1] output.FileOutputCommitter (FileOutputCommitter.java:commitTask(439)) - Saved output of task 'attempt_local799520524_0003_r_000000_0' to file:/home/gxj9834/ramyaproject3/intermediate2/_temporary/0/task_local799520524_0003_r_000000
2021-03-19 05:53:22,024 INFO  [pool-11-thread-1] mapred.LocalJobRunner (LocalJobRunner.java:statusUpdate(591)) - reduce > reduce
2021-03-19 05:53:22,024 INFO  [pool-11-thread-1] mapred.Task (Task.java:sendDone(1121)) - Task 'attempt_local799520524_0003_r_000000_0' done.
2021-03-19 05:53:22,024 INFO  [pool-11-thread-1] mapred.LocalJobRunner (LocalJobRunner.java:run(325)) - Finishing task: attempt_local799520524_0003_r_000000_0
2021-03-19 05:53:22,024 INFO  [Thread-23] mapred.LocalJobRunner (LocalJobRunner.java:runTasks(456)) - reduce task executor complete.
2021-03-19 05:53:22,363 INFO  [main] mapreduce.Job (Job.java:monitorAndPrintJob(1366)) - Job job_local799520524_0003 running in uber mode : false
2021-03-19 05:53:22,363 INFO  [main] mapreduce.Job (Job.java:monitorAndPrintJob(1373)) -  map 100% reduce 100%
2021-03-19 05:53:23,364 INFO  [main] mapreduce.Job (Job.java:monitorAndPrintJob(1384)) - Job job_local799520524_0003 completed successfully
2021-03-19 05:53:23,368 INFO  [main] mapreduce.Job (Job.java:monitorAndPrintJob(1391)) - Counters: 33
	File System Counters
		FILE: Number of bytes read=46910
		FILE: Number of bytes written=1569992
		FILE: Number of read operations=0
		FILE: Number of large read operations=0
		FILE: Number of write operations=0
	Map-Reduce Framework
		Map input records=6
		Map output records=12
		Map output bytes=168
		Map output materialized bytes=198
		Input split bytes=124
		Combine input records=0
		Combine output records=0
		Reduce input groups=6
		Reduce shuffle bytes=198
		Reduce input records=12
		Reduce output records=6
		Spilled Records=24
		Shuffled Maps =1
		Failed Shuffles=0
		Merged Map outputs=1
		GC time elapsed (ms)=22
		CPU time spent (ms)=0
		Physical memory (bytes) snapshot=0
		Virtual memory (bytes) snapshot=0
		Total committed heap usage (bytes)=436215808
	Shuffle Errors
		BAD_ID=0
		CONNECTION=0
		IO_ERROR=0
		WRONG_LENGTH=0
		WRONG_MAP=0
		WRONG_REDUCE=0
	File Input Format Counters 
		Bytes Read=240
	File Output Format Counters 
		Bytes Written=240
2021-03-19 05:53:23,398 INFO  [main] jvm.JvmMetrics (JvmMetrics.java:init(71)) - Cannot initialize JVM Metrics with processName=JobTracker, sessionId= - already initialized
2021-03-19 05:53:23,402 WARN  [main] mapreduce.JobSubmitter (JobSubmitter.java:copyAndConfigureFiles(153)) - Hadoop command-line option parsing not performed. Implement the Tool interface and execute your application with ToolRunner to remedy this.
2021-03-19 05:53:23,472 INFO  [main] input.FileInputFormat (FileInputFormat.java:listStatus(281)) - Total input paths to process : 1
2021-03-19 05:53:23,473 INFO  [main] mapreduce.JobSubmitter (JobSubmitter.java:submitJobInternal(494)) - number of splits:1
2021-03-19 05:53:23,480 INFO  [main] mapreduce.JobSubmitter (JobSubmitter.java:printTokens(583)) - Submitting tokens for job: job_local205177650_0004
2021-03-19 05:53:23,609 INFO  [main] mapreduce.Job (Job.java:submit(1300)) - The url to track the job: http://localhost:8080/
2021-03-19 05:53:23,610 INFO  [main] mapreduce.Job (Job.java:monitorAndPrintJob(1345)) - Running job: job_local205177650_0004
2021-03-19 05:53:23,611 INFO  [Thread-32] mapred.LocalJobRunner (LocalJobRunner.java:createOutputCommitter(471)) - OutputCommitter set in config null
2021-03-19 05:53:23,611 INFO  [Thread-32] mapred.LocalJobRunner (LocalJobRunner.java:createOutputCommitter(489)) - OutputCommitter is org.apache.hadoop.mapreduce.lib.output.FileOutputCommitter
2021-03-19 05:53:23,999 INFO  [Thread-32] mapred.LocalJobRunner (LocalJobRunner.java:runTasks(448)) - Waiting for map tasks
2021-03-19 05:53:24,000 INFO  [LocalJobRunner Map Task Executor #0] mapred.LocalJobRunner (LocalJobRunner.java:run(224)) - Starting task: attempt_local205177650_0004_m_000000_0
2021-03-19 05:53:24,002 INFO  [LocalJobRunner Map Task Executor #0] mapred.Task (Task.java:initialize(587)) -  Using ResourceCalculatorProcessTree : [ ]
2021-03-19 05:53:24,003 INFO  [LocalJobRunner Map Task Executor #0] mapred.MapTask (MapTask.java:runNewMapper(753)) - Processing split: file:/home/gxj9834/ramyaproject3/intermediate2/part-r-00000:0+228
2021-03-19 05:53:24,083 INFO  [LocalJobRunner Map Task Executor #0] mapred.MapTask (MapTask.java:setEquator(1202)) - (EQUATOR) 0 kvi 26214396(104857584)
2021-03-19 05:53:24,086 INFO  [LocalJobRunner Map Task Executor #0] mapred.MapTask (MapTask.java:init(995)) - mapreduce.task.io.sort.mb: 100
2021-03-19 05:53:24,086 INFO  [LocalJobRunner Map Task Executor #0] mapred.MapTask (MapTask.java:init(996)) - soft limit at 83886080
2021-03-19 05:53:24,087 INFO  [LocalJobRunner Map Task Executor #0] mapred.MapTask (MapTask.java:init(997)) - bufstart = 0; bufvoid = 104857600
2021-03-19 05:53:24,087 INFO  [LocalJobRunner Map Task Executor #0] mapred.MapTask (MapTask.java:init(998)) - kvstart = 26214396; length = 6553600
2021-03-19 05:53:24,088 INFO  [LocalJobRunner Map Task Executor #0] mapred.MapTask (MapTask.java:createSortingCollector(402)) - Map output collector class = org.apache.hadoop.mapred.MapTask$MapOutputBuffer
2021-03-19 05:53:24,126 INFO  [LocalJobRunner Map Task Executor #0] mapred.LocalJobRunner (LocalJobRunner.java:statusUpdate(591)) - 
2021-03-19 05:53:24,132 INFO  [LocalJobRunner Map Task Executor #0] mapred.MapTask (MapTask.java:flush(1457)) - Starting flush of map output
2021-03-19 05:53:24,132 INFO  [LocalJobRunner Map Task Executor #0] mapred.MapTask (MapTask.java:flush(1475)) - Spilling map output
2021-03-19 05:53:24,132 INFO  [LocalJobRunner Map Task Executor #0] mapred.MapTask (MapTask.java:flush(1476)) - bufstart = 0; bufend = 186; bufvoid = 104857600
2021-03-19 05:53:24,132 INFO  [LocalJobRunner Map Task Executor #0] mapred.MapTask (MapTask.java:flush(1478)) - kvstart = 26214396(104857584); kvend = 26214344(104857376); length = 53/6553600
2021-03-19 05:53:24,133 INFO  [LocalJobRunner Map Task Executor #0] mapred.MapTask (MapTask.java:sortAndSpill(1660)) - Finished spill 0
2021-03-19 05:53:24,136 INFO  [LocalJobRunner Map Task Executor #0] mapred.Task (Task.java:done(1001)) - Task:attempt_local205177650_0004_m_000000_0 is done. And is in the process of committing
2021-03-19 05:53:24,140 INFO  [LocalJobRunner Map Task Executor #0] mapred.LocalJobRunner (LocalJobRunner.java:statusUpdate(591)) - map
2021-03-19 05:53:24,140 INFO  [LocalJobRunner Map Task Executor #0] mapred.Task (Task.java:sendDone(1121)) - Task 'attempt_local205177650_0004_m_000000_0' done.
2021-03-19 05:53:24,140 INFO  [LocalJobRunner Map Task Executor #0] mapred.LocalJobRunner (LocalJobRunner.java:run(249)) - Finishing task: attempt_local205177650_0004_m_000000_0
2021-03-19 05:53:24,140 INFO  [Thread-32] mapred.LocalJobRunner (LocalJobRunner.java:runTasks(456)) - map task executor complete.
2021-03-19 05:53:24,152 INFO  [Thread-32] mapred.LocalJobRunner (LocalJobRunner.java:runTasks(448)) - Waiting for reduce tasks
2021-03-19 05:53:24,152 INFO  [pool-14-thread-1] mapred.LocalJobRunner (LocalJobRunner.java:run(302)) - Starting task: attempt_local205177650_0004_r_000000_0
2021-03-19 05:53:24,159 INFO  [pool-14-thread-1] mapred.Task (Task.java:initialize(587)) -  Using ResourceCalculatorProcessTree : [ ]
2021-03-19 05:53:24,159 INFO  [pool-14-thread-1] mapred.ReduceTask (ReduceTask.java:run(362)) - Using ShuffleConsumerPlugin: org.apache.hadoop.mapreduce.task.reduce.Shuffle@541004e0
2021-03-19 05:53:24,162 INFO  [pool-14-thread-1] reduce.MergeManagerImpl (MergeManagerImpl.java:<init>(196)) - MergerManager: memoryLimit=709551680, maxSingleShuffleLimit=177387920, mergeThreshold=468304128, ioSortFactor=10, memToMemMergeOutputsThreshold=10
2021-03-19 05:53:24,163 INFO  [EventFetcher for fetching Map Completion Events] reduce.EventFetcher (EventFetcher.java:run(61)) - attempt_local205177650_0004_r_000000_0 Thread started: EventFetcher for fetching Map Completion Events
2021-03-19 05:53:24,164 INFO  [localfetcher#4] reduce.LocalFetcher (LocalFetcher.java:copyMapOutput(141)) - localfetcher#4 about to shuffle output of map attempt_local205177650_0004_m_000000_0 decomp: 216 len: 220 to MEMORY
2021-03-19 05:53:24,164 INFO  [localfetcher#4] reduce.InMemoryMapOutput (InMemoryMapOutput.java:shuffle(100)) - Read 216 bytes from map-output for attempt_local205177650_0004_m_000000_0
2021-03-19 05:53:24,164 INFO  [localfetcher#4] reduce.MergeManagerImpl (MergeManagerImpl.java:closeInMemoryFile(314)) - closeInMemoryFile -> map-output of size: 216, inMemoryMapOutputs.size() -> 1, commitMemory -> 0, usedMemory ->216
2021-03-19 05:53:24,164 INFO  [EventFetcher for fetching Map Completion Events] reduce.EventFetcher (EventFetcher.java:run(76)) - EventFetcher is interrupted.. Returning
2021-03-19 05:53:24,165 INFO  [pool-14-thread-1] mapred.LocalJobRunner (LocalJobRunner.java:statusUpdate(591)) - 1 / 1 copied.
2021-03-19 05:53:24,165 INFO  [pool-14-thread-1] reduce.MergeManagerImpl (MergeManagerImpl.java:finalMerge(674)) - finalMerge called with 1 in-memory map-outputs and 0 on-disk map-outputs
2021-03-19 05:53:24,166 INFO  [pool-14-thread-1] mapred.Merger (Merger.java:merge(597)) - Merging 1 sorted segments
2021-03-19 05:53:24,166 INFO  [pool-14-thread-1] mapred.Merger (Merger.java:merge(696)) - Down to the last merge-pass, with 1 segments left of total size: 210 bytes
2021-03-19 05:53:24,171 INFO  [pool-14-thread-1] reduce.MergeManagerImpl (MergeManagerImpl.java:finalMerge(751)) - Merged 1 segments, 216 bytes to disk to satisfy reduce memory limit
2021-03-19 05:53:24,171 INFO  [pool-14-thread-1] reduce.MergeManagerImpl (MergeManagerImpl.java:finalMerge(781)) - Merging 1 files, 220 bytes from disk
2021-03-19 05:53:24,171 INFO  [pool-14-thread-1] reduce.MergeManagerImpl (MergeManagerImpl.java:finalMerge(796)) - Merging 0 segments, 0 bytes from memory into reduce
2021-03-19 05:53:24,171 INFO  [pool-14-thread-1] mapred.Merger (Merger.java:merge(597)) - Merging 1 sorted segments
2021-03-19 05:53:24,172 INFO  [pool-14-thread-1] mapred.Merger (Merger.java:merge(696)) - Down to the last merge-pass, with 1 segments left of total size: 210 bytes
2021-03-19 05:53:24,172 INFO  [pool-14-thread-1] mapred.LocalJobRunner (LocalJobRunner.java:statusUpdate(591)) - 1 / 1 copied.
2021-03-19 05:53:24,611 INFO  [main] mapreduce.Job (Job.java:monitorAndPrintJob(1366)) - Job job_local205177650_0004 running in uber mode : false
2021-03-19 05:53:24,611 INFO  [main] mapreduce.Job (Job.java:monitorAndPrintJob(1373)) -  map 100% reduce 0%
2021-03-19 05:53:24,698 INFO  [pool-14-thread-1] mapred.Task (Task.java:done(1001)) - Task:attempt_local205177650_0004_r_000000_0 is done. And is in the process of committing
2021-03-19 05:53:24,699 INFO  [pool-14-thread-1] mapred.LocalJobRunner (LocalJobRunner.java:statusUpdate(591)) - 1 / 1 copied.
2021-03-19 05:53:24,700 INFO  [pool-14-thread-1] mapred.Task (Task.java:commit(1162)) - Task attempt_local205177650_0004_r_000000_0 is allowed to commit now
2021-03-19 05:53:24,720 INFO  [pool-14-thread-1] output.FileOutputCommitter (FileOutputCommitter.java:commitTask(439)) - Saved output of task 'attempt_local205177650_0004_r_000000_0' to file:/home/gxj9834/ramyaproject3/intermediate3/_temporary/0/task_local205177650_0004_r_000000
2021-03-19 05:53:24,721 INFO  [pool-14-thread-1] mapred.LocalJobRunner (LocalJobRunner.java:statusUpdate(591)) - reduce > reduce
2021-03-19 05:53:24,721 INFO  [pool-14-thread-1] mapred.Task (Task.java:sendDone(1121)) - Task 'attempt_local205177650_0004_r_000000_0' done.
2021-03-19 05:53:24,721 INFO  [pool-14-thread-1] mapred.LocalJobRunner (LocalJobRunner.java:run(325)) - Finishing task: attempt_local205177650_0004_r_000000_0
2021-03-19 05:53:24,723 INFO  [Thread-32] mapred.LocalJobRunner (LocalJobRunner.java:runTasks(456)) - reduce task executor complete.
2021-03-19 05:53:25,611 INFO  [main] mapreduce.Job (Job.java:monitorAndPrintJob(1373)) -  map 100% reduce 100%
2021-03-19 05:53:25,612 INFO  [main] mapreduce.Job (Job.java:monitorAndPrintJob(1384)) - Job job_local205177650_0004 completed successfully
2021-03-19 05:53:25,618 INFO  [main] mapreduce.Job (Job.java:monitorAndPrintJob(1391)) - Counters: 33
	File System Counters
		FILE: Number of bytes read=63072
		FILE: Number of bytes written=2092833
		FILE: Number of read operations=0
		FILE: Number of large read operations=0
		FILE: Number of write operations=0
	Map-Reduce Framework
		Map input records=6
		Map output records=14
		Map output bytes=186
		Map output materialized bytes=220
		Input split bytes=124
		Combine input records=0
		Combine output records=0
		Reduce input groups=7
		Reduce shuffle bytes=220
		Reduce input records=14
		Reduce output records=7
		Spilled Records=28
		Shuffled Maps =1
		Failed Shuffles=0
		Merged Map outputs=1
		GC time elapsed (ms)=28
		CPU time spent (ms)=0
		Physical memory (bytes) snapshot=0
		Virtual memory (bytes) snapshot=0
		Total committed heap usage (bytes)=326639616
	Shuffle Errors
		BAD_ID=0
		CONNECTION=0
		IO_ERROR=0
		WRONG_LENGTH=0
		WRONG_MAP=0
		WRONG_REDUCE=0
	File Input Format Counters 
		Bytes Read=240
	File Output Format Counters 
		Bytes Written=261
2021-03-19 05:53:25,651 INFO  [main] jvm.JvmMetrics (JvmMetrics.java:init(71)) - Cannot initialize JVM Metrics with processName=JobTracker, sessionId= - already initialized
2021-03-19 05:53:25,654 WARN  [main] mapreduce.JobSubmitter (JobSubmitter.java:copyAndConfigureFiles(153)) - Hadoop command-line option parsing not performed. Implement the Tool interface and execute your application with ToolRunner to remedy this.
2021-03-19 05:53:25,761 INFO  [main] input.FileInputFormat (FileInputFormat.java:listStatus(281)) - Total input paths to process : 1
2021-03-19 05:53:25,762 INFO  [main] mapreduce.JobSubmitter (JobSubmitter.java:submitJobInternal(494)) - number of splits:1
2021-03-19 05:53:25,771 INFO  [main] mapreduce.JobSubmitter (JobSubmitter.java:printTokens(583)) - Submitting tokens for job: job_local2143498652_0005
2021-03-19 05:53:25,917 INFO  [main] mapreduce.Job (Job.java:submit(1300)) - The url to track the job: http://localhost:8080/
2021-03-19 05:53:25,918 INFO  [main] mapreduce.Job (Job.java:monitorAndPrintJob(1345)) - Running job: job_local2143498652_0005
2021-03-19 05:53:25,919 INFO  [Thread-41] mapred.LocalJobRunner (LocalJobRunner.java:createOutputCommitter(471)) - OutputCommitter set in config null
2021-03-19 05:53:25,920 INFO  [Thread-41] mapred.LocalJobRunner (LocalJobRunner.java:createOutputCommitter(489)) - OutputCommitter is org.apache.hadoop.mapreduce.lib.output.FileOutputCommitter
2021-03-19 05:53:26,249 INFO  [Thread-41] mapred.LocalJobRunner (LocalJobRunner.java:runTasks(448)) - Waiting for map tasks
2021-03-19 05:53:26,250 INFO  [LocalJobRunner Map Task Executor #0] mapred.LocalJobRunner (LocalJobRunner.java:run(224)) - Starting task: attempt_local2143498652_0005_m_000000_0
2021-03-19 05:53:26,251 INFO  [LocalJobRunner Map Task Executor #0] mapred.Task (Task.java:initialize(587)) -  Using ResourceCalculatorProcessTree : [ ]
2021-03-19 05:53:26,251 INFO  [LocalJobRunner Map Task Executor #0] mapred.MapTask (MapTask.java:runNewMapper(753)) - Processing split: file:/home/gxj9834/ramyaproject3/intermediate3/part-r-00000:0+249
2021-03-19 05:53:26,334 INFO  [LocalJobRunner Map Task Executor #0] mapred.MapTask (MapTask.java:setEquator(1202)) - (EQUATOR) 0 kvi 26214396(104857584)
2021-03-19 05:53:26,335 INFO  [LocalJobRunner Map Task Executor #0] mapred.MapTask (MapTask.java:init(995)) - mapreduce.task.io.sort.mb: 100
2021-03-19 05:53:26,335 INFO  [LocalJobRunner Map Task Executor #0] mapred.MapTask (MapTask.java:init(996)) - soft limit at 83886080
2021-03-19 05:53:26,335 INFO  [LocalJobRunner Map Task Executor #0] mapred.MapTask (MapTask.java:init(997)) - bufstart = 0; bufvoid = 104857600
2021-03-19 05:53:26,335 INFO  [LocalJobRunner Map Task Executor #0] mapred.MapTask (MapTask.java:init(998)) - kvstart = 26214396; length = 6553600
2021-03-19 05:53:26,346 INFO  [LocalJobRunner Map Task Executor #0] mapred.MapTask (MapTask.java:createSortingCollector(402)) - Map output collector class = org.apache.hadoop.mapred.MapTask$MapOutputBuffer
2021-03-19 05:53:26,352 INFO  [LocalJobRunner Map Task Executor #0] mapred.LocalJobRunner (LocalJobRunner.java:statusUpdate(591)) - 
2021-03-19 05:53:26,353 INFO  [LocalJobRunner Map Task Executor #0] mapred.MapTask (MapTask.java:flush(1457)) - Starting flush of map output
2021-03-19 05:53:26,353 INFO  [LocalJobRunner Map Task Executor #0] mapred.MapTask (MapTask.java:flush(1475)) - Spilling map output
2021-03-19 05:53:26,353 INFO  [LocalJobRunner Map Task Executor #0] mapred.MapTask (MapTask.java:flush(1476)) - bufstart = 0; bufend = 199; bufvoid = 104857600
2021-03-19 05:53:26,353 INFO  [LocalJobRunner Map Task Executor #0] mapred.MapTask (MapTask.java:flush(1478)) - kvstart = 26214396(104857584); kvend = 26214340(104857360); length = 57/6553600
2021-03-19 05:53:26,354 INFO  [LocalJobRunner Map Task Executor #0] mapred.MapTask (MapTask.java:sortAndSpill(1660)) - Finished spill 0
2021-03-19 05:53:26,356 INFO  [LocalJobRunner Map Task Executor #0] mapred.Task (Task.java:done(1001)) - Task:attempt_local2143498652_0005_m_000000_0 is done. And is in the process of committing
2021-03-19 05:53:26,358 INFO  [LocalJobRunner Map Task Executor #0] mapred.LocalJobRunner (LocalJobRunner.java:statusUpdate(591)) - map
2021-03-19 05:53:26,358 INFO  [LocalJobRunner Map Task Executor #0] mapred.Task (Task.java:sendDone(1121)) - Task 'attempt_local2143498652_0005_m_000000_0' done.
2021-03-19 05:53:26,358 INFO  [LocalJobRunner Map Task Executor #0] mapred.LocalJobRunner (LocalJobRunner.java:run(249)) - Finishing task: attempt_local2143498652_0005_m_000000_0
2021-03-19 05:53:26,359 INFO  [Thread-41] mapred.LocalJobRunner (LocalJobRunner.java:runTasks(456)) - map task executor complete.
2021-03-19 05:53:26,360 INFO  [Thread-41] mapred.LocalJobRunner (LocalJobRunner.java:runTasks(448)) - Waiting for reduce tasks
2021-03-19 05:53:26,360 INFO  [pool-17-thread-1] mapred.LocalJobRunner (LocalJobRunner.java:run(302)) - Starting task: attempt_local2143498652_0005_r_000000_0
2021-03-19 05:53:26,362 INFO  [pool-17-thread-1] mapred.Task (Task.java:initialize(587)) -  Using ResourceCalculatorProcessTree : [ ]
2021-03-19 05:53:26,363 INFO  [pool-17-thread-1] mapred.ReduceTask (ReduceTask.java:run(362)) - Using ShuffleConsumerPlugin: org.apache.hadoop.mapreduce.task.reduce.Shuffle@314862df
2021-03-19 05:53:26,368 INFO  [pool-17-thread-1] reduce.MergeManagerImpl (MergeManagerImpl.java:<init>(196)) - MergerManager: memoryLimit=709551680, maxSingleShuffleLimit=177387920, mergeThreshold=468304128, ioSortFactor=10, memToMemMergeOutputsThreshold=10
2021-03-19 05:53:26,369 INFO  [EventFetcher for fetching Map Completion Events] reduce.EventFetcher (EventFetcher.java:run(61)) - attempt_local2143498652_0005_r_000000_0 Thread started: EventFetcher for fetching Map Completion Events
2021-03-19 05:53:26,372 INFO  [localfetcher#5] reduce.LocalFetcher (LocalFetcher.java:copyMapOutput(141)) - localfetcher#5 about to shuffle output of map attempt_local2143498652_0005_m_000000_0 decomp: 231 len: 235 to MEMORY
2021-03-19 05:53:26,373 INFO  [localfetcher#5] reduce.InMemoryMapOutput (InMemoryMapOutput.java:shuffle(100)) - Read 231 bytes from map-output for attempt_local2143498652_0005_m_000000_0
2021-03-19 05:53:26,373 INFO  [localfetcher#5] reduce.MergeManagerImpl (MergeManagerImpl.java:closeInMemoryFile(314)) - closeInMemoryFile -> map-output of size: 231, inMemoryMapOutputs.size() -> 1, commitMemory -> 0, usedMemory ->231
2021-03-19 05:53:26,374 INFO  [EventFetcher for fetching Map Completion Events] reduce.EventFetcher (EventFetcher.java:run(76)) - EventFetcher is interrupted.. Returning
2021-03-19 05:53:26,374 INFO  [pool-17-thread-1] mapred.LocalJobRunner (LocalJobRunner.java:statusUpdate(591)) - 1 / 1 copied.
2021-03-19 05:53:26,374 INFO  [pool-17-thread-1] reduce.MergeManagerImpl (MergeManagerImpl.java:finalMerge(674)) - finalMerge called with 1 in-memory map-outputs and 0 on-disk map-outputs
2021-03-19 05:53:26,375 INFO  [pool-17-thread-1] mapred.Merger (Merger.java:merge(597)) - Merging 1 sorted segments
2021-03-19 05:53:26,375 INFO  [pool-17-thread-1] mapred.Merger (Merger.java:merge(696)) - Down to the last merge-pass, with 1 segments left of total size: 225 bytes
2021-03-19 05:53:26,376 INFO  [pool-17-thread-1] reduce.MergeManagerImpl (MergeManagerImpl.java:finalMerge(751)) - Merged 1 segments, 231 bytes to disk to satisfy reduce memory limit
2021-03-19 05:53:26,376 INFO  [pool-17-thread-1] reduce.MergeManagerImpl (MergeManagerImpl.java:finalMerge(781)) - Merging 1 files, 235 bytes from disk
2021-03-19 05:53:26,376 INFO  [pool-17-thread-1] reduce.MergeManagerImpl (MergeManagerImpl.java:finalMerge(796)) - Merging 0 segments, 0 bytes from memory into reduce
2021-03-19 05:53:26,376 INFO  [pool-17-thread-1] mapred.Merger (Merger.java:merge(597)) - Merging 1 sorted segments
2021-03-19 05:53:26,376 INFO  [pool-17-thread-1] mapred.Merger (Merger.java:merge(696)) - Down to the last merge-pass, with 1 segments left of total size: 225 bytes
2021-03-19 05:53:26,377 INFO  [pool-17-thread-1] mapred.LocalJobRunner (LocalJobRunner.java:statusUpdate(591)) - 1 / 1 copied.
2021-03-19 05:53:26,564 INFO  [pool-17-thread-1] mapred.Task (Task.java:done(1001)) - Task:attempt_local2143498652_0005_r_000000_0 is done. And is in the process of committing
2021-03-19 05:53:26,565 INFO  [pool-17-thread-1] mapred.LocalJobRunner (LocalJobRunner.java:statusUpdate(591)) - 1 / 1 copied.
2021-03-19 05:53:26,566 INFO  [pool-17-thread-1] mapred.Task (Task.java:commit(1162)) - Task attempt_local2143498652_0005_r_000000_0 is allowed to commit now
2021-03-19 05:53:26,624 INFO  [pool-17-thread-1] output.FileOutputCommitter (FileOutputCommitter.java:commitTask(439)) - Saved output of task 'attempt_local2143498652_0005_r_000000_0' to file:/home/gxj9834/ramyaproject3/intermediate4/_temporary/0/task_local2143498652_0005_r_000000
2021-03-19 05:53:26,625 INFO  [pool-17-thread-1] mapred.LocalJobRunner (LocalJobRunner.java:statusUpdate(591)) - reduce > reduce
2021-03-19 05:53:26,625 INFO  [pool-17-thread-1] mapred.Task (Task.java:sendDone(1121)) - Task 'attempt_local2143498652_0005_r_000000_0' done.
2021-03-19 05:53:26,625 INFO  [pool-17-thread-1] mapred.LocalJobRunner (LocalJobRunner.java:run(325)) - Finishing task: attempt_local2143498652_0005_r_000000_0
2021-03-19 05:53:26,625 INFO  [Thread-41] mapred.LocalJobRunner (LocalJobRunner.java:runTasks(456)) - reduce task executor complete.
2021-03-19 05:53:26,919 INFO  [main] mapreduce.Job (Job.java:monitorAndPrintJob(1366)) - Job job_local2143498652_0005 running in uber mode : false
2021-03-19 05:53:26,919 INFO  [main] mapreduce.Job (Job.java:monitorAndPrintJob(1373)) -  map 100% reduce 100%
2021-03-19 05:53:27,919 INFO  [main] mapreduce.Job (Job.java:monitorAndPrintJob(1384)) - Job job_local2143498652_0005 completed successfully
2021-03-19 05:53:27,921 INFO  [main] mapreduce.Job (Job.java:monitorAndPrintJob(1391)) - Counters: 33
	File System Counters
		FILE: Number of bytes read=79350
		FILE: Number of bytes written=2618482
		FILE: Number of read operations=0
		FILE: Number of large read operations=0
		FILE: Number of write operations=0
	Map-Reduce Framework
		Map input records=7
		Map output records=15
		Map output bytes=199
		Map output materialized bytes=235
		Input split bytes=124
		Combine input records=0
		Combine output records=0
		Reduce input groups=7
		Reduce shuffle bytes=235
		Reduce input records=15
		Reduce output records=7
		Spilled Records=30
		Shuffled Maps =1
		Failed Shuffles=0
		Merged Map outputs=1
		GC time elapsed (ms)=22
		CPU time spent (ms)=0
		Physical memory (bytes) snapshot=0
		Virtual memory (bytes) snapshot=0
		Total committed heap usage (bytes)=372252672
	Shuffle Errors
		BAD_ID=0
		CONNECTION=0
		IO_ERROR=0
		WRONG_LENGTH=0
		WRONG_MAP=0
		WRONG_REDUCE=0
	File Input Format Counters 
		Bytes Read=261
	File Output Format Counters 
		Bytes Written=261
2021-03-19 05:53:27,948 INFO  [main] jvm.JvmMetrics (JvmMetrics.java:init(71)) - Cannot initialize JVM Metrics with processName=JobTracker, sessionId= - already initialized
2021-03-19 05:53:27,951 WARN  [main] mapreduce.JobSubmitter (JobSubmitter.java:copyAndConfigureFiles(153)) - Hadoop command-line option parsing not performed. Implement the Tool interface and execute your application with ToolRunner to remedy this.
2021-03-19 05:53:28,168 INFO  [main] input.FileInputFormat (FileInputFormat.java:listStatus(281)) - Total input paths to process : 1
2021-03-19 05:53:28,169 INFO  [main] mapreduce.JobSubmitter (JobSubmitter.java:submitJobInternal(494)) - number of splits:1
2021-03-19 05:53:28,190 INFO  [main] mapreduce.JobSubmitter (JobSubmitter.java:printTokens(583)) - Submitting tokens for job: job_local2022119153_0006
2021-03-19 05:53:28,301 INFO  [main] mapreduce.Job (Job.java:submit(1300)) - The url to track the job: http://localhost:8080/
2021-03-19 05:53:28,301 INFO  [main] mapreduce.Job (Job.java:monitorAndPrintJob(1345)) - Running job: job_local2022119153_0006
2021-03-19 05:53:28,302 INFO  [Thread-50] mapred.LocalJobRunner (LocalJobRunner.java:createOutputCommitter(471)) - OutputCommitter set in config null
2021-03-19 05:53:28,302 INFO  [Thread-50] mapred.LocalJobRunner (LocalJobRunner.java:createOutputCommitter(489)) - OutputCommitter is org.apache.hadoop.mapreduce.lib.output.FileOutputCommitter
2021-03-19 05:53:28,535 INFO  [Thread-50] mapred.LocalJobRunner (LocalJobRunner.java:runTasks(448)) - Waiting for map tasks
2021-03-19 05:53:28,536 INFO  [LocalJobRunner Map Task Executor #0] mapred.LocalJobRunner (LocalJobRunner.java:run(224)) - Starting task: attempt_local2022119153_0006_m_000000_0
2021-03-19 05:53:28,537 INFO  [LocalJobRunner Map Task Executor #0] mapred.Task (Task.java:initialize(587)) -  Using ResourceCalculatorProcessTree : [ ]
2021-03-19 05:53:28,538 INFO  [LocalJobRunner Map Task Executor #0] mapred.MapTask (MapTask.java:runNewMapper(753)) - Processing split: file:/home/gxj9834/ramyaproject3/intermediate4/part-r-00000:0+249
2021-03-19 05:53:28,645 INFO  [LocalJobRunner Map Task Executor #0] mapred.MapTask (MapTask.java:setEquator(1202)) - (EQUATOR) 0 kvi 26214396(104857584)
2021-03-19 05:53:28,645 INFO  [LocalJobRunner Map Task Executor #0] mapred.MapTask (MapTask.java:init(995)) - mapreduce.task.io.sort.mb: 100
2021-03-19 05:53:28,645 INFO  [LocalJobRunner Map Task Executor #0] mapred.MapTask (MapTask.java:init(996)) - soft limit at 83886080
2021-03-19 05:53:28,645 INFO  [LocalJobRunner Map Task Executor #0] mapred.MapTask (MapTask.java:init(997)) - bufstart = 0; bufvoid = 104857600
2021-03-19 05:53:28,645 INFO  [LocalJobRunner Map Task Executor #0] mapred.MapTask (MapTask.java:init(998)) - kvstart = 26214396; length = 6553600
2021-03-19 05:53:28,659 INFO  [LocalJobRunner Map Task Executor #0] mapred.MapTask (MapTask.java:createSortingCollector(402)) - Map output collector class = org.apache.hadoop.mapred.MapTask$MapOutputBuffer
2021-03-19 05:53:28,661 INFO  [LocalJobRunner Map Task Executor #0] mapred.LocalJobRunner (LocalJobRunner.java:statusUpdate(591)) - 
2021-03-19 05:53:28,665 INFO  [LocalJobRunner Map Task Executor #0] mapred.MapTask (MapTask.java:flush(1457)) - Starting flush of map output
2021-03-19 05:53:28,665 INFO  [LocalJobRunner Map Task Executor #0] mapred.MapTask (MapTask.java:flush(1475)) - Spilling map output
2021-03-19 05:53:28,665 INFO  [LocalJobRunner Map Task Executor #0] mapred.MapTask (MapTask.java:flush(1476)) - bufstart = 0; bufend = 199; bufvoid = 104857600
2021-03-19 05:53:28,665 INFO  [LocalJobRunner Map Task Executor #0] mapred.MapTask (MapTask.java:flush(1478)) - kvstart = 26214396(104857584); kvend = 26214340(104857360); length = 57/6553600
2021-03-19 05:53:28,666 INFO  [LocalJobRunner Map Task Executor #0] mapred.MapTask (MapTask.java:sortAndSpill(1660)) - Finished spill 0
2021-03-19 05:53:28,667 INFO  [LocalJobRunner Map Task Executor #0] mapred.Task (Task.java:done(1001)) - Task:attempt_local2022119153_0006_m_000000_0 is done. And is in the process of committing
2021-03-19 05:53:28,669 INFO  [LocalJobRunner Map Task Executor #0] mapred.LocalJobRunner (LocalJobRunner.java:statusUpdate(591)) - map
2021-03-19 05:53:28,669 INFO  [LocalJobRunner Map Task Executor #0] mapred.Task (Task.java:sendDone(1121)) - Task 'attempt_local2022119153_0006_m_000000_0' done.
2021-03-19 05:53:28,669 INFO  [LocalJobRunner Map Task Executor #0] mapred.LocalJobRunner (LocalJobRunner.java:run(249)) - Finishing task: attempt_local2022119153_0006_m_000000_0
2021-03-19 05:53:28,669 INFO  [Thread-50] mapred.LocalJobRunner (LocalJobRunner.java:runTasks(456)) - map task executor complete.
2021-03-19 05:53:28,683 INFO  [Thread-50] mapred.LocalJobRunner (LocalJobRunner.java:runTasks(448)) - Waiting for reduce tasks
2021-03-19 05:53:28,684 INFO  [pool-20-thread-1] mapred.LocalJobRunner (LocalJobRunner.java:run(302)) - Starting task: attempt_local2022119153_0006_r_000000_0
2021-03-19 05:53:28,696 INFO  [pool-20-thread-1] mapred.Task (Task.java:initialize(587)) -  Using ResourceCalculatorProcessTree : [ ]
2021-03-19 05:53:28,697 INFO  [pool-20-thread-1] mapred.ReduceTask (ReduceTask.java:run(362)) - Using ShuffleConsumerPlugin: org.apache.hadoop.mapreduce.task.reduce.Shuffle@f0a2009
2021-03-19 05:53:28,697 INFO  [pool-20-thread-1] reduce.MergeManagerImpl (MergeManagerImpl.java:<init>(196)) - MergerManager: memoryLimit=709551680, maxSingleShuffleLimit=177387920, mergeThreshold=468304128, ioSortFactor=10, memToMemMergeOutputsThreshold=10
2021-03-19 05:53:28,699 INFO  [EventFetcher for fetching Map Completion Events] reduce.EventFetcher (EventFetcher.java:run(61)) - attempt_local2022119153_0006_r_000000_0 Thread started: EventFetcher for fetching Map Completion Events
2021-03-19 05:53:28,701 INFO  [localfetcher#6] reduce.LocalFetcher (LocalFetcher.java:copyMapOutput(141)) - localfetcher#6 about to shuffle output of map attempt_local2022119153_0006_m_000000_0 decomp: 231 len: 235 to MEMORY
2021-03-19 05:53:28,701 INFO  [localfetcher#6] reduce.InMemoryMapOutput (InMemoryMapOutput.java:shuffle(100)) - Read 231 bytes from map-output for attempt_local2022119153_0006_m_000000_0
2021-03-19 05:53:28,701 INFO  [localfetcher#6] reduce.MergeManagerImpl (MergeManagerImpl.java:closeInMemoryFile(314)) - closeInMemoryFile -> map-output of size: 231, inMemoryMapOutputs.size() -> 1, commitMemory -> 0, usedMemory ->231
2021-03-19 05:53:28,702 INFO  [EventFetcher for fetching Map Completion Events] reduce.EventFetcher (EventFetcher.java:run(76)) - EventFetcher is interrupted.. Returning
2021-03-19 05:53:28,702 INFO  [pool-20-thread-1] mapred.LocalJobRunner (LocalJobRunner.java:statusUpdate(591)) - 1 / 1 copied.
2021-03-19 05:53:28,702 INFO  [pool-20-thread-1] reduce.MergeManagerImpl (MergeManagerImpl.java:finalMerge(674)) - finalMerge called with 1 in-memory map-outputs and 0 on-disk map-outputs
2021-03-19 05:53:28,703 INFO  [pool-20-thread-1] mapred.Merger (Merger.java:merge(597)) - Merging 1 sorted segments
2021-03-19 05:53:28,703 INFO  [pool-20-thread-1] mapred.Merger (Merger.java:merge(696)) - Down to the last merge-pass, with 1 segments left of total size: 225 bytes
2021-03-19 05:53:28,705 INFO  [pool-20-thread-1] reduce.MergeManagerImpl (MergeManagerImpl.java:finalMerge(751)) - Merged 1 segments, 231 bytes to disk to satisfy reduce memory limit
2021-03-19 05:53:28,706 INFO  [pool-20-thread-1] reduce.MergeManagerImpl (MergeManagerImpl.java:finalMerge(781)) - Merging 1 files, 235 bytes from disk
2021-03-19 05:53:28,706 INFO  [pool-20-thread-1] reduce.MergeManagerImpl (MergeManagerImpl.java:finalMerge(796)) - Merging 0 segments, 0 bytes from memory into reduce
2021-03-19 05:53:28,706 INFO  [pool-20-thread-1] mapred.Merger (Merger.java:merge(597)) - Merging 1 sorted segments
2021-03-19 05:53:28,706 INFO  [pool-20-thread-1] mapred.Merger (Merger.java:merge(696)) - Down to the last merge-pass, with 1 segments left of total size: 225 bytes
2021-03-19 05:53:28,706 INFO  [pool-20-thread-1] mapred.LocalJobRunner (LocalJobRunner.java:statusUpdate(591)) - 1 / 1 copied.
2021-03-19 05:53:29,302 INFO  [main] mapreduce.Job (Job.java:monitorAndPrintJob(1366)) - Job job_local2022119153_0006 running in uber mode : false
2021-03-19 05:53:29,302 INFO  [main] mapreduce.Job (Job.java:monitorAndPrintJob(1373)) -  map 100% reduce 0%
2021-03-19 05:53:29,632 INFO  [pool-20-thread-1] mapred.Task (Task.java:done(1001)) - Task:attempt_local2022119153_0006_r_000000_0 is done. And is in the process of committing
2021-03-19 05:53:29,633 INFO  [pool-20-thread-1] mapred.LocalJobRunner (LocalJobRunner.java:statusUpdate(591)) - 1 / 1 copied.
2021-03-19 05:53:29,633 INFO  [pool-20-thread-1] mapred.Task (Task.java:commit(1162)) - Task attempt_local2022119153_0006_r_000000_0 is allowed to commit now
2021-03-19 05:53:29,854 INFO  [pool-20-thread-1] output.FileOutputCommitter (FileOutputCommitter.java:commitTask(439)) - Saved output of task 'attempt_local2022119153_0006_r_000000_0' to file:/home/gxj9834/ramyaproject3/intermediate5/_temporary/0/task_local2022119153_0006_r_000000
2021-03-19 05:53:29,855 INFO  [pool-20-thread-1] mapred.LocalJobRunner (LocalJobRunner.java:statusUpdate(591)) - reduce > reduce
2021-03-19 05:53:29,855 INFO  [pool-20-thread-1] mapred.Task (Task.java:sendDone(1121)) - Task 'attempt_local2022119153_0006_r_000000_0' done.
2021-03-19 05:53:29,855 INFO  [pool-20-thread-1] mapred.LocalJobRunner (LocalJobRunner.java:run(325)) - Finishing task: attempt_local2022119153_0006_r_000000_0
2021-03-19 05:53:29,857 INFO  [Thread-50] mapred.LocalJobRunner (LocalJobRunner.java:runTasks(456)) - reduce task executor complete.
2021-03-19 05:53:30,302 INFO  [main] mapreduce.Job (Job.java:monitorAndPrintJob(1373)) -  map 100% reduce 100%
2021-03-19 05:53:30,303 INFO  [main] mapreduce.Job (Job.java:monitorAndPrintJob(1384)) - Job job_local2022119153_0006 completed successfully
2021-03-19 05:53:30,305 INFO  [main] mapreduce.Job (Job.java:monitorAndPrintJob(1391)) - Counters: 33
	File System Counters
		FILE: Number of bytes read=95658
		FILE: Number of bytes written=3144146
		FILE: Number of read operations=0
		FILE: Number of large read operations=0
		FILE: Number of write operations=0
	Map-Reduce Framework
		Map input records=7
		Map output records=15
		Map output bytes=199
		Map output materialized bytes=235
		Input split bytes=124
		Combine input records=0
		Combine output records=0
		Reduce input groups=7
		Reduce shuffle bytes=235
		Reduce input records=15
		Reduce output records=7
		Spilled Records=30
		Shuffled Maps =1
		Failed Shuffles=0
		Merged Map outputs=1
		GC time elapsed (ms)=21
		CPU time spent (ms)=0
		Physical memory (bytes) snapshot=0
		Virtual memory (bytes) snapshot=0
		Total committed heap usage (bytes)=372260864
	Shuffle Errors
		BAD_ID=0
		CONNECTION=0
		IO_ERROR=0
		WRONG_LENGTH=0
		WRONG_MAP=0
		WRONG_REDUCE=0
	File Input Format Counters 
		Bytes Read=261
	File Output Format Counters 
		Bytes Written=261
2021-03-19 05:53:30,330 INFO  [main] jvm.JvmMetrics (JvmMetrics.java:init(71)) - Cannot initialize JVM Metrics with processName=JobTracker, sessionId= - already initialized
2021-03-19 05:53:30,331 WARN  [main] mapreduce.JobSubmitter (JobSubmitter.java:copyAndConfigureFiles(153)) - Hadoop command-line option parsing not performed. Implement the Tool interface and execute your application with ToolRunner to remedy this.
2021-03-19 05:53:30,403 INFO  [main] input.FileInputFormat (FileInputFormat.java:listStatus(281)) - Total input paths to process : 1
2021-03-19 05:53:30,404 INFO  [main] mapreduce.JobSubmitter (JobSubmitter.java:submitJobInternal(494)) - number of splits:1
2021-03-19 05:53:30,417 INFO  [main] mapreduce.JobSubmitter (JobSubmitter.java:printTokens(583)) - Submitting tokens for job: job_local37874688_0007
2021-03-19 05:53:30,533 INFO  [main] mapreduce.Job (Job.java:submit(1300)) - The url to track the job: http://localhost:8080/
2021-03-19 05:53:30,534 INFO  [main] mapreduce.Job (Job.java:monitorAndPrintJob(1345)) - Running job: job_local37874688_0007
2021-03-19 05:53:30,534 INFO  [Thread-59] mapred.LocalJobRunner (LocalJobRunner.java:createOutputCommitter(471)) - OutputCommitter set in config null
2021-03-19 05:53:30,534 INFO  [Thread-59] mapred.LocalJobRunner (LocalJobRunner.java:createOutputCommitter(489)) - OutputCommitter is org.apache.hadoop.mapreduce.lib.output.FileOutputCommitter
2021-03-19 05:53:30,872 INFO  [Thread-59] mapred.LocalJobRunner (LocalJobRunner.java:runTasks(448)) - Waiting for map tasks
2021-03-19 05:53:30,872 INFO  [LocalJobRunner Map Task Executor #0] mapred.LocalJobRunner (LocalJobRunner.java:run(224)) - Starting task: attempt_local37874688_0007_m_000000_0
2021-03-19 05:53:30,873 INFO  [LocalJobRunner Map Task Executor #0] mapred.Task (Task.java:initialize(587)) -  Using ResourceCalculatorProcessTree : [ ]
2021-03-19 05:53:30,874 INFO  [LocalJobRunner Map Task Executor #0] mapred.MapTask (MapTask.java:runNewMapper(753)) - Processing split: file:/home/gxj9834/ramyaproject3/intermediate5/part-r-00000:0+249
2021-03-19 05:53:31,285 INFO  [LocalJobRunner Map Task Executor #0] mapred.LocalJobRunner (LocalJobRunner.java:statusUpdate(591)) - 
2021-03-19 05:53:31,343 INFO  [LocalJobRunner Map Task Executor #0] mapred.Task (Task.java:done(1001)) - Task:attempt_local37874688_0007_m_000000_0 is done. And is in the process of committing
2021-03-19 05:53:31,344 INFO  [LocalJobRunner Map Task Executor #0] mapred.LocalJobRunner (LocalJobRunner.java:statusUpdate(591)) - 
2021-03-19 05:53:31,344 INFO  [LocalJobRunner Map Task Executor #0] mapred.Task (Task.java:commit(1162)) - Task attempt_local37874688_0007_m_000000_0 is allowed to commit now
2021-03-19 05:53:31,354 INFO  [LocalJobRunner Map Task Executor #0] output.FileOutputCommitter (FileOutputCommitter.java:commitTask(439)) - Saved output of task 'attempt_local37874688_0007_m_000000_0' to file:/home/gxj9834/ramyaproject3/output/_temporary/0/task_local37874688_0007_m_000000
2021-03-19 05:53:31,355 INFO  [LocalJobRunner Map Task Executor #0] mapred.LocalJobRunner (LocalJobRunner.java:statusUpdate(591)) - map
2021-03-19 05:53:31,355 INFO  [LocalJobRunner Map Task Executor #0] mapred.Task (Task.java:sendDone(1121)) - Task 'attempt_local37874688_0007_m_000000_0' done.
2021-03-19 05:53:31,355 INFO  [LocalJobRunner Map Task Executor #0] mapred.LocalJobRunner (LocalJobRunner.java:run(249)) - Finishing task: attempt_local37874688_0007_m_000000_0
2021-03-19 05:53:31,355 INFO  [Thread-59] mapred.LocalJobRunner (LocalJobRunner.java:runTasks(456)) - map task executor complete.
2021-03-19 05:53:31,534 INFO  [main] mapreduce.Job (Job.java:monitorAndPrintJob(1366)) - Job job_local37874688_0007 running in uber mode : false
2021-03-19 05:53:31,534 INFO  [main] mapreduce.Job (Job.java:monitorAndPrintJob(1373)) -  map 100% reduce 0%
2021-03-19 05:53:32,535 INFO  [main] mapreduce.Job (Job.java:monitorAndPrintJob(1384)) - Job job_local37874688_0007 completed successfully
2021-03-19 05:53:32,536 INFO  [main] mapreduce.Job (Job.java:monitorAndPrintJob(1391)) - Counters: 18
	File System Counters
		FILE: Number of bytes read=55732
		FILE: Number of bytes written=1831088
		FILE: Number of read operations=0
		FILE: Number of large read operations=0
		FILE: Number of write operations=0
	Map-Reduce Framework
		Map input records=7
		Map output records=6
		Input split bytes=124
		Spilled Records=0
		Failed Shuffles=0
		Merged Map outputs=0
		GC time elapsed (ms)=0
		CPU time spent (ms)=0
		Physical memory (bytes) snapshot=0
		Virtual memory (bytes) snapshot=0
		Total committed heap usage (bytes)=186130432
	File Input Format Counters 
		Bytes Read=261
	File Output Format Counters 
		Bytes Written=36
