which: no hadoop in (/opt/mvapich2/intel/ib/bin:/opt/intel/2018.1.163/compilers_and_libraries_2018.1.163/linux/bin/intel64:/usr/lib64/qt-3.3/bin:/usr/local/bin:/bin:/usr/bin:/usr/bin:/usr/local/sbin:/usr/sbin:/opt/sdsc/bin:/opt/sdsc/sbin:/opt/ibutils/bin:/opt/pdsh/bin:/opt/rocks/bin:/opt/rocks/sbin:/home/gxj9834/bin)
21/04/12 07:29:47 INFO pig.ExecTypeProvider: Trying ExecType : LOCAL
21/04/12 07:29:47 INFO pig.ExecTypeProvider: Picked LOCAL as the ExecType
2021-04-12 07:29:47,256 [main] INFO  org.apache.pig.Main - Apache Pig version 0.16.0 (r1746530) compiled Jun 01 2016, 23:09:59
2021-04-12 07:29:47,256 [main] INFO  org.apache.pig.Main - Logging error messages to: /home/gxj9834/project6/examples/pig_1618237787253.log
2021-04-12 07:29:47,429 [main] INFO  org.apache.pig.impl.util.Utils - Default bootup file /home/gxj9834/.pigbootup not found
2021-04-12 07:29:47,545 [main] INFO  org.apache.pig.backend.hadoop.executionengine.HExecutionEngine - Connecting to hadoop file system at: file:///
2021-04-12 07:29:47,574 [main] INFO  org.apache.pig.PigServer - Pig Script ID for the session: 
2021-04-12 07:29:47,574 [main] WARN  org.apache.pig.PigServer - ATS is disabled since yarn.timeline-service.enabled set to false
2021-04-12 07:29:48,213 [main] INFO  org.apache.pig.tools.pigstats.ScriptState - Pig features used in the script: HASH_JOIN
2021-04-12 07:29:48,371 [main] INFO  org.apache.pig.newplan.logical.optimizer.LogicalPlanOptimizer - {RULES_ENABLED=[AddForEach, ColumnMapKeyPrune, ConstantCalculator, GroupByConstParallelSetter, LimitOptimizer, LoadTypeCastInserter, MergeFilter, MergeForEach, PartitionFilterOptimizer, PredicatePushdownOptimizer, PushDownForEachFlatten, PushUpFilter, SplitFilter, StreamTypeCastInserter]}
2021-04-12 07:29:48,418 [main] INFO  org.apache.pig.impl.util.SpillableMemoryManager - Selected heap (Tenured Gen) of size 699072512 to monitor. collectionUsageThreshold = 489350752, usageThreshold = 489350752
2021-04-12 07:29:48,457 [main] INFO  org.apache.pig.backend.hadoop.executionengine.mapReduceLayer.MRCompiler - File concatenation threshold: 100 optimistic? false
2021-04-12 07:29:48,479 [main] INFO  org.apache.pig.backend.hadoop.executionengine.mapReduceLayer.MRCompiler$LastInputStreamingOptimizer - Rewrite: POPackage->POForEach to POPackage(JoinPackager)
2021-04-12 07:29:48,482 [main] INFO  org.apache.pig.backend.hadoop.executionengine.mapReduceLayer.MultiQueryOptimizer - MR plan size before optimization: 1
2021-04-12 07:29:48,482 [main] INFO  org.apache.pig.backend.hadoop.executionengine.mapReduceLayer.MultiQueryOptimizer - MR plan size after optimization: 1
2021-04-12 07:29:48,538 [main] INFO  org.apache.pig.tools.pigstats.mapreduce.MRScriptState - Pig script settings are added to the job
2021-04-12 07:29:48,552 [main] INFO  org.apache.pig.backend.hadoop.executionengine.mapReduceLayer.JobControlCompiler - mapred.job.reduce.markreset.buffer.percent is not set, set to default 0.3
2021-04-12 07:29:48,553 [main] INFO  org.apache.pig.backend.hadoop.executionengine.mapReduceLayer.JobControlCompiler - Reduce phase detected, estimating # of required reducers.
2021-04-12 07:29:48,554 [main] INFO  org.apache.pig.backend.hadoop.executionengine.mapReduceLayer.JobControlCompiler - Using reducer estimator: org.apache.pig.backend.hadoop.executionengine.mapReduceLayer.InputSizeReducerEstimator
2021-04-12 07:29:48,571 [main] INFO  org.apache.pig.backend.hadoop.executionengine.mapReduceLayer.InputSizeReducerEstimator - BytesPerReducer=1000000000 maxReducers=999 totalInputFileSize=75
2021-04-12 07:29:48,571 [main] INFO  org.apache.pig.backend.hadoop.executionengine.mapReduceLayer.JobControlCompiler - Setting Parallelism to 1
2021-04-12 07:29:48,582 [main] INFO  org.apache.pig.backend.hadoop.executionengine.mapReduceLayer.JobControlCompiler - Setting up single store job
2021-04-12 07:29:48,594 [main] INFO  org.apache.pig.data.SchemaTupleFrontend - Key [pig.schematuple] is false, will not generate code.
2021-04-12 07:29:48,594 [main] INFO  org.apache.pig.data.SchemaTupleFrontend - Starting process to move generated code to distributed cacche
2021-04-12 07:29:48,594 [main] INFO  org.apache.pig.data.SchemaTupleFrontend - Distributed cache not supported or needed in local mode. Setting key [pig.schematuple.local.dir] with code temp directory: /tmp/1618237788594-0
2021-04-12 07:29:48,688 [main] INFO  org.apache.pig.backend.hadoop.executionengine.mapReduceLayer.MapReduceLauncher - 1 map-reduce job(s) waiting for submission.
2021-04-12 07:29:48,701 [JobControl] WARN  org.apache.hadoop.util.NativeCodeLoader - Unable to load native-hadoop library for your platform... using builtin-java classes where applicable
2021-04-12 07:29:48,705 [JobControl] WARN  org.apache.hadoop.mapred.JobClient - No job jar file set.  User classes may not be found. See JobConf(Class) or JobConf#setJar(String).
2021-04-12 07:29:48,774 [JobControl] INFO  org.apache.pig.builtin.PigStorage - Using PigTextInputFormat
2021-04-12 07:29:48,778 [JobControl] INFO  org.apache.hadoop.mapreduce.lib.input.FileInputFormat - Total input paths to process : 1
2021-04-12 07:29:48,778 [JobControl] INFO  org.apache.pig.backend.hadoop.executionengine.util.MapRedUtil - Total input paths to process : 1
2021-04-12 07:29:48,783 [JobControl] WARN  org.apache.hadoop.io.compress.snappy.LoadSnappy - Snappy native library is available
2021-04-12 07:29:48,783 [JobControl] WARN  org.apache.hadoop.io.compress.snappy.LoadSnappy - Snappy native library not loaded
2021-04-12 07:29:48,786 [JobControl] INFO  org.apache.pig.backend.hadoop.executionengine.util.MapRedUtil - Total input paths (combined) to process : 1
2021-04-12 07:29:48,789 [JobControl] INFO  org.apache.pig.builtin.PigStorage - Using PigTextInputFormat
2021-04-12 07:29:48,803 [JobControl] INFO  org.apache.hadoop.mapreduce.lib.input.FileInputFormat - Total input paths to process : 1
2021-04-12 07:29:48,804 [JobControl] INFO  org.apache.pig.backend.hadoop.executionengine.util.MapRedUtil - Total input paths to process : 1
2021-04-12 07:29:48,805 [JobControl] INFO  org.apache.pig.backend.hadoop.executionengine.util.MapRedUtil - Total input paths (combined) to process : 1
2021-04-12 07:29:49,189 [main] INFO  org.apache.pig.backend.hadoop.executionengine.mapReduceLayer.MapReduceLauncher - HadoopJobId: job_local_0001
2021-04-12 07:29:49,189 [main] INFO  org.apache.pig.backend.hadoop.executionengine.mapReduceLayer.MapReduceLauncher - Processing aliases D,E,J,O
2021-04-12 07:29:49,189 [main] INFO  org.apache.pig.backend.hadoop.executionengine.mapReduceLayer.MapReduceLauncher - detailed locations: M: D[2,4],D[-1,-1],J[3,4],E[1,4],E[-1,-1],J[3,4] C:  R: O[4,4]
2021-04-12 07:29:49,191 [main] INFO  org.apache.pig.backend.hadoop.executionengine.mapReduceLayer.MapReduceLauncher - 0% complete
2021-04-12 07:29:49,191 [main] INFO  org.apache.pig.backend.hadoop.executionengine.mapReduceLayer.MapReduceLauncher - Running jobs are [job_local_0001]
2021-04-12 07:29:49,346 [Thread-3] INFO  org.apache.hadoop.util.ProcessTree - setsid exited with exit code 0
2021-04-12 07:29:49,374 [Thread-3] INFO  org.apache.hadoop.mapred.Task -  Using ResourceCalculatorPlugin : org.apache.hadoop.util.LinuxResourceCalculatorPlugin@3317bdb0
2021-04-12 07:29:49,398 [Thread-3] INFO  org.apache.pig.builtin.PigStorage - Using PigTextInputFormat
2021-04-12 07:29:49,399 [Thread-3] INFO  org.apache.pig.backend.hadoop.executionengine.mapReduceLayer.PigRecordReader - Current split being processed file:/home/gxj9834/project6/examples/e.txt:0+64
2021-04-12 07:29:49,404 [Thread-3] INFO  org.apache.hadoop.mapred.MapTask - io.sort.mb = 100
2021-04-12 07:29:49,492 [Thread-3] INFO  org.apache.hadoop.mapred.MapTask - data buffer = 79691776/99614720
2021-04-12 07:29:49,492 [Thread-3] INFO  org.apache.hadoop.mapred.MapTask - record buffer = 262144/327680
2021-04-12 07:29:49,507 [Thread-3] INFO  org.apache.pig.impl.util.SpillableMemoryManager - Selected heap (Tenured Gen) of size 699072512 to monitor. collectionUsageThreshold = 489350752, usageThreshold = 489350752
2021-04-12 07:29:49,508 [Thread-3] INFO  org.apache.pig.data.SchemaTupleBackend - Key [pig.schematuple] was not set... will not generate code.
2021-04-12 07:29:49,533 [Thread-3] INFO  org.apache.pig.backend.hadoop.executionengine.mapReduceLayer.PigGenericMapReduce$Map - Aliases being processed per job phase (AliasName[line,offset]): M: D[2,4],D[-1,-1],J[3,4],E[1,4],E[-1,-1],J[3,4] C:  R: O[4,4]
2021-04-12 07:29:49,544 [Thread-3] INFO  org.apache.hadoop.mapred.MapTask - Starting flush of map output
2021-04-12 07:29:49,549 [Thread-3] INFO  org.apache.hadoop.mapred.MapTask - Finished spill 0
2021-04-12 07:29:49,557 [Thread-3] INFO  org.apache.hadoop.mapred.Task - Task:attempt_local_0001_m_000000_0 is done. And is in the process of commiting
2021-04-12 07:29:52,322 [Thread-3] INFO  org.apache.hadoop.mapred.LocalJobRunner - 
2021-04-12 07:29:52,322 [Thread-3] INFO  org.apache.hadoop.mapred.Task - Task 'attempt_local_0001_m_000000_0' done.
2021-04-12 07:29:52,325 [Thread-3] INFO  org.apache.hadoop.mapred.Task -  Using ResourceCalculatorPlugin : org.apache.hadoop.util.LinuxResourceCalculatorPlugin@7038b00d
2021-04-12 07:29:52,327 [Thread-3] INFO  org.apache.pig.builtin.PigStorage - Using PigTextInputFormat
2021-04-12 07:29:52,327 [Thread-3] INFO  org.apache.pig.backend.hadoop.executionengine.mapReduceLayer.PigRecordReader - Current split being processed file:/home/gxj9834/project6/examples/d.txt:0+11
2021-04-12 07:29:52,327 [Thread-3] INFO  org.apache.hadoop.mapred.MapTask - io.sort.mb = 100
2021-04-12 07:29:52,371 [Thread-3] INFO  org.apache.hadoop.mapred.MapTask - data buffer = 79691776/99614720
2021-04-12 07:29:52,371 [Thread-3] INFO  org.apache.hadoop.mapred.MapTask - record buffer = 262144/327680
2021-04-12 07:29:52,373 [Thread-3] INFO  org.apache.pig.impl.util.SpillableMemoryManager - Selected heap (Tenured Gen) of size 699072512 to monitor. collectionUsageThreshold = 489350752, usageThreshold = 489350752
2021-04-12 07:29:52,374 [Thread-3] WARN  org.apache.pig.data.SchemaTupleBackend - SchemaTupleBackend has already been initialized
2021-04-12 07:29:52,378 [Thread-3] INFO  org.apache.pig.backend.hadoop.executionengine.mapReduceLayer.PigGenericMapReduce$Map - Aliases being processed per job phase (AliasName[line,offset]): M: D[2,4],D[-1,-1],J[3,4],E[1,4],E[-1,-1],J[3,4] C:  R: O[4,4]
2021-04-12 07:29:52,390 [Thread-3] INFO  org.apache.hadoop.mapred.MapTask - Starting flush of map output
2021-04-12 07:29:52,391 [Thread-3] INFO  org.apache.hadoop.mapred.MapTask - Finished spill 0
2021-04-12 07:29:52,393 [Thread-3] INFO  org.apache.hadoop.mapred.Task - Task:attempt_local_0001_m_000001_0 is done. And is in the process of commiting
2021-04-12 07:29:52,692 [main] INFO  org.apache.pig.backend.hadoop.executionengine.mapReduceLayer.MapReduceLauncher - 50% complete
2021-04-12 07:29:52,692 [main] INFO  org.apache.pig.backend.hadoop.executionengine.mapReduceLayer.MapReduceLauncher - Running jobs are [job_local_0001]
2021-04-12 07:29:55,359 [Thread-3] INFO  org.apache.hadoop.mapred.LocalJobRunner - 
2021-04-12 07:29:55,359 [Thread-3] INFO  org.apache.hadoop.mapred.Task - Task 'attempt_local_0001_m_000001_0' done.
2021-04-12 07:29:55,376 [Thread-3] INFO  org.apache.hadoop.mapred.Task -  Using ResourceCalculatorPlugin : org.apache.hadoop.util.LinuxResourceCalculatorPlugin@557313c7
2021-04-12 07:29:55,380 [Thread-3] INFO  org.apache.hadoop.mapred.LocalJobRunner - 
2021-04-12 07:29:55,383 [Thread-3] INFO  org.apache.hadoop.mapred.Merger - Merging 2 sorted segments
2021-04-12 07:29:55,389 [Thread-3] INFO  org.apache.hadoop.mapred.Merger - Down to the last merge-pass, with 2 segments left of total size: 132 bytes
2021-04-12 07:29:55,389 [Thread-3] INFO  org.apache.hadoop.mapred.LocalJobRunner - 
2021-04-12 07:29:55,481 [Thread-3] INFO  org.apache.pig.impl.util.SpillableMemoryManager - Selected heap (Tenured Gen) of size 699072512 to monitor. collectionUsageThreshold = 489350752, usageThreshold = 489350752
2021-04-12 07:29:55,481 [Thread-3] WARN  org.apache.pig.data.SchemaTupleBackend - SchemaTupleBackend has already been initialized
2021-04-12 07:29:55,485 [Thread-3] INFO  org.apache.pig.backend.hadoop.executionengine.mapReduceLayer.PigMapReduce$Reduce - Aliases being processed per job phase (AliasName[line,offset]): M: D[2,4],D[-1,-1],J[3,4],E[1,4],E[-1,-1],J[3,4] C:  R: O[4,4]
2021-04-12 07:29:55,528 [Thread-3] INFO  org.apache.hadoop.mapred.Task - Task:attempt_local_0001_r_000000_0 is done. And is in the process of commiting
2021-04-12 07:29:55,530 [Thread-3] INFO  org.apache.hadoop.mapred.LocalJobRunner - 
2021-04-12 07:29:55,532 [Thread-3] INFO  org.apache.hadoop.mapred.Task - Task attempt_local_0001_r_000000_0 is allowed to commit now
2021-04-12 07:29:55,581 [Thread-3] INFO  org.apache.hadoop.mapreduce.lib.output.FileOutputCommitter - Saved output of task 'attempt_local_0001_r_000000_0' to file:/home/gxj9834/project6/examples/output
2021-04-12 07:29:58,384 [Thread-3] INFO  org.apache.hadoop.mapred.LocalJobRunner - reduce > reduce
2021-04-12 07:29:58,384 [Thread-3] INFO  org.apache.hadoop.mapred.Task - Task 'attempt_local_0001_r_000000_0' done.
2021-04-12 07:29:58,703 [main] INFO  org.apache.pig.backend.hadoop.executionengine.mapReduceLayer.MapReduceLauncher - 100% complete
2021-04-12 07:29:58,704 [main] INFO  org.apache.pig.tools.pigstats.mapreduce.SimplePigStats - Script Statistics: 

HadoopVersion	PigVersion	UserId	StartedAt	FinishedAt	Features
1.0.4	0.16.0	gxj9834	2021-04-12 07:29:48	2021-04-12 07:29:58	HASH_JOIN

Success!

Job Stats (time in seconds):
JobId	Maps	Reduces	MaxMapTime	MinMapTime	AvgMapTime	MedianMapTime	MaxReduceTime	MinReduceTime	AvgReduceTime	MedianReducetime	Alias	Feature	Outputs
job_local_0001	1	1	n/a	n/a	n/a	n/a	n/a	n/a	n/a	n/a	D,E,J,O	HASH_JOIN	file:///home/gxj9834/project6/examples/output,

Input(s):
Successfully read 3 records from: "file:///home/gxj9834/project6/examples/e.txt"
Successfully read 2 records from: "file:///home/gxj9834/project6/examples/d.txt"

Output(s):
Successfully stored 3 records in: "file:///home/gxj9834/project6/examples/output"

Counters:
Total records written : 3
Total bytes written : 0
Spillable Memory Manager spill count : 0
Total bags proactively spilled: 0
Total records proactively spilled: 0

Job DAG:
job_local_0001


2021-04-12 07:29:58,706 [main] INFO  org.apache.pig.backend.hadoop.executionengine.mapReduceLayer.MapReduceLauncher - Success!
2021-04-12 07:29:58,732 [main] INFO  org.apache.pig.Main - Pig script completed in 11 seconds and 695 milliseconds (11695 ms)
