Using Spark's default log4j profile: org/apache/spark/log4j-defaults.properties
21/04/06 03:01:45 INFO SparkContext: Running Spark version 1.5.2
21/04/06 03:01:46 WARN NativeCodeLoader: Unable to load native-hadoop library for your platform... using builtin-java classes where applicable
21/04/06 03:01:46 INFO SecurityManager: Changing view acls to: gxj9834
21/04/06 03:01:46 INFO SecurityManager: Changing modify acls to: gxj9834
21/04/06 03:01:46 INFO SecurityManager: SecurityManager: authentication disabled; ui acls disabled; users with view permissions: Set(gxj9834); users with modify permissions: Set(gxj9834)
21/04/06 03:01:46 INFO Slf4jLogger: Slf4jLogger started
21/04/06 03:01:46 INFO Remoting: Starting remoting
21/04/06 03:01:47 INFO Remoting: Remoting started; listening on addresses :[akka.tcp://sparkDriver@198.202.116.121:36603]
21/04/06 03:01:47 INFO Utils: Successfully started service 'sparkDriver' on port 36603.
21/04/06 03:01:47 INFO SparkEnv: Registering MapOutputTracker
21/04/06 03:01:47 INFO SparkEnv: Registering BlockManagerMaster
21/04/06 03:01:47 INFO DiskBlockManager: Created local directory at /tmp/blockmgr-79436241-5224-4d6c-89d9-8c9070b7f40b
21/04/06 03:01:47 INFO MemoryStore: MemoryStore started with capacity 530.0 MB
21/04/06 03:01:47 INFO HttpFileServer: HTTP File server directory is /tmp/spark-862837a7-db28-4009-bcb8-ab414ae925dd/httpd-f7305080-7feb-48a6-b1c3-47d2ae47ddaf
21/04/06 03:01:47 INFO HttpServer: Starting HTTP Server
21/04/06 03:01:47 INFO Utils: Successfully started service 'HTTP file server' on port 41926.
21/04/06 03:01:47 INFO SparkEnv: Registering OutputCommitCoordinator
21/04/06 03:01:47 INFO Utils: Successfully started service 'SparkUI' on port 4040.
21/04/06 03:01:47 INFO SparkUI: Started SparkUI at http://198.202.116.121:4040
21/04/06 03:01:47 INFO SparkContext: Added JAR file:/home/gxj9834/project5/graph.jar at http://198.202.116.121:41926/jars/graph.jar with timestamp 1617703307523
21/04/06 03:01:47 WARN MetricsSystem: Using default name DAGScheduler for source because spark.app.id is not set.
21/04/06 03:01:47 INFO Executor: Starting executor ID driver on host localhost
21/04/06 03:01:47 INFO Utils: Successfully started service 'org.apache.spark.network.netty.NettyBlockTransferService' on port 43236.
21/04/06 03:01:47 INFO NettyBlockTransferService: Server created on 43236
21/04/06 03:01:47 INFO BlockManagerMaster: Trying to register BlockManager
21/04/06 03:01:47 INFO BlockManagerMasterEndpoint: Registering block manager localhost:43236 with 530.0 MB RAM, BlockManagerId(driver, localhost, 43236)
21/04/06 03:01:47 INFO BlockManagerMaster: Registered BlockManager
21/04/06 03:01:48 INFO MemoryStore: ensureFreeSpace(120040) called with curMem=0, maxMem=555755765
21/04/06 03:01:48 INFO MemoryStore: Block broadcast_0 stored as values in memory (estimated size 117.2 KB, free 529.9 MB)
21/04/06 03:01:48 INFO MemoryStore: ensureFreeSpace(12673) called with curMem=120040, maxMem=555755765
21/04/06 03:01:48 INFO MemoryStore: Block broadcast_0_piece0 stored as bytes in memory (estimated size 12.4 KB, free 529.9 MB)
21/04/06 03:01:48 INFO BlockManagerInfo: Added broadcast_0_piece0 in memory on localhost:43236 (size: 12.4 KB, free: 530.0 MB)
21/04/06 03:01:48 INFO SparkContext: Created broadcast 0 from textFile at Graph.scala:17
21/04/06 03:01:48 INFO FileInputFormat: Total input paths to process : 1
21/04/06 03:01:48 INFO SparkContext: Starting job: sortByKey at Graph.scala:56
21/04/06 03:01:48 INFO DAGScheduler: Registering RDD 2 (map at Graph.scala:18)
21/04/06 03:01:48 INFO DAGScheduler: Registering RDD 2 (map at Graph.scala:18)
21/04/06 03:01:48 INFO DAGScheduler: Registering RDD 4 (map at Graph.scala:23)
21/04/06 03:01:48 INFO DAGScheduler: Registering RDD 8 (flatMap at Graph.scala:42)
21/04/06 03:01:48 INFO DAGScheduler: Registering RDD 2 (map at Graph.scala:18)
21/04/06 03:01:48 INFO DAGScheduler: Registering RDD 13 (flatMap at Graph.scala:42)
21/04/06 03:01:48 INFO DAGScheduler: Registering RDD 2 (map at Graph.scala:18)
21/04/06 03:01:48 INFO DAGScheduler: Registering RDD 18 (flatMap at Graph.scala:42)
21/04/06 03:01:48 INFO DAGScheduler: Registering RDD 2 (map at Graph.scala:18)
21/04/06 03:01:48 INFO DAGScheduler: Registering RDD 23 (flatMap at Graph.scala:42)
21/04/06 03:01:48 INFO DAGScheduler: Registering RDD 2 (map at Graph.scala:18)
21/04/06 03:01:48 INFO DAGScheduler: Registering RDD 28 (flatMap at Graph.scala:42)
21/04/06 03:01:48 INFO DAGScheduler: Got job 0 (sortByKey at Graph.scala:56) with 2 output partitions
21/04/06 03:01:48 INFO DAGScheduler: Final stage: ResultStage 12(sortByKey at Graph.scala:56)
21/04/06 03:01:48 INFO DAGScheduler: Parents of final stage: List(ShuffleMapStage 11)
21/04/06 03:01:48 INFO DAGScheduler: Missing parents: List(ShuffleMapStage 11)
21/04/06 03:01:48 INFO DAGScheduler: Submitting ShuffleMapStage 1 (MapPartitionsRDD[2] at map at Graph.scala:18), which has no missing parents
21/04/06 03:01:48 INFO MemoryStore: ensureFreeSpace(3536) called with curMem=132713, maxMem=555755765
21/04/06 03:01:48 INFO MemoryStore: Block broadcast_1 stored as values in memory (estimated size 3.5 KB, free 529.9 MB)
21/04/06 03:01:48 INFO MemoryStore: ensureFreeSpace(2083) called with curMem=136249, maxMem=555755765
21/04/06 03:01:48 INFO MemoryStore: Block broadcast_1_piece0 stored as bytes in memory (estimated size 2.0 KB, free 529.9 MB)
21/04/06 03:01:48 INFO BlockManagerInfo: Added broadcast_1_piece0 in memory on localhost:43236 (size: 2.0 KB, free: 530.0 MB)
21/04/06 03:01:48 INFO SparkContext: Created broadcast 1 from broadcast at DAGScheduler.scala:861
21/04/06 03:01:48 INFO DAGScheduler: Submitting 2 missing tasks from ShuffleMapStage 1 (MapPartitionsRDD[2] at map at Graph.scala:18)
21/04/06 03:01:48 INFO TaskSchedulerImpl: Adding task set 1.0 with 2 tasks
21/04/06 03:01:48 INFO DAGScheduler: Submitting ShuffleMapStage 0 (MapPartitionsRDD[2] at map at Graph.scala:18), which has no missing parents
21/04/06 03:01:48 INFO MemoryStore: ensureFreeSpace(4616) called with curMem=138332, maxMem=555755765
21/04/06 03:01:48 INFO MemoryStore: Block broadcast_2 stored as values in memory (estimated size 4.5 KB, free 529.9 MB)
21/04/06 03:01:48 INFO MemoryStore: ensureFreeSpace(2502) called with curMem=142948, maxMem=555755765
21/04/06 03:01:48 INFO MemoryStore: Block broadcast_2_piece0 stored as bytes in memory (estimated size 2.4 KB, free 529.9 MB)
21/04/06 03:01:48 INFO BlockManagerInfo: Added broadcast_2_piece0 in memory on localhost:43236 (size: 2.4 KB, free: 530.0 MB)
21/04/06 03:01:48 INFO SparkContext: Created broadcast 2 from broadcast at DAGScheduler.scala:861
21/04/06 03:01:48 INFO DAGScheduler: Submitting 2 missing tasks from ShuffleMapStage 0 (MapPartitionsRDD[2] at map at Graph.scala:18)
21/04/06 03:01:48 INFO TaskSchedulerImpl: Adding task set 0.0 with 2 tasks
21/04/06 03:01:48 INFO TaskSetManager: Starting task 0.0 in stage 1.0 (TID 0, localhost, PROCESS_LOCAL, 2194 bytes)
21/04/06 03:01:48 INFO TaskSetManager: Starting task 1.0 in stage 1.0 (TID 1, localhost, PROCESS_LOCAL, 2194 bytes)
21/04/06 03:01:48 INFO DAGScheduler: Submitting ShuffleMapStage 4 (MapPartitionsRDD[2] at map at Graph.scala:18), which has no missing parents
21/04/06 03:01:48 INFO MemoryStore: ensureFreeSpace(3536) called with curMem=145450, maxMem=555755765
21/04/06 03:01:48 INFO MemoryStore: Block broadcast_3 stored as values in memory (estimated size 3.5 KB, free 529.9 MB)
21/04/06 03:01:48 INFO MemoryStore: ensureFreeSpace(2085) called with curMem=148986, maxMem=555755765
21/04/06 03:01:48 INFO MemoryStore: Block broadcast_3_piece0 stored as bytes in memory (estimated size 2.0 KB, free 529.9 MB)
21/04/06 03:01:48 INFO BlockManagerInfo: Added broadcast_3_piece0 in memory on localhost:43236 (size: 2.0 KB, free: 530.0 MB)
21/04/06 03:01:48 INFO SparkContext: Created broadcast 3 from broadcast at DAGScheduler.scala:861
21/04/06 03:01:48 INFO DAGScheduler: Submitting 2 missing tasks from ShuffleMapStage 4 (MapPartitionsRDD[2] at map at Graph.scala:18)
21/04/06 03:01:48 INFO TaskSchedulerImpl: Adding task set 4.0 with 2 tasks
21/04/06 03:01:48 INFO DAGScheduler: Submitting ShuffleMapStage 6 (MapPartitionsRDD[2] at map at Graph.scala:18), which has no missing parents
21/04/06 03:01:48 INFO Executor: Running task 0.0 in stage 1.0 (TID 0)
21/04/06 03:01:48 INFO Executor: Fetching http://198.202.116.121:41926/jars/graph.jar with timestamp 1617703307523
21/04/06 03:01:48 INFO MemoryStore: ensureFreeSpace(3536) called with curMem=151071, maxMem=555755765
21/04/06 03:01:48 INFO MemoryStore: Block broadcast_4 stored as values in memory (estimated size 3.5 KB, free 529.9 MB)
21/04/06 03:01:48 INFO MemoryStore: ensureFreeSpace(2087) called with curMem=154607, maxMem=555755765
21/04/06 03:01:48 INFO MemoryStore: Block broadcast_4_piece0 stored as bytes in memory (estimated size 2.0 KB, free 529.9 MB)
21/04/06 03:01:48 INFO BlockManagerInfo: Added broadcast_4_piece0 in memory on localhost:43236 (size: 2.0 KB, free: 530.0 MB)
21/04/06 03:01:48 INFO Executor: Running task 1.0 in stage 1.0 (TID 1)
21/04/06 03:01:49 INFO SparkContext: Created broadcast 4 from broadcast at DAGScheduler.scala:861
21/04/06 03:01:49 INFO DAGScheduler: Submitting 2 missing tasks from ShuffleMapStage 6 (MapPartitionsRDD[2] at map at Graph.scala:18)
21/04/06 03:01:49 INFO TaskSchedulerImpl: Adding task set 6.0 with 2 tasks
21/04/06 03:01:49 INFO DAGScheduler: Submitting ShuffleMapStage 8 (MapPartitionsRDD[2] at map at Graph.scala:18), which has no missing parents
21/04/06 03:01:49 INFO MemoryStore: ensureFreeSpace(3536) called with curMem=156694, maxMem=555755765
21/04/06 03:01:49 INFO MemoryStore: Block broadcast_5 stored as values in memory (estimated size 3.5 KB, free 529.9 MB)
21/04/06 03:01:49 INFO MemoryStore: ensureFreeSpace(2087) called with curMem=160230, maxMem=555755765
21/04/06 03:01:49 INFO MemoryStore: Block broadcast_5_piece0 stored as bytes in memory (estimated size 2.0 KB, free 529.9 MB)
21/04/06 03:01:49 INFO BlockManagerInfo: Added broadcast_5_piece0 in memory on localhost:43236 (size: 2.0 KB, free: 530.0 MB)
21/04/06 03:01:49 INFO SparkContext: Created broadcast 5 from broadcast at DAGScheduler.scala:861
21/04/06 03:01:49 INFO DAGScheduler: Submitting 2 missing tasks from ShuffleMapStage 8 (MapPartitionsRDD[2] at map at Graph.scala:18)
21/04/06 03:01:49 INFO TaskSchedulerImpl: Adding task set 8.0 with 2 tasks
21/04/06 03:01:49 INFO DAGScheduler: Submitting ShuffleMapStage 10 (MapPartitionsRDD[2] at map at Graph.scala:18), which has no missing parents
21/04/06 03:01:49 INFO MemoryStore: ensureFreeSpace(3536) called with curMem=162317, maxMem=555755765
21/04/06 03:01:49 INFO MemoryStore: Block broadcast_6 stored as values in memory (estimated size 3.5 KB, free 529.9 MB)
21/04/06 03:01:49 INFO MemoryStore: ensureFreeSpace(2087) called with curMem=165853, maxMem=555755765
21/04/06 03:01:49 INFO MemoryStore: Block broadcast_6_piece0 stored as bytes in memory (estimated size 2.0 KB, free 529.8 MB)
21/04/06 03:01:49 INFO BlockManagerInfo: Added broadcast_6_piece0 in memory on localhost:43236 (size: 2.0 KB, free: 530.0 MB)
21/04/06 03:01:49 INFO SparkContext: Created broadcast 6 from broadcast at DAGScheduler.scala:861
21/04/06 03:01:49 INFO DAGScheduler: Submitting 2 missing tasks from ShuffleMapStage 10 (MapPartitionsRDD[2] at map at Graph.scala:18)
21/04/06 03:01:49 INFO TaskSchedulerImpl: Adding task set 10.0 with 2 tasks
21/04/06 03:01:49 INFO Utils: Fetching http://198.202.116.121:41926/jars/graph.jar to /tmp/spark-862837a7-db28-4009-bcb8-ab414ae925dd/userFiles-f9e09f4a-eadb-411e-b0c9-a0546fbde985/fetchFileTemp1691026905899445761.tmp
21/04/06 03:01:49 INFO Executor: Adding file:/tmp/spark-862837a7-db28-4009-bcb8-ab414ae925dd/userFiles-f9e09f4a-eadb-411e-b0c9-a0546fbde985/graph.jar to class loader
21/04/06 03:01:49 INFO HadoopRDD: Input split: file:/home/gxj9834/project5/small-graph.csv:0+18
21/04/06 03:01:49 INFO deprecation: mapred.tip.id is deprecated. Instead, use mapreduce.task.id
21/04/06 03:01:49 INFO deprecation: mapred.task.id is deprecated. Instead, use mapreduce.task.attempt.id
21/04/06 03:01:49 INFO deprecation: mapred.task.is.map is deprecated. Instead, use mapreduce.task.ismap
21/04/06 03:01:49 INFO deprecation: mapred.task.partition is deprecated. Instead, use mapreduce.task.partition
21/04/06 03:01:49 INFO deprecation: mapred.job.id is deprecated. Instead, use mapreduce.job.id
21/04/06 03:01:49 INFO HadoopRDD: Input split: file:/home/gxj9834/project5/small-graph.csv:18+18
21/04/06 03:01:49 INFO Executor: Finished task 1.0 in stage 1.0 (TID 1). 2254 bytes result sent to driver
21/04/06 03:01:49 INFO Executor: Finished task 0.0 in stage 1.0 (TID 0). 2254 bytes result sent to driver
21/04/06 03:01:49 INFO TaskSetManager: Starting task 0.0 in stage 0.0 (TID 2, localhost, PROCESS_LOCAL, 2194 bytes)
21/04/06 03:01:49 INFO Executor: Running task 0.0 in stage 0.0 (TID 2)
21/04/06 03:01:49 INFO HadoopRDD: Input split: file:/home/gxj9834/project5/small-graph.csv:0+18
21/04/06 03:01:49 INFO Executor: Finished task 0.0 in stage 0.0 (TID 2). 2254 bytes result sent to driver
21/04/06 03:01:49 INFO TaskSetManager: Starting task 1.0 in stage 0.0 (TID 3, localhost, PROCESS_LOCAL, 2194 bytes)
21/04/06 03:01:49 INFO Executor: Running task 1.0 in stage 0.0 (TID 3)
21/04/06 03:01:49 INFO HadoopRDD: Input split: file:/home/gxj9834/project5/small-graph.csv:18+18
21/04/06 03:01:49 INFO TaskSetManager: Starting task 0.0 in stage 4.0 (TID 4, localhost, PROCESS_LOCAL, 2194 bytes)
21/04/06 03:01:49 INFO Executor: Running task 0.0 in stage 4.0 (TID 4)
21/04/06 03:01:49 INFO HadoopRDD: Input split: file:/home/gxj9834/project5/small-graph.csv:0+18
21/04/06 03:01:49 INFO TaskSetManager: Finished task 1.0 in stage 1.0 (TID 1) in 329 ms on localhost (1/2)
21/04/06 03:01:49 INFO TaskSetManager: Finished task 0.0 in stage 1.0 (TID 0) in 365 ms on localhost (2/2)
21/04/06 03:01:49 INFO Executor: Finished task 1.0 in stage 0.0 (TID 3). 2254 bytes result sent to driver
21/04/06 03:01:49 INFO DAGScheduler: ShuffleMapStage 1 (map at Graph.scala:18) finished in 0.374 s
21/04/06 03:01:49 INFO DAGScheduler: looking for newly runnable stages
21/04/06 03:01:49 INFO DAGScheduler: running: Set(ShuffleMapStage 0, ShuffleMapStage 6, ShuffleMapStage 10, ShuffleMapStage 4, ShuffleMapStage 8)
21/04/06 03:01:49 INFO DAGScheduler: waiting: Set(ResultStage 12, ShuffleMapStage 9, ShuffleMapStage 5, ShuffleMapStage 2, ShuffleMapStage 3, ShuffleMapStage 7, ShuffleMapStage 11)
21/04/06 03:01:49 INFO DAGScheduler: failed: Set()
21/04/06 03:01:49 INFO TaskSchedulerImpl: Removed TaskSet 1.0, whose tasks have all completed, from pool 
21/04/06 03:01:49 INFO TaskSetManager: Starting task 1.0 in stage 4.0 (TID 5, localhost, PROCESS_LOCAL, 2194 bytes)
21/04/06 03:01:49 INFO TaskSetManager: Finished task 0.0 in stage 0.0 (TID 2) in 63 ms on localhost (1/2)
21/04/06 03:01:49 INFO TaskSetManager: Finished task 1.0 in stage 0.0 (TID 3) in 42 ms on localhost (2/2)
21/04/06 03:01:49 INFO TaskSchedulerImpl: Removed TaskSet 0.0, whose tasks have all completed, from pool 
21/04/06 03:01:49 INFO Executor: Running task 1.0 in stage 4.0 (TID 5)
21/04/06 03:01:49 INFO DAGScheduler: Missing parents for ResultStage 12: List(ShuffleMapStage 11)
21/04/06 03:01:49 INFO DAGScheduler: Missing parents for ShuffleMapStage 9: List(ShuffleMapStage 7, ShuffleMapStage 8)
21/04/06 03:01:49 INFO DAGScheduler: Missing parents for ShuffleMapStage 5: List(ShuffleMapStage 3, ShuffleMapStage 4)
21/04/06 03:01:49 INFO DAGScheduler: Missing parents for ShuffleMapStage 2: List(ShuffleMapStage 0)
21/04/06 03:01:49 INFO DAGScheduler: Missing parents for ShuffleMapStage 3: List(ShuffleMapStage 2)
21/04/06 03:01:49 INFO DAGScheduler: Missing parents for ShuffleMapStage 7: List(ShuffleMapStage 5, ShuffleMapStage 6)
21/04/06 03:01:49 INFO DAGScheduler: Missing parents for ShuffleMapStage 11: List(ShuffleMapStage 9, ShuffleMapStage 10)
21/04/06 03:01:49 INFO DAGScheduler: ShuffleMapStage 0 (map at Graph.scala:18) finished in 0.358 s
21/04/06 03:01:49 INFO DAGScheduler: looking for newly runnable stages
21/04/06 03:01:49 INFO DAGScheduler: running: Set(ShuffleMapStage 6, ShuffleMapStage 10, ShuffleMapStage 4, ShuffleMapStage 8)
21/04/06 03:01:49 INFO DAGScheduler: waiting: Set(ResultStage 12, ShuffleMapStage 9, ShuffleMapStage 5, ShuffleMapStage 2, ShuffleMapStage 3, ShuffleMapStage 7, ShuffleMapStage 11)
21/04/06 03:01:49 INFO DAGScheduler: failed: Set()
21/04/06 03:01:49 INFO DAGScheduler: Missing parents for ResultStage 12: List(ShuffleMapStage 11)
21/04/06 03:01:49 INFO DAGScheduler: Missing parents for ShuffleMapStage 9: List(ShuffleMapStage 7, ShuffleMapStage 8)
21/04/06 03:01:49 INFO DAGScheduler: Missing parents for ShuffleMapStage 5: List(ShuffleMapStage 3, ShuffleMapStage 4)
21/04/06 03:01:49 INFO DAGScheduler: Missing parents for ShuffleMapStage 2: List()
21/04/06 03:01:49 INFO DAGScheduler: Missing parents for ShuffleMapStage 3: List(ShuffleMapStage 2)
21/04/06 03:01:49 INFO DAGScheduler: Missing parents for ShuffleMapStage 7: List(ShuffleMapStage 5, ShuffleMapStage 6)
21/04/06 03:01:49 INFO DAGScheduler: Missing parents for ShuffleMapStage 11: List(ShuffleMapStage 9, ShuffleMapStage 10)
21/04/06 03:01:49 INFO DAGScheduler: Submitting ShuffleMapStage 2 (MapPartitionsRDD[4] at map at Graph.scala:23), which is now runnable
21/04/06 03:01:49 INFO Executor: Finished task 0.0 in stage 4.0 (TID 4). 2254 bytes result sent to driver
21/04/06 03:01:49 INFO TaskSetManager: Starting task 0.0 in stage 6.0 (TID 6, localhost, PROCESS_LOCAL, 2194 bytes)
21/04/06 03:01:49 INFO TaskSetManager: Finished task 0.0 in stage 4.0 (TID 4) in 47 ms on localhost (1/2)
21/04/06 03:01:49 INFO MemoryStore: ensureFreeSpace(5000) called with curMem=167940, maxMem=555755765
21/04/06 03:01:49 INFO MemoryStore: Block broadcast_7 stored as values in memory (estimated size 4.9 KB, free 529.8 MB)
21/04/06 03:01:49 INFO Executor: Running task 0.0 in stage 6.0 (TID 6)
21/04/06 03:01:49 INFO MemoryStore: ensureFreeSpace(2657) called with curMem=172940, maxMem=555755765
21/04/06 03:01:49 INFO HadoopRDD: Input split: file:/home/gxj9834/project5/small-graph.csv:0+18
21/04/06 03:01:49 INFO HadoopRDD: Input split: file:/home/gxj9834/project5/small-graph.csv:18+18
21/04/06 03:01:49 INFO MemoryStore: Block broadcast_7_piece0 stored as bytes in memory (estimated size 2.6 KB, free 529.8 MB)
21/04/06 03:01:49 INFO BlockManagerInfo: Added broadcast_7_piece0 in memory on localhost:43236 (size: 2.6 KB, free: 530.0 MB)
21/04/06 03:01:49 INFO Executor: Finished task 0.0 in stage 6.0 (TID 6). 2254 bytes result sent to driver
21/04/06 03:01:49 INFO SparkContext: Created broadcast 7 from broadcast at DAGScheduler.scala:861
21/04/06 03:01:49 INFO TaskSetManager: Starting task 1.0 in stage 6.0 (TID 7, localhost, PROCESS_LOCAL, 2194 bytes)
21/04/06 03:01:49 INFO Executor: Running task 1.0 in stage 6.0 (TID 7)
21/04/06 03:01:49 INFO TaskSetManager: Finished task 0.0 in stage 6.0 (TID 6) in 21 ms on localhost (1/2)
21/04/06 03:01:49 INFO DAGScheduler: Submitting 2 missing tasks from ShuffleMapStage 2 (MapPartitionsRDD[4] at map at Graph.scala:23)
21/04/06 03:01:49 INFO TaskSchedulerImpl: Adding task set 2.0 with 2 tasks
21/04/06 03:01:49 INFO HadoopRDD: Input split: file:/home/gxj9834/project5/small-graph.csv:18+18
21/04/06 03:01:49 INFO Executor: Finished task 1.0 in stage 4.0 (TID 5). 2254 bytes result sent to driver
21/04/06 03:01:49 INFO Executor: Finished task 1.0 in stage 6.0 (TID 7). 2254 bytes result sent to driver
21/04/06 03:01:49 INFO TaskSetManager: Starting task 0.0 in stage 2.0 (TID 8, localhost, PROCESS_LOCAL, 1943 bytes)
21/04/06 03:01:49 INFO TaskSetManager: Starting task 1.0 in stage 2.0 (TID 9, localhost, PROCESS_LOCAL, 1943 bytes)
21/04/06 03:01:49 INFO TaskSetManager: Finished task 1.0 in stage 6.0 (TID 7) in 27 ms on localhost (2/2)
21/04/06 03:01:49 INFO TaskSchedulerImpl: Removed TaskSet 6.0, whose tasks have all completed, from pool 
21/04/06 03:01:49 INFO TaskSetManager: Finished task 1.0 in stage 4.0 (TID 5) in 63 ms on localhost (2/2)
21/04/06 03:01:49 INFO TaskSchedulerImpl: Removed TaskSet 4.0, whose tasks have all completed, from pool 
21/04/06 03:01:49 INFO Executor: Running task 0.0 in stage 2.0 (TID 8)
21/04/06 03:01:49 INFO Executor: Running task 1.0 in stage 2.0 (TID 9)
21/04/06 03:01:49 INFO DAGScheduler: ShuffleMapStage 6 (map at Graph.scala:18) finished in 0.389 s
21/04/06 03:01:49 INFO DAGScheduler: looking for newly runnable stages
21/04/06 03:01:49 INFO DAGScheduler: running: Set(ShuffleMapStage 2, ShuffleMapStage 10, ShuffleMapStage 4, ShuffleMapStage 8)
21/04/06 03:01:49 INFO DAGScheduler: waiting: Set(ResultStage 12, ShuffleMapStage 9, ShuffleMapStage 5, ShuffleMapStage 3, ShuffleMapStage 7, ShuffleMapStage 11)
21/04/06 03:01:49 INFO DAGScheduler: failed: Set()
21/04/06 03:01:49 INFO DAGScheduler: Missing parents for ResultStage 12: List(ShuffleMapStage 11)
21/04/06 03:01:49 INFO DAGScheduler: Missing parents for ShuffleMapStage 9: List(ShuffleMapStage 7, ShuffleMapStage 8)
21/04/06 03:01:49 INFO DAGScheduler: Missing parents for ShuffleMapStage 5: List(ShuffleMapStage 3, ShuffleMapStage 4)
21/04/06 03:01:49 INFO DAGScheduler: Missing parents for ShuffleMapStage 3: List(ShuffleMapStage 2)
21/04/06 03:01:49 INFO DAGScheduler: Missing parents for ShuffleMapStage 7: List(ShuffleMapStage 5)
21/04/06 03:01:49 INFO DAGScheduler: Missing parents for ShuffleMapStage 11: List(ShuffleMapStage 9, ShuffleMapStage 10)
21/04/06 03:01:49 INFO ShuffleBlockFetcherIterator: Getting 2 non-empty blocks out of 2 blocks
21/04/06 03:01:49 INFO DAGScheduler: ShuffleMapStage 4 (map at Graph.scala:18) finished in 0.425 s
21/04/06 03:01:49 INFO DAGScheduler: looking for newly runnable stages
21/04/06 03:01:49 INFO DAGScheduler: running: Set(ShuffleMapStage 2, ShuffleMapStage 10, ShuffleMapStage 8)
21/04/06 03:01:49 INFO DAGScheduler: waiting: Set(ResultStage 12, ShuffleMapStage 9, ShuffleMapStage 5, ShuffleMapStage 3, ShuffleMapStage 7, ShuffleMapStage 11)
21/04/06 03:01:49 INFO DAGScheduler: failed: Set()
21/04/06 03:01:49 INFO DAGScheduler: Missing parents for ResultStage 12: List(ShuffleMapStage 11)
21/04/06 03:01:49 INFO DAGScheduler: Missing parents for ShuffleMapStage 9: List(ShuffleMapStage 7, ShuffleMapStage 8)
21/04/06 03:01:49 INFO DAGScheduler: Missing parents for ShuffleMapStage 5: List(ShuffleMapStage 3)
21/04/06 03:01:49 INFO DAGScheduler: Missing parents for ShuffleMapStage 3: List(ShuffleMapStage 2)
21/04/06 03:01:49 INFO DAGScheduler: Missing parents for ShuffleMapStage 7: List(ShuffleMapStage 5)
21/04/06 03:01:49 INFO DAGScheduler: Missing parents for ShuffleMapStage 11: List(ShuffleMapStage 9, ShuffleMapStage 10)
21/04/06 03:01:49 INFO ShuffleBlockFetcherIterator: Getting 2 non-empty blocks out of 2 blocks
21/04/06 03:01:49 INFO ShuffleBlockFetcherIterator: Started 0 remote fetches in 16 ms
21/04/06 03:01:49 INFO ShuffleBlockFetcherIterator: Started 0 remote fetches in 22 ms
21/04/06 03:01:49 INFO Executor: Finished task 0.0 in stage 2.0 (TID 8). 1375 bytes result sent to driver
21/04/06 03:01:49 INFO TaskSetManager: Starting task 0.0 in stage 8.0 (TID 10, localhost, PROCESS_LOCAL, 2194 bytes)
21/04/06 03:01:49 INFO TaskSetManager: Finished task 0.0 in stage 2.0 (TID 8) in 62 ms on localhost (1/2)
21/04/06 03:01:49 INFO Executor: Finished task 1.0 in stage 2.0 (TID 9). 1375 bytes result sent to driver
21/04/06 03:01:49 INFO Executor: Running task 0.0 in stage 8.0 (TID 10)
21/04/06 03:01:49 INFO HadoopRDD: Input split: file:/home/gxj9834/project5/small-graph.csv:0+18
21/04/06 03:01:49 INFO TaskSetManager: Starting task 1.0 in stage 8.0 (TID 11, localhost, PROCESS_LOCAL, 2194 bytes)
21/04/06 03:01:49 INFO Executor: Running task 1.0 in stage 8.0 (TID 11)
21/04/06 03:01:49 INFO TaskSetManager: Finished task 1.0 in stage 2.0 (TID 9) in 69 ms on localhost (2/2)
21/04/06 03:01:49 INFO TaskSchedulerImpl: Removed TaskSet 2.0, whose tasks have all completed, from pool 
21/04/06 03:01:49 INFO HadoopRDD: Input split: file:/home/gxj9834/project5/small-graph.csv:18+18
21/04/06 03:01:49 INFO DAGScheduler: ShuffleMapStage 2 (map at Graph.scala:23) finished in 0.090 s
21/04/06 03:01:49 INFO DAGScheduler: looking for newly runnable stages
21/04/06 03:01:49 INFO DAGScheduler: running: Set(ShuffleMapStage 10, ShuffleMapStage 8)
21/04/06 03:01:49 INFO DAGScheduler: waiting: Set(ResultStage 12, ShuffleMapStage 9, ShuffleMapStage 5, ShuffleMapStage 3, ShuffleMapStage 7, ShuffleMapStage 11)
21/04/06 03:01:49 INFO DAGScheduler: failed: Set()
21/04/06 03:01:49 INFO DAGScheduler: Missing parents for ResultStage 12: List(ShuffleMapStage 11)
21/04/06 03:01:49 INFO DAGScheduler: Missing parents for ShuffleMapStage 9: List(ShuffleMapStage 7, ShuffleMapStage 8)
21/04/06 03:01:49 INFO DAGScheduler: Missing parents for ShuffleMapStage 5: List(ShuffleMapStage 3)
21/04/06 03:01:49 INFO DAGScheduler: Missing parents for ShuffleMapStage 3: List()
21/04/06 03:01:49 INFO DAGScheduler: Missing parents for ShuffleMapStage 7: List(ShuffleMapStage 5)
21/04/06 03:01:49 INFO DAGScheduler: Missing parents for ShuffleMapStage 11: List(ShuffleMapStage 9, ShuffleMapStage 10)
21/04/06 03:01:49 INFO DAGScheduler: Submitting ShuffleMapStage 3 (MapPartitionsRDD[8] at flatMap at Graph.scala:42), which is now runnable
21/04/06 03:01:49 INFO MemoryStore: ensureFreeSpace(3096) called with curMem=175597, maxMem=555755765
21/04/06 03:01:49 INFO MemoryStore: Block broadcast_8 stored as values in memory (estimated size 3.0 KB, free 529.8 MB)
21/04/06 03:01:49 INFO MemoryStore: ensureFreeSpace(1670) called with curMem=178693, maxMem=555755765
21/04/06 03:01:49 INFO MemoryStore: Block broadcast_8_piece0 stored as bytes in memory (estimated size 1670.0 B, free 529.8 MB)
21/04/06 03:01:49 INFO BlockManagerInfo: Added broadcast_8_piece0 in memory on localhost:43236 (size: 1670.0 B, free: 530.0 MB)
21/04/06 03:01:49 INFO Executor: Finished task 1.0 in stage 8.0 (TID 11). 2254 bytes result sent to driver
21/04/06 03:01:49 INFO TaskSetManager: Starting task 0.0 in stage 10.0 (TID 12, localhost, PROCESS_LOCAL, 2194 bytes)
21/04/06 03:01:49 INFO TaskSetManager: Finished task 1.0 in stage 8.0 (TID 11) in 18 ms on localhost (1/2)
21/04/06 03:01:49 INFO Executor: Running task 0.0 in stage 10.0 (TID 12)
21/04/06 03:01:49 INFO HadoopRDD: Input split: file:/home/gxj9834/project5/small-graph.csv:0+18
21/04/06 03:01:49 INFO SparkContext: Created broadcast 8 from broadcast at DAGScheduler.scala:861
21/04/06 03:01:49 INFO DAGScheduler: Submitting 2 missing tasks from ShuffleMapStage 3 (MapPartitionsRDD[8] at flatMap at Graph.scala:42)
21/04/06 03:01:49 INFO TaskSchedulerImpl: Adding task set 3.0 with 2 tasks
21/04/06 03:01:49 INFO Executor: Finished task 0.0 in stage 10.0 (TID 12). 2254 bytes result sent to driver
21/04/06 03:01:49 INFO TaskSetManager: Starting task 0.0 in stage 3.0 (TID 13, localhost, PROCESS_LOCAL, 2016 bytes)
21/04/06 03:01:49 INFO TaskSetManager: Finished task 0.0 in stage 10.0 (TID 12) in 12 ms on localhost (1/2)
21/04/06 03:01:49 INFO Executor: Finished task 0.0 in stage 8.0 (TID 10). 2254 bytes result sent to driver
21/04/06 03:01:49 INFO Executor: Running task 0.0 in stage 3.0 (TID 13)
21/04/06 03:01:49 INFO TaskSetManager: Starting task 1.0 in stage 3.0 (TID 14, localhost, PROCESS_LOCAL, 2016 bytes)
21/04/06 03:01:49 INFO TaskSetManager: Finished task 0.0 in stage 8.0 (TID 10) in 42 ms on localhost (2/2)
21/04/06 03:01:49 INFO TaskSchedulerImpl: Removed TaskSet 8.0, whose tasks have all completed, from pool 
21/04/06 03:01:49 INFO ShuffleBlockFetcherIterator: Getting 2 non-empty blocks out of 2 blocks
21/04/06 03:01:49 INFO ShuffleBlockFetcherIterator: Started 0 remote fetches in 0 ms
21/04/06 03:01:49 INFO ShuffleBlockFetcherIterator: Getting 2 non-empty blocks out of 2 blocks
21/04/06 03:01:49 INFO ShuffleBlockFetcherIterator: Started 0 remote fetches in 0 ms
21/04/06 03:01:49 INFO Executor: Running task 1.0 in stage 3.0 (TID 14)
21/04/06 03:01:49 INFO ShuffleBlockFetcherIterator: Getting 2 non-empty blocks out of 2 blocks
21/04/06 03:01:49 INFO ShuffleBlockFetcherIterator: Started 0 remote fetches in 1 ms
21/04/06 03:01:49 INFO ShuffleBlockFetcherIterator: Getting 2 non-empty blocks out of 2 blocks
21/04/06 03:01:49 INFO ShuffleBlockFetcherIterator: Started 0 remote fetches in 0 ms
21/04/06 03:01:49 INFO DAGScheduler: ShuffleMapStage 8 (map at Graph.scala:18) finished in 0.470 s
21/04/06 03:01:49 INFO DAGScheduler: looking for newly runnable stages
21/04/06 03:01:49 INFO DAGScheduler: running: Set(ShuffleMapStage 3, ShuffleMapStage 10)
21/04/06 03:01:49 INFO DAGScheduler: waiting: Set(ResultStage 12, ShuffleMapStage 9, ShuffleMapStage 5, ShuffleMapStage 7, ShuffleMapStage 11)
21/04/06 03:01:49 INFO DAGScheduler: failed: Set()
21/04/06 03:01:49 INFO DAGScheduler: Missing parents for ResultStage 12: List(ShuffleMapStage 11)
21/04/06 03:01:49 INFO DAGScheduler: Missing parents for ShuffleMapStage 9: List(ShuffleMapStage 7)
21/04/06 03:01:49 INFO DAGScheduler: Missing parents for ShuffleMapStage 5: List(ShuffleMapStage 3)
21/04/06 03:01:49 INFO DAGScheduler: Missing parents for ShuffleMapStage 7: List(ShuffleMapStage 5)
21/04/06 03:01:49 INFO DAGScheduler: Missing parents for ShuffleMapStage 11: List(ShuffleMapStage 9, ShuffleMapStage 10)
21/04/06 03:01:49 INFO Executor: Finished task 0.0 in stage 3.0 (TID 13). 1375 bytes result sent to driver
21/04/06 03:01:49 INFO TaskSetManager: Starting task 1.0 in stage 10.0 (TID 15, localhost, PROCESS_LOCAL, 2194 bytes)
21/04/06 03:01:49 INFO Executor: Running task 1.0 in stage 10.0 (TID 15)
21/04/06 03:01:49 INFO TaskSetManager: Finished task 0.0 in stage 3.0 (TID 13) in 46 ms on localhost (1/2)
21/04/06 03:01:49 INFO HadoopRDD: Input split: file:/home/gxj9834/project5/small-graph.csv:18+18
21/04/06 03:01:49 INFO Executor: Finished task 1.0 in stage 10.0 (TID 15). 2254 bytes result sent to driver
21/04/06 03:01:49 INFO TaskSetManager: Finished task 1.0 in stage 10.0 (TID 15) in 10 ms on localhost (2/2)
21/04/06 03:01:49 INFO TaskSchedulerImpl: Removed TaskSet 10.0, whose tasks have all completed, from pool 
21/04/06 03:01:49 INFO DAGScheduler: ShuffleMapStage 10 (map at Graph.scala:18) finished in 0.495 s
21/04/06 03:01:49 INFO DAGScheduler: looking for newly runnable stages
21/04/06 03:01:49 INFO DAGScheduler: running: Set(ShuffleMapStage 3)
21/04/06 03:01:49 INFO DAGScheduler: waiting: Set(ResultStage 12, ShuffleMapStage 9, ShuffleMapStage 5, ShuffleMapStage 7, ShuffleMapStage 11)
21/04/06 03:01:49 INFO DAGScheduler: failed: Set()
21/04/06 03:01:49 INFO DAGScheduler: Missing parents for ResultStage 12: List(ShuffleMapStage 11)
21/04/06 03:01:49 INFO DAGScheduler: Missing parents for ShuffleMapStage 9: List(ShuffleMapStage 7)
21/04/06 03:01:49 INFO DAGScheduler: Missing parents for ShuffleMapStage 5: List(ShuffleMapStage 3)
21/04/06 03:01:49 INFO DAGScheduler: Missing parents for ShuffleMapStage 7: List(ShuffleMapStage 5)
21/04/06 03:01:49 INFO DAGScheduler: Missing parents for ShuffleMapStage 11: List(ShuffleMapStage 9)
21/04/06 03:01:49 INFO Executor: Finished task 1.0 in stage 3.0 (TID 14). 1375 bytes result sent to driver
21/04/06 03:01:49 INFO TaskSetManager: Finished task 1.0 in stage 3.0 (TID 14) in 56 ms on localhost (2/2)
21/04/06 03:01:49 INFO TaskSchedulerImpl: Removed TaskSet 3.0, whose tasks have all completed, from pool 
21/04/06 03:01:49 INFO DAGScheduler: ShuffleMapStage 3 (flatMap at Graph.scala:42) finished in 0.065 s
21/04/06 03:01:49 INFO DAGScheduler: looking for newly runnable stages
21/04/06 03:01:49 INFO DAGScheduler: running: Set()
21/04/06 03:01:49 INFO DAGScheduler: waiting: Set(ResultStage 12, ShuffleMapStage 9, ShuffleMapStage 5, ShuffleMapStage 7, ShuffleMapStage 11)
21/04/06 03:01:49 INFO DAGScheduler: failed: Set()
21/04/06 03:01:49 INFO DAGScheduler: Missing parents for ResultStage 12: List(ShuffleMapStage 11)
21/04/06 03:01:49 INFO DAGScheduler: Missing parents for ShuffleMapStage 9: List(ShuffleMapStage 7)
21/04/06 03:01:49 INFO DAGScheduler: Missing parents for ShuffleMapStage 5: List()
21/04/06 03:01:49 INFO DAGScheduler: Missing parents for ShuffleMapStage 7: List(ShuffleMapStage 5)
21/04/06 03:01:49 INFO DAGScheduler: Missing parents for ShuffleMapStage 11: List(ShuffleMapStage 9)
21/04/06 03:01:49 INFO DAGScheduler: Submitting ShuffleMapStage 5 (MapPartitionsRDD[13] at flatMap at Graph.scala:42), which is now runnable
21/04/06 03:01:49 INFO MemoryStore: ensureFreeSpace(3352) called with curMem=180363, maxMem=555755765
21/04/06 03:01:49 INFO MemoryStore: Block broadcast_9 stored as values in memory (estimated size 3.3 KB, free 529.8 MB)
21/04/06 03:01:49 INFO MemoryStore: ensureFreeSpace(1770) called with curMem=183715, maxMem=555755765
21/04/06 03:01:49 INFO MemoryStore: Block broadcast_9_piece0 stored as bytes in memory (estimated size 1770.0 B, free 529.8 MB)
21/04/06 03:01:49 INFO BlockManagerInfo: Added broadcast_9_piece0 in memory on localhost:43236 (size: 1770.0 B, free: 530.0 MB)
21/04/06 03:01:49 INFO SparkContext: Created broadcast 9 from broadcast at DAGScheduler.scala:861
21/04/06 03:01:49 INFO DAGScheduler: Submitting 2 missing tasks from ShuffleMapStage 5 (MapPartitionsRDD[13] at flatMap at Graph.scala:42)
21/04/06 03:01:49 INFO TaskSchedulerImpl: Adding task set 5.0 with 2 tasks
21/04/06 03:01:49 INFO TaskSetManager: Starting task 0.0 in stage 5.0 (TID 16, localhost, PROCESS_LOCAL, 2170 bytes)
21/04/06 03:01:49 INFO TaskSetManager: Starting task 1.0 in stage 5.0 (TID 17, localhost, PROCESS_LOCAL, 2170 bytes)
21/04/06 03:01:49 INFO Executor: Running task 1.0 in stage 5.0 (TID 17)
21/04/06 03:01:49 INFO Executor: Running task 0.0 in stage 5.0 (TID 16)
21/04/06 03:01:49 INFO ShuffleBlockFetcherIterator: Getting 1 non-empty blocks out of 2 blocks
21/04/06 03:01:49 INFO ShuffleBlockFetcherIterator: Started 0 remote fetches in 0 ms
21/04/06 03:01:49 INFO ShuffleBlockFetcherIterator: Getting 2 non-empty blocks out of 2 blocks
21/04/06 03:01:49 INFO ShuffleBlockFetcherIterator: Started 0 remote fetches in 1 ms
21/04/06 03:01:49 INFO ShuffleBlockFetcherIterator: Getting 2 non-empty blocks out of 2 blocks
21/04/06 03:01:49 INFO ShuffleBlockFetcherIterator: Started 0 remote fetches in 0 ms
21/04/06 03:01:49 INFO Executor: Finished task 1.0 in stage 5.0 (TID 17). 1375 bytes result sent to driver
21/04/06 03:01:49 INFO TaskSetManager: Finished task 1.0 in stage 5.0 (TID 17) in 18 ms on localhost (1/2)
21/04/06 03:01:49 INFO ShuffleBlockFetcherIterator: Getting 2 non-empty blocks out of 2 blocks
21/04/06 03:01:49 INFO ShuffleBlockFetcherIterator: Started 0 remote fetches in 0 ms
21/04/06 03:01:49 INFO Executor: Finished task 0.0 in stage 5.0 (TID 16). 1375 bytes result sent to driver
21/04/06 03:01:49 INFO TaskSetManager: Finished task 0.0 in stage 5.0 (TID 16) in 31 ms on localhost (2/2)
21/04/06 03:01:49 INFO TaskSchedulerImpl: Removed TaskSet 5.0, whose tasks have all completed, from pool 
21/04/06 03:01:49 INFO DAGScheduler: ShuffleMapStage 5 (flatMap at Graph.scala:42) finished in 0.028 s
21/04/06 03:01:49 INFO DAGScheduler: looking for newly runnable stages
21/04/06 03:01:49 INFO DAGScheduler: running: Set()
21/04/06 03:01:49 INFO DAGScheduler: waiting: Set(ResultStage 12, ShuffleMapStage 9, ShuffleMapStage 7, ShuffleMapStage 11)
21/04/06 03:01:49 INFO DAGScheduler: failed: Set()
21/04/06 03:01:49 INFO DAGScheduler: Missing parents for ResultStage 12: List(ShuffleMapStage 11)
21/04/06 03:01:49 INFO DAGScheduler: Missing parents for ShuffleMapStage 9: List(ShuffleMapStage 7)
21/04/06 03:01:49 INFO DAGScheduler: Missing parents for ShuffleMapStage 7: List()
21/04/06 03:01:49 INFO DAGScheduler: Missing parents for ShuffleMapStage 11: List(ShuffleMapStage 9)
21/04/06 03:01:49 INFO DAGScheduler: Submitting ShuffleMapStage 7 (MapPartitionsRDD[18] at flatMap at Graph.scala:42), which is now runnable
21/04/06 03:01:49 INFO MemoryStore: ensureFreeSpace(3352) called with curMem=185485, maxMem=555755765
21/04/06 03:01:49 INFO MemoryStore: Block broadcast_10 stored as values in memory (estimated size 3.3 KB, free 529.8 MB)
21/04/06 03:01:49 INFO MemoryStore: ensureFreeSpace(1771) called with curMem=188837, maxMem=555755765
21/04/06 03:01:49 INFO MemoryStore: Block broadcast_10_piece0 stored as bytes in memory (estimated size 1771.0 B, free 529.8 MB)
21/04/06 03:01:49 INFO BlockManagerInfo: Added broadcast_10_piece0 in memory on localhost:43236 (size: 1771.0 B, free: 530.0 MB)
21/04/06 03:01:49 INFO SparkContext: Created broadcast 10 from broadcast at DAGScheduler.scala:861
21/04/06 03:01:49 INFO DAGScheduler: Submitting 2 missing tasks from ShuffleMapStage 7 (MapPartitionsRDD[18] at flatMap at Graph.scala:42)
21/04/06 03:01:49 INFO TaskSchedulerImpl: Adding task set 7.0 with 2 tasks
21/04/06 03:01:49 INFO TaskSetManager: Starting task 0.0 in stage 7.0 (TID 18, localhost, PROCESS_LOCAL, 2170 bytes)
21/04/06 03:01:49 INFO TaskSetManager: Starting task 1.0 in stage 7.0 (TID 19, localhost, PROCESS_LOCAL, 2170 bytes)
21/04/06 03:01:49 INFO Executor: Running task 1.0 in stage 7.0 (TID 19)
21/04/06 03:01:49 INFO Executor: Running task 0.0 in stage 7.0 (TID 18)
21/04/06 03:01:49 INFO ShuffleBlockFetcherIterator: Getting 2 non-empty blocks out of 2 blocks
21/04/06 03:01:49 INFO ShuffleBlockFetcherIterator: Getting 2 non-empty blocks out of 2 blocks
21/04/06 03:01:49 INFO ShuffleBlockFetcherIterator: Started 0 remote fetches in 0 ms
21/04/06 03:01:49 INFO ShuffleBlockFetcherIterator: Started 0 remote fetches in 0 ms
21/04/06 03:01:49 INFO ShuffleBlockFetcherIterator: Getting 2 non-empty blocks out of 2 blocks
21/04/06 03:01:49 INFO ShuffleBlockFetcherIterator: Started 0 remote fetches in 1 ms
21/04/06 03:01:49 INFO ShuffleBlockFetcherIterator: Getting 2 non-empty blocks out of 2 blocks
21/04/06 03:01:49 INFO ShuffleBlockFetcherIterator: Started 0 remote fetches in 1 ms
21/04/06 03:01:49 INFO Executor: Finished task 0.0 in stage 7.0 (TID 18). 1375 bytes result sent to driver
21/04/06 03:01:49 INFO Executor: Finished task 1.0 in stage 7.0 (TID 19). 1375 bytes result sent to driver
21/04/06 03:01:49 INFO TaskSetManager: Finished task 0.0 in stage 7.0 (TID 18) in 10 ms on localhost (1/2)
21/04/06 03:01:49 INFO TaskSetManager: Finished task 1.0 in stage 7.0 (TID 19) in 9 ms on localhost (2/2)
21/04/06 03:01:49 INFO TaskSchedulerImpl: Removed TaskSet 7.0, whose tasks have all completed, from pool 
21/04/06 03:01:49 INFO DAGScheduler: ShuffleMapStage 7 (flatMap at Graph.scala:42) finished in 0.009 s
21/04/06 03:01:49 INFO DAGScheduler: looking for newly runnable stages
21/04/06 03:01:49 INFO DAGScheduler: running: Set()
21/04/06 03:01:49 INFO DAGScheduler: waiting: Set(ResultStage 12, ShuffleMapStage 9, ShuffleMapStage 11)
21/04/06 03:01:49 INFO DAGScheduler: failed: Set()
21/04/06 03:01:49 INFO DAGScheduler: Missing parents for ResultStage 12: List(ShuffleMapStage 11)
21/04/06 03:01:49 INFO DAGScheduler: Missing parents for ShuffleMapStage 9: List()
21/04/06 03:01:49 INFO DAGScheduler: Missing parents for ShuffleMapStage 11: List(ShuffleMapStage 9)
21/04/06 03:01:49 INFO DAGScheduler: Submitting ShuffleMapStage 9 (MapPartitionsRDD[23] at flatMap at Graph.scala:42), which is now runnable
21/04/06 03:01:49 INFO MemoryStore: ensureFreeSpace(3352) called with curMem=190608, maxMem=555755765
21/04/06 03:01:49 INFO MemoryStore: Block broadcast_11 stored as values in memory (estimated size 3.3 KB, free 529.8 MB)
21/04/06 03:01:49 INFO MemoryStore: ensureFreeSpace(1771) called with curMem=193960, maxMem=555755765
21/04/06 03:01:49 INFO MemoryStore: Block broadcast_11_piece0 stored as bytes in memory (estimated size 1771.0 B, free 529.8 MB)
21/04/06 03:01:49 INFO BlockManagerInfo: Added broadcast_11_piece0 in memory on localhost:43236 (size: 1771.0 B, free: 530.0 MB)
21/04/06 03:01:49 INFO SparkContext: Created broadcast 11 from broadcast at DAGScheduler.scala:861
21/04/06 03:01:49 INFO DAGScheduler: Submitting 2 missing tasks from ShuffleMapStage 9 (MapPartitionsRDD[23] at flatMap at Graph.scala:42)
21/04/06 03:01:49 INFO TaskSchedulerImpl: Adding task set 9.0 with 2 tasks
21/04/06 03:01:49 INFO TaskSetManager: Starting task 0.0 in stage 9.0 (TID 20, localhost, PROCESS_LOCAL, 2170 bytes)
21/04/06 03:01:49 INFO TaskSetManager: Starting task 1.0 in stage 9.0 (TID 21, localhost, PROCESS_LOCAL, 2170 bytes)
21/04/06 03:01:49 INFO Executor: Running task 1.0 in stage 9.0 (TID 21)
21/04/06 03:01:49 INFO Executor: Running task 0.0 in stage 9.0 (TID 20)
21/04/06 03:01:49 INFO ShuffleBlockFetcherIterator: Getting 2 non-empty blocks out of 2 blocks
21/04/06 03:01:49 INFO ShuffleBlockFetcherIterator: Getting 2 non-empty blocks out of 2 blocks
21/04/06 03:01:49 INFO ShuffleBlockFetcherIterator: Started 0 remote fetches in 1 ms
21/04/06 03:01:49 INFO ShuffleBlockFetcherIterator: Started 0 remote fetches in 1 ms
21/04/06 03:01:49 INFO ShuffleBlockFetcherIterator: Getting 2 non-empty blocks out of 2 blocks
21/04/06 03:01:49 INFO ShuffleBlockFetcherIterator: Getting 2 non-empty blocks out of 2 blocks
21/04/06 03:01:49 INFO ShuffleBlockFetcherIterator: Started 0 remote fetches in 0 ms
21/04/06 03:01:49 INFO ShuffleBlockFetcherIterator: Started 0 remote fetches in 0 ms
21/04/06 03:01:49 INFO Executor: Finished task 0.0 in stage 9.0 (TID 20). 1375 bytes result sent to driver
21/04/06 03:01:49 INFO Executor: Finished task 1.0 in stage 9.0 (TID 21). 1375 bytes result sent to driver
21/04/06 03:01:49 INFO TaskSetManager: Finished task 0.0 in stage 9.0 (TID 20) in 10 ms on localhost (1/2)
21/04/06 03:01:49 INFO TaskSetManager: Finished task 1.0 in stage 9.0 (TID 21) in 9 ms on localhost (2/2)
21/04/06 03:01:49 INFO TaskSchedulerImpl: Removed TaskSet 9.0, whose tasks have all completed, from pool 
21/04/06 03:01:49 INFO DAGScheduler: ShuffleMapStage 9 (flatMap at Graph.scala:42) finished in 0.010 s
21/04/06 03:01:49 INFO DAGScheduler: looking for newly runnable stages
21/04/06 03:01:49 INFO DAGScheduler: running: Set()
21/04/06 03:01:49 INFO DAGScheduler: waiting: Set(ResultStage 12, ShuffleMapStage 11)
21/04/06 03:01:49 INFO DAGScheduler: failed: Set()
21/04/06 03:01:49 INFO DAGScheduler: Missing parents for ResultStage 12: List(ShuffleMapStage 11)
21/04/06 03:01:49 INFO DAGScheduler: Missing parents for ShuffleMapStage 11: List()
21/04/06 03:01:49 INFO DAGScheduler: Submitting ShuffleMapStage 11 (MapPartitionsRDD[28] at flatMap at Graph.scala:42), which is now runnable
21/04/06 03:01:49 INFO MemoryStore: ensureFreeSpace(3352) called with curMem=195731, maxMem=555755765
21/04/06 03:01:49 INFO MemoryStore: Block broadcast_12 stored as values in memory (estimated size 3.3 KB, free 529.8 MB)
21/04/06 03:01:49 INFO MemoryStore: ensureFreeSpace(1772) called with curMem=199083, maxMem=555755765
21/04/06 03:01:49 INFO MemoryStore: Block broadcast_12_piece0 stored as bytes in memory (estimated size 1772.0 B, free 529.8 MB)
21/04/06 03:01:49 INFO BlockManagerInfo: Added broadcast_12_piece0 in memory on localhost:43236 (size: 1772.0 B, free: 530.0 MB)
21/04/06 03:01:49 INFO SparkContext: Created broadcast 12 from broadcast at DAGScheduler.scala:861
21/04/06 03:01:49 INFO DAGScheduler: Submitting 2 missing tasks from ShuffleMapStage 11 (MapPartitionsRDD[28] at flatMap at Graph.scala:42)
21/04/06 03:01:49 INFO TaskSchedulerImpl: Adding task set 11.0 with 2 tasks
21/04/06 03:01:49 INFO TaskSetManager: Starting task 0.0 in stage 11.0 (TID 22, localhost, PROCESS_LOCAL, 2170 bytes)
21/04/06 03:01:49 INFO TaskSetManager: Starting task 1.0 in stage 11.0 (TID 23, localhost, PROCESS_LOCAL, 2170 bytes)
21/04/06 03:01:49 INFO Executor: Running task 1.0 in stage 11.0 (TID 23)
21/04/06 03:01:49 INFO Executor: Running task 0.0 in stage 11.0 (TID 22)
21/04/06 03:01:49 INFO ShuffleBlockFetcherIterator: Getting 2 non-empty blocks out of 2 blocks
21/04/06 03:01:49 INFO ShuffleBlockFetcherIterator: Started 0 remote fetches in 0 ms
21/04/06 03:01:49 INFO ShuffleBlockFetcherIterator: Getting 2 non-empty blocks out of 2 blocks
21/04/06 03:01:49 INFO ShuffleBlockFetcherIterator: Started 0 remote fetches in 1 ms
21/04/06 03:01:49 INFO Executor: Finished task 0.0 in stage 11.0 (TID 22). 1375 bytes result sent to driver
21/04/06 03:01:49 INFO TaskSetManager: Finished task 0.0 in stage 11.0 (TID 22) in 15 ms on localhost (1/2)
21/04/06 03:01:49 INFO ShuffleBlockFetcherIterator: Getting 2 non-empty blocks out of 2 blocks
21/04/06 03:01:49 INFO ShuffleBlockFetcherIterator: Started 0 remote fetches in 1 ms
21/04/06 03:01:49 INFO ShuffleBlockFetcherIterator: Getting 2 non-empty blocks out of 2 blocks
21/04/06 03:01:49 INFO ShuffleBlockFetcherIterator: Started 0 remote fetches in 0 ms
21/04/06 03:01:49 INFO Executor: Finished task 1.0 in stage 11.0 (TID 23). 1375 bytes result sent to driver
21/04/06 03:01:49 INFO TaskSetManager: Finished task 1.0 in stage 11.0 (TID 23) in 30 ms on localhost (2/2)
21/04/06 03:01:49 INFO TaskSchedulerImpl: Removed TaskSet 11.0, whose tasks have all completed, from pool 
21/04/06 03:01:49 INFO DAGScheduler: ShuffleMapStage 11 (flatMap at Graph.scala:42) finished in 0.031 s
21/04/06 03:01:49 INFO DAGScheduler: looking for newly runnable stages
21/04/06 03:01:49 INFO DAGScheduler: running: Set()
21/04/06 03:01:49 INFO DAGScheduler: waiting: Set(ResultStage 12)
21/04/06 03:01:49 INFO DAGScheduler: failed: Set()
21/04/06 03:01:49 INFO DAGScheduler: Missing parents for ResultStage 12: List()
21/04/06 03:01:49 INFO DAGScheduler: Submitting ResultStage 12 (MapPartitionsRDD[32] at sortByKey at Graph.scala:56), which is now runnable
21/04/06 03:01:49 INFO MemoryStore: ensureFreeSpace(3408) called with curMem=200855, maxMem=555755765
21/04/06 03:01:49 INFO MemoryStore: Block broadcast_13 stored as values in memory (estimated size 3.3 KB, free 529.8 MB)
21/04/06 03:01:49 INFO MemoryStore: ensureFreeSpace(1941) called with curMem=204263, maxMem=555755765
21/04/06 03:01:49 INFO MemoryStore: Block broadcast_13_piece0 stored as bytes in memory (estimated size 1941.0 B, free 529.8 MB)
21/04/06 03:01:49 INFO BlockManagerInfo: Added broadcast_13_piece0 in memory on localhost:43236 (size: 1941.0 B, free: 530.0 MB)
21/04/06 03:01:49 INFO SparkContext: Created broadcast 13 from broadcast at DAGScheduler.scala:861
21/04/06 03:01:49 INFO DAGScheduler: Submitting 2 missing tasks from ResultStage 12 (MapPartitionsRDD[32] at sortByKey at Graph.scala:56)
21/04/06 03:01:49 INFO TaskSchedulerImpl: Adding task set 12.0 with 2 tasks
21/04/06 03:01:49 INFO TaskSetManager: Starting task 0.0 in stage 12.0 (TID 24, localhost, PROCESS_LOCAL, 1954 bytes)
21/04/06 03:01:49 INFO TaskSetManager: Starting task 1.0 in stage 12.0 (TID 25, localhost, PROCESS_LOCAL, 1954 bytes)
21/04/06 03:01:49 INFO Executor: Running task 1.0 in stage 12.0 (TID 25)
21/04/06 03:01:49 INFO Executor: Running task 0.0 in stage 12.0 (TID 24)
21/04/06 03:01:49 INFO ShuffleBlockFetcherIterator: Getting 2 non-empty blocks out of 2 blocks
21/04/06 03:01:49 INFO ShuffleBlockFetcherIterator: Getting 2 non-empty blocks out of 2 blocks
21/04/06 03:01:49 INFO ShuffleBlockFetcherIterator: Started 0 remote fetches in 0 ms
21/04/06 03:01:49 INFO ShuffleBlockFetcherIterator: Started 0 remote fetches in 0 ms
21/04/06 03:01:49 INFO Executor: Finished task 0.0 in stage 12.0 (TID 24). 1358 bytes result sent to driver
21/04/06 03:01:49 INFO Executor: Finished task 1.0 in stage 12.0 (TID 25). 1358 bytes result sent to driver
21/04/06 03:01:49 INFO TaskSetManager: Finished task 0.0 in stage 12.0 (TID 24) in 11 ms on localhost (1/2)
21/04/06 03:01:49 INFO TaskSetManager: Finished task 1.0 in stage 12.0 (TID 25) in 11 ms on localhost (2/2)
21/04/06 03:01:49 INFO TaskSchedulerImpl: Removed TaskSet 12.0, whose tasks have all completed, from pool 
21/04/06 03:01:49 INFO DAGScheduler: ResultStage 12 (sortByKey at Graph.scala:56) finished in 0.012 s
21/04/06 03:01:49 INFO DAGScheduler: Job 0 finished: sortByKey at Graph.scala:56, took 0.850693 s
21/04/06 03:01:49 INFO SparkContext: Starting job: collect at Graph.scala:56
21/04/06 03:01:49 INFO MapOutputTrackerMaster: Size of output statuses for shuffle 11 is 155 bytes
21/04/06 03:01:49 INFO MapOutputTrackerMaster: Size of output statuses for shuffle 1 is 155 bytes
21/04/06 03:01:49 INFO MapOutputTrackerMaster: Size of output statuses for shuffle 0 is 155 bytes
21/04/06 03:01:49 INFO MapOutputTrackerMaster: Size of output statuses for shuffle 10 is 155 bytes
21/04/06 03:01:49 INFO MapOutputTrackerMaster: Size of output statuses for shuffle 2 is 155 bytes
21/04/06 03:01:49 INFO MapOutputTrackerMaster: Size of output statuses for shuffle 9 is 154 bytes
21/04/06 03:01:49 INFO MapOutputTrackerMaster: Size of output statuses for shuffle 3 is 155 bytes
21/04/06 03:01:49 INFO MapOutputTrackerMaster: Size of output statuses for shuffle 8 is 154 bytes
21/04/06 03:01:49 INFO MapOutputTrackerMaster: Size of output statuses for shuffle 4 is 155 bytes
21/04/06 03:01:49 INFO MapOutputTrackerMaster: Size of output statuses for shuffle 7 is 154 bytes
21/04/06 03:01:49 INFO MapOutputTrackerMaster: Size of output statuses for shuffle 5 is 155 bytes
21/04/06 03:01:49 INFO MapOutputTrackerMaster: Size of output statuses for shuffle 6 is 154 bytes
21/04/06 03:01:49 INFO DAGScheduler: Registering RDD 30 (filter at Graph.scala:56)
21/04/06 03:01:49 INFO DAGScheduler: Got job 1 (collect at Graph.scala:56) with 2 output partitions
21/04/06 03:01:49 INFO DAGScheduler: Final stage: ResultStage 26(collect at Graph.scala:56)
21/04/06 03:01:49 INFO DAGScheduler: Parents of final stage: List(ShuffleMapStage 25)
21/04/06 03:01:49 INFO DAGScheduler: Missing parents: List(ShuffleMapStage 25)
21/04/06 03:01:49 INFO DAGScheduler: Submitting ShuffleMapStage 25 (MapPartitionsRDD[30] at filter at Graph.scala:56), which has no missing parents
21/04/06 03:01:49 INFO MemoryStore: ensureFreeSpace(3104) called with curMem=206204, maxMem=555755765
21/04/06 03:01:49 INFO MemoryStore: Block broadcast_14 stored as values in memory (estimated size 3.0 KB, free 529.8 MB)
21/04/06 03:01:49 INFO MemoryStore: ensureFreeSpace(1837) called with curMem=209308, maxMem=555755765
21/04/06 03:01:49 INFO MemoryStore: Block broadcast_14_piece0 stored as bytes in memory (estimated size 1837.0 B, free 529.8 MB)
21/04/06 03:01:49 INFO BlockManagerInfo: Added broadcast_14_piece0 in memory on localhost:43236 (size: 1837.0 B, free: 530.0 MB)
21/04/06 03:01:49 INFO SparkContext: Created broadcast 14 from broadcast at DAGScheduler.scala:861
21/04/06 03:01:49 INFO DAGScheduler: Submitting 2 missing tasks from ShuffleMapStage 25 (MapPartitionsRDD[30] at filter at Graph.scala:56)
21/04/06 03:01:49 INFO TaskSchedulerImpl: Adding task set 25.0 with 2 tasks
21/04/06 03:01:49 INFO TaskSetManager: Starting task 0.0 in stage 25.0 (TID 26, localhost, PROCESS_LOCAL, 1943 bytes)
21/04/06 03:01:49 INFO TaskSetManager: Starting task 1.0 in stage 25.0 (TID 27, localhost, PROCESS_LOCAL, 1943 bytes)
21/04/06 03:01:49 INFO Executor: Running task 0.0 in stage 25.0 (TID 26)
21/04/06 03:01:49 INFO Executor: Running task 1.0 in stage 25.0 (TID 27)
21/04/06 03:01:49 INFO ShuffleBlockFetcherIterator: Getting 2 non-empty blocks out of 2 blocks
21/04/06 03:01:49 INFO ShuffleBlockFetcherIterator: Getting 2 non-empty blocks out of 2 blocks
21/04/06 03:01:49 INFO ShuffleBlockFetcherIterator: Started 0 remote fetches in 1 ms
21/04/06 03:01:49 INFO ShuffleBlockFetcherIterator: Started 0 remote fetches in 1 ms
21/04/06 03:01:49 INFO Executor: Finished task 0.0 in stage 25.0 (TID 26). 1375 bytes result sent to driver
21/04/06 03:01:49 INFO Executor: Finished task 1.0 in stage 25.0 (TID 27). 1375 bytes result sent to driver
21/04/06 03:01:49 INFO TaskSetManager: Finished task 1.0 in stage 25.0 (TID 27) in 9 ms on localhost (1/2)
21/04/06 03:01:49 INFO TaskSetManager: Finished task 0.0 in stage 25.0 (TID 26) in 10 ms on localhost (2/2)
21/04/06 03:01:49 INFO TaskSchedulerImpl: Removed TaskSet 25.0, whose tasks have all completed, from pool 
21/04/06 03:01:49 INFO DAGScheduler: ShuffleMapStage 25 (filter at Graph.scala:56) finished in 0.006 s
21/04/06 03:01:49 INFO DAGScheduler: looking for newly runnable stages
21/04/06 03:01:49 INFO DAGScheduler: running: Set()
21/04/06 03:01:49 INFO DAGScheduler: waiting: Set(ResultStage 26)
21/04/06 03:01:49 INFO DAGScheduler: failed: Set()
21/04/06 03:01:49 INFO DAGScheduler: Missing parents for ResultStage 26: List()
21/04/06 03:01:49 INFO DAGScheduler: Submitting ResultStage 26 (ShuffledRDD[33] at sortByKey at Graph.scala:56), which is now runnable
21/04/06 03:01:49 INFO MemoryStore: ensureFreeSpace(2560) called with curMem=211145, maxMem=555755765
21/04/06 03:01:49 INFO MemoryStore: Block broadcast_15 stored as values in memory (estimated size 2.5 KB, free 529.8 MB)
21/04/06 03:01:49 INFO MemoryStore: ensureFreeSpace(1516) called with curMem=213705, maxMem=555755765
21/04/06 03:01:49 INFO MemoryStore: Block broadcast_15_piece0 stored as bytes in memory (estimated size 1516.0 B, free 529.8 MB)
21/04/06 03:01:49 INFO BlockManagerInfo: Added broadcast_15_piece0 in memory on localhost:43236 (size: 1516.0 B, free: 530.0 MB)
21/04/06 03:01:49 INFO SparkContext: Created broadcast 15 from broadcast at DAGScheduler.scala:861
21/04/06 03:01:49 INFO DAGScheduler: Submitting 2 missing tasks from ResultStage 26 (ShuffledRDD[33] at sortByKey at Graph.scala:56)
21/04/06 03:01:49 INFO TaskSchedulerImpl: Adding task set 26.0 with 2 tasks
21/04/06 03:01:49 INFO TaskSetManager: Starting task 0.0 in stage 26.0 (TID 28, localhost, PROCESS_LOCAL, 1954 bytes)
21/04/06 03:01:49 INFO TaskSetManager: Starting task 1.0 in stage 26.0 (TID 29, localhost, PROCESS_LOCAL, 1954 bytes)
21/04/06 03:01:49 INFO Executor: Running task 1.0 in stage 26.0 (TID 29)
21/04/06 03:01:49 INFO Executor: Running task 0.0 in stage 26.0 (TID 28)
21/04/06 03:01:49 INFO ShuffleBlockFetcherIterator: Getting 2 non-empty blocks out of 2 blocks
21/04/06 03:01:49 INFO ShuffleBlockFetcherIterator: Started 0 remote fetches in 1 ms
21/04/06 03:01:49 INFO ShuffleBlockFetcherIterator: Getting 2 non-empty blocks out of 2 blocks
21/04/06 03:01:49 INFO ShuffleBlockFetcherIterator: Started 0 remote fetches in 1 ms
21/04/06 03:01:49 INFO Executor: Finished task 0.0 in stage 26.0 (TID 28). 1394 bytes result sent to driver
21/04/06 03:01:49 INFO TaskSetManager: Finished task 0.0 in stage 26.0 (TID 28) in 17 ms on localhost (1/2)
21/04/06 03:01:49 INFO Executor: Finished task 1.0 in stage 26.0 (TID 29). 1339 bytes result sent to driver
21/04/06 03:01:49 INFO TaskSetManager: Finished task 1.0 in stage 26.0 (TID 29) in 18 ms on localhost (2/2)
21/04/06 03:01:49 INFO TaskSchedulerImpl: Removed TaskSet 26.0, whose tasks have all completed, from pool 
21/04/06 03:01:49 INFO DAGScheduler: ResultStage 26 (collect at Graph.scala:56) finished in 0.016 s
21/04/06 03:01:49 INFO DAGScheduler: Job 1 finished: collect at Graph.scala:56, took 0.064614 s
(1,0)
(2,1)
(3,1)
(4,2)
(5,2)
(6,3)
21/04/06 03:01:49 INFO SparkContext: Invoking stop() from shutdown hook
21/04/06 03:01:49 INFO SparkUI: Stopped Spark web UI at http://198.202.116.121:4040
21/04/06 03:01:49 INFO DAGScheduler: Stopping DAGScheduler
21/04/06 03:01:49 INFO MapOutputTrackerMasterEndpoint: MapOutputTrackerMasterEndpoint stopped!
21/04/06 03:01:49 INFO MemoryStore: MemoryStore cleared
21/04/06 03:01:49 INFO BlockManager: BlockManager stopped
21/04/06 03:01:49 INFO BlockManagerMaster: BlockManagerMaster stopped
21/04/06 03:01:49 INFO OutputCommitCoordinator$OutputCommitCoordinatorEndpoint: OutputCommitCoordinator stopped!
21/04/06 03:01:49 INFO SparkContext: Successfully stopped SparkContext
21/04/06 03:01:49 INFO ShutdownHookManager: Shutdown hook called
21/04/06 03:01:49 INFO ShutdownHookManager: Deleting directory /tmp/spark-862837a7-db28-4009-bcb8-ab414ae925dd
