which: no hadoop in (/opt/mvapich2/intel/ib/bin:/opt/intel/2018.1.163/compilers_and_libraries_2018.1.163/linux/bin/intel64:/usr/lib64/qt-3.3/bin:/usr/local/bin:/bin:/usr/bin:/usr/bin:/usr/local/sbin:/usr/sbin:/opt/sdsc/bin:/opt/sdsc/sbin:/opt/ibutils/bin:/opt/pdsh/bin:/opt/rocks/bin:/opt/rocks/sbin:/home/gxj9834/bin)
21/04/13 09:55:05 INFO pig.ExecTypeProvider: Trying ExecType : LOCAL
21/04/13 09:55:05 INFO pig.ExecTypeProvider: Picked LOCAL as the ExecType
2021-04-13 09:55:05,628 [main] INFO  org.apache.pig.Main - Apache Pig version 0.16.0 (r1746530) compiled Jun 01 2016, 23:09:59
2021-04-13 09:55:05,628 [main] INFO  org.apache.pig.Main - Logging error messages to: /home/gxj9834/project6/pig_1618332905624.log
2021-04-13 09:55:05,852 [main] INFO  org.apache.pig.impl.util.Utils - Default bootup file /home/gxj9834/.pigbootup not found
2021-04-13 09:55:06,005 [main] INFO  org.apache.pig.backend.hadoop.executionengine.HExecutionEngine - Connecting to hadoop file system at: file:///
2021-04-13 09:55:06,029 [main] INFO  org.apache.pig.PigServer - Pig Script ID for the session: 
2021-04-13 09:55:06,029 [main] WARN  org.apache.pig.PigServer - ATS is disabled since yarn.timeline-service.enabled set to false
2021-04-13 09:55:06,686 [main] INFO  org.apache.pig.tools.pigstats.ScriptState - Pig features used in the script: GROUP_BY
2021-04-13 09:55:06,843 [main] INFO  org.apache.pig.newplan.logical.optimizer.LogicalPlanOptimizer - {RULES_ENABLED=[AddForEach, ColumnMapKeyPrune, ConstantCalculator, GroupByConstParallelSetter, LimitOptimizer, LoadTypeCastInserter, MergeFilter, MergeForEach, PartitionFilterOptimizer, PredicatePushdownOptimizer, PushDownForEachFlatten, PushUpFilter, SplitFilter, StreamTypeCastInserter]}
2021-04-13 09:55:06,887 [main] INFO  org.apache.pig.impl.util.SpillableMemoryManager - Selected heap (Tenured Gen) of size 699072512 to monitor. collectionUsageThreshold = 489350752, usageThreshold = 489350752
2021-04-13 09:55:06,938 [main] INFO  org.apache.pig.backend.hadoop.executionengine.mapReduceLayer.MRCompiler - File concatenation threshold: 100 optimistic? false
2021-04-13 09:55:06,948 [main] WARN  org.apache.hadoop.util.NativeCodeLoader - Unable to load native-hadoop library for your platform... using builtin-java classes where applicable
2021-04-13 09:55:06,958 [main] INFO  org.apache.pig.backend.hadoop.executionengine.util.CombinerOptimizerUtil - Choosing to move algebraic foreach to combiner
2021-04-13 09:55:06,964 [main] INFO  org.apache.pig.backend.hadoop.executionengine.util.CombinerOptimizerUtil - Choosing to move algebraic foreach to combiner
2021-04-13 09:55:06,977 [main] INFO  org.apache.pig.backend.hadoop.executionengine.mapReduceLayer.MultiQueryOptimizer - MR plan size before optimization: 2
2021-04-13 09:55:06,977 [main] INFO  org.apache.pig.backend.hadoop.executionengine.mapReduceLayer.MultiQueryOptimizer - MR plan size after optimization: 2
2021-04-13 09:55:07,054 [main] INFO  org.apache.pig.tools.pigstats.mapreduce.MRScriptState - Pig script settings are added to the job
2021-04-13 09:55:07,085 [main] INFO  org.apache.pig.backend.hadoop.executionengine.mapReduceLayer.JobControlCompiler - mapred.job.reduce.markreset.buffer.percent is not set, set to default 0.3
2021-04-13 09:55:07,086 [main] INFO  org.apache.pig.backend.hadoop.executionengine.mapReduceLayer.JobControlCompiler - Reduce phase detected, estimating # of required reducers.
2021-04-13 09:55:07,086 [main] INFO  org.apache.pig.backend.hadoop.executionengine.mapReduceLayer.JobControlCompiler - Using reducer estimator: org.apache.pig.backend.hadoop.executionengine.mapReduceLayer.InputSizeReducerEstimator
2021-04-13 09:55:07,092 [main] INFO  org.apache.pig.backend.hadoop.executionengine.mapReduceLayer.InputSizeReducerEstimator - BytesPerReducer=1000000000 maxReducers=999 totalInputFileSize=194759
2021-04-13 09:55:07,092 [main] INFO  org.apache.pig.backend.hadoop.executionengine.mapReduceLayer.JobControlCompiler - Setting Parallelism to 1
2021-04-13 09:55:07,114 [main] INFO  org.apache.pig.backend.hadoop.executionengine.mapReduceLayer.JobControlCompiler - Setting up single store job
2021-04-13 09:55:07,118 [main] INFO  org.apache.pig.data.SchemaTupleFrontend - Key [pig.schematuple] is false, will not generate code.
2021-04-13 09:55:07,118 [main] INFO  org.apache.pig.data.SchemaTupleFrontend - Starting process to move generated code to distributed cacche
2021-04-13 09:55:07,118 [main] INFO  org.apache.pig.data.SchemaTupleFrontend - Distributed cache not supported or needed in local mode. Setting key [pig.schematuple.local.dir] with code temp directory: /tmp/1618332907118-0
2021-04-13 09:55:07,231 [main] INFO  org.apache.pig.backend.hadoop.executionengine.mapReduceLayer.MapReduceLauncher - 1 map-reduce job(s) waiting for submission.
2021-04-13 09:55:07,259 [JobControl] WARN  org.apache.hadoop.mapred.JobClient - No job jar file set.  User classes may not be found. See JobConf(Class) or JobConf#setJar(String).
2021-04-13 09:55:07,291 [JobControl] INFO  org.apache.pig.builtin.PigStorage - Using PigTextInputFormat
2021-04-13 09:55:07,306 [JobControl] INFO  org.apache.hadoop.mapreduce.lib.input.FileInputFormat - Total input paths to process : 1
2021-04-13 09:55:07,306 [JobControl] INFO  org.apache.pig.backend.hadoop.executionengine.util.MapRedUtil - Total input paths to process : 1
2021-04-13 09:55:07,312 [JobControl] WARN  org.apache.hadoop.io.compress.snappy.LoadSnappy - Snappy native library is available
2021-04-13 09:55:07,312 [JobControl] WARN  org.apache.hadoop.io.compress.snappy.LoadSnappy - Snappy native library not loaded
2021-04-13 09:55:07,314 [JobControl] INFO  org.apache.pig.backend.hadoop.executionengine.util.MapRedUtil - Total input paths (combined) to process : 1
2021-04-13 09:55:07,722 [Thread-3] INFO  org.apache.hadoop.util.ProcessTree - setsid exited with exit code 0
2021-04-13 09:55:07,733 [main] INFO  org.apache.pig.backend.hadoop.executionengine.mapReduceLayer.MapReduceLauncher - HadoopJobId: job_local_0001
2021-04-13 09:55:07,775 [main] INFO  org.apache.pig.backend.hadoop.executionengine.mapReduceLayer.MapReduceLauncher - Processing aliases Inp,generatecount,groupfid
2021-04-13 09:55:07,775 [main] INFO  org.apache.pig.backend.hadoop.executionengine.mapReduceLayer.MapReduceLauncher - detailed locations: M: Inp[2,6],Inp[-1,-1],generatecount[4,16],groupfid[3,10] C: generatecount[4,16],groupfid[3,10] R: generatecount[4,16]
2021-04-13 09:55:07,781 [main] INFO  org.apache.pig.backend.hadoop.executionengine.mapReduceLayer.MapReduceLauncher - 0% complete
2021-04-13 09:55:07,781 [main] INFO  org.apache.pig.backend.hadoop.executionengine.mapReduceLayer.MapReduceLauncher - Running jobs are [job_local_0001]
2021-04-13 09:55:07,821 [Thread-3] INFO  org.apache.hadoop.mapred.Task -  Using ResourceCalculatorPlugin : org.apache.hadoop.util.LinuxResourceCalculatorPlugin@67082271
2021-04-13 09:55:07,833 [Thread-3] INFO  org.apache.pig.builtin.PigStorage - Using PigTextInputFormat
2021-04-13 09:55:07,836 [Thread-3] INFO  org.apache.pig.backend.hadoop.executionengine.mapReduceLayer.PigRecordReader - Current split being processed file:/home/gxj9834/project6/small-twitter.csv:0+194759
2021-04-13 09:55:07,842 [Thread-3] INFO  org.apache.hadoop.mapred.MapTask - io.sort.mb = 100
2021-04-13 09:55:07,923 [Thread-3] INFO  org.apache.hadoop.mapred.MapTask - data buffer = 79691776/99614720
2021-04-13 09:55:07,924 [Thread-3] INFO  org.apache.hadoop.mapred.MapTask - record buffer = 262144/327680
2021-04-13 09:55:07,931 [Thread-3] INFO  org.apache.pig.impl.util.SpillableMemoryManager - Selected heap (Tenured Gen) of size 699072512 to monitor. collectionUsageThreshold = 489350752, usageThreshold = 489350752
2021-04-13 09:55:07,932 [Thread-3] INFO  org.apache.pig.data.SchemaTupleBackend - Key [pig.schematuple] was not set... will not generate code.
2021-04-13 09:55:07,941 [Thread-3] INFO  org.apache.pig.backend.hadoop.executionengine.mapReduceLayer.PigGenericMapReduce$Map - Aliases being processed per job phase (AliasName[line,offset]): M: Inp[2,6],Inp[-1,-1],generatecount[4,16],groupfid[3,10] C: generatecount[4,16],groupfid[3,10] R: generatecount[4,16]
2021-04-13 09:55:08,332 [Thread-3] INFO  org.apache.hadoop.mapred.MapTask - Starting flush of map output
2021-04-13 09:55:08,413 [Thread-3] INFO  org.apache.pig.backend.hadoop.executionengine.mapReduceLayer.PigCombiner$Combine - Aliases being processed per job phase (AliasName[line,offset]): M: Inp[2,6],Inp[-1,-1],generatecount[4,16],groupfid[3,10] C: generatecount[4,16],groupfid[3,10] R: generatecount[4,16]
2021-04-13 09:55:08,660 [Thread-3] INFO  org.apache.hadoop.mapred.MapTask - Finished spill 0
2021-04-13 09:55:08,664 [Thread-3] INFO  org.apache.hadoop.mapred.Task - Task:attempt_local_0001_m_000000_0 is done. And is in the process of commiting
2021-04-13 09:55:10,631 [Thread-3] INFO  org.apache.hadoop.mapred.LocalJobRunner - 
2021-04-13 09:55:10,632 [Thread-3] INFO  org.apache.hadoop.mapred.Task - Task 'attempt_local_0001_m_000000_0' done.
2021-04-13 09:55:10,653 [Thread-3] INFO  org.apache.hadoop.mapred.Task -  Using ResourceCalculatorPlugin : org.apache.hadoop.util.LinuxResourceCalculatorPlugin@3c5f5853
2021-04-13 09:55:10,653 [Thread-3] INFO  org.apache.hadoop.mapred.LocalJobRunner - 
2021-04-13 09:55:10,666 [Thread-3] INFO  org.apache.hadoop.mapred.Merger - Merging 1 sorted segments
2021-04-13 09:55:10,678 [Thread-3] INFO  org.apache.hadoop.mapred.Merger - Down to the last merge-pass, with 1 segments left of total size: 156913 bytes
2021-04-13 09:55:10,679 [Thread-3] INFO  org.apache.hadoop.mapred.LocalJobRunner - 
2021-04-13 09:55:10,697 [Thread-3] INFO  org.apache.pig.impl.util.SpillableMemoryManager - Selected heap (Tenured Gen) of size 699072512 to monitor. collectionUsageThreshold = 489350752, usageThreshold = 489350752
2021-04-13 09:55:10,697 [Thread-3] WARN  org.apache.pig.data.SchemaTupleBackend - SchemaTupleBackend has already been initialized
2021-04-13 09:55:10,701 [Thread-3] INFO  org.apache.pig.backend.hadoop.executionengine.mapReduceLayer.PigMapReduce$Reduce - Aliases being processed per job phase (AliasName[line,offset]): M: Inp[2,6],Inp[-1,-1],generatecount[4,16],groupfid[3,10] C: generatecount[4,16],groupfid[3,10] R: generatecount[4,16]
2021-04-13 09:55:10,800 [main] INFO  org.apache.pig.backend.hadoop.executionengine.mapReduceLayer.MapReduceLauncher - 25% complete
2021-04-13 09:55:10,800 [main] INFO  org.apache.pig.backend.hadoop.executionengine.mapReduceLayer.MapReduceLauncher - Running jobs are [job_local_0001]
2021-04-13 09:55:10,837 [Thread-3] INFO  org.apache.hadoop.mapred.Task - Task:attempt_local_0001_r_000000_0 is done. And is in the process of commiting
2021-04-13 09:55:10,838 [Thread-3] INFO  org.apache.hadoop.mapred.LocalJobRunner - 
2021-04-13 09:55:10,852 [Thread-3] INFO  org.apache.hadoop.mapred.Task - Task attempt_local_0001_r_000000_0 is allowed to commit now
2021-04-13 09:55:10,854 [Thread-3] INFO  org.apache.hadoop.mapreduce.lib.output.FileOutputCommitter - Saved output of task 'attempt_local_0001_r_000000_0' to file:/tmp/temp-1201499150/tmp-1903764135
2021-04-13 09:55:13,676 [Thread-3] INFO  org.apache.hadoop.mapred.LocalJobRunner - reduce > reduce
2021-04-13 09:55:13,677 [Thread-3] INFO  org.apache.hadoop.mapred.Task - Task 'attempt_local_0001_r_000000_0' done.
2021-04-13 09:55:13,804 [main] INFO  org.apache.pig.backend.hadoop.executionengine.mapReduceLayer.MapReduceLauncher - 50% complete
2021-04-13 09:55:13,813 [main] INFO  org.apache.pig.tools.pigstats.mapreduce.MRScriptState - Pig script settings are added to the job
2021-04-13 09:55:13,813 [main] INFO  org.apache.pig.backend.hadoop.executionengine.mapReduceLayer.JobControlCompiler - mapred.job.reduce.markreset.buffer.percent is not set, set to default 0.3
2021-04-13 09:55:13,814 [main] INFO  org.apache.pig.backend.hadoop.executionengine.mapReduceLayer.JobControlCompiler - Reduce phase detected, estimating # of required reducers.
2021-04-13 09:55:13,814 [main] INFO  org.apache.pig.backend.hadoop.executionengine.mapReduceLayer.JobControlCompiler - Using reducer estimator: org.apache.pig.backend.hadoop.executionengine.mapReduceLayer.InputSizeReducerEstimator
2021-04-13 09:55:13,818 [main] INFO  org.apache.pig.backend.hadoop.executionengine.mapReduceLayer.InputSizeReducerEstimator - BytesPerReducer=1000000000 maxReducers=999 totalInputFileSize=92570
2021-04-13 09:55:13,818 [main] INFO  org.apache.pig.backend.hadoop.executionengine.mapReduceLayer.JobControlCompiler - Setting Parallelism to 1
2021-04-13 09:55:13,820 [main] INFO  org.apache.pig.backend.hadoop.executionengine.mapReduceLayer.JobControlCompiler - Setting up single store job
2021-04-13 09:55:13,856 [main] INFO  org.apache.pig.backend.hadoop.executionengine.mapReduceLayer.MapReduceLauncher - 1 map-reduce job(s) waiting for submission.
2021-04-13 09:55:13,869 [JobControl] WARN  org.apache.hadoop.mapred.JobClient - No job jar file set.  User classes may not be found. See JobConf(Class) or JobConf#setJar(String).
2021-04-13 09:55:13,873 [JobControl] INFO  org.apache.hadoop.mapreduce.lib.input.FileInputFormat - Total input paths to process : 1
2021-04-13 09:55:13,874 [JobControl] INFO  org.apache.pig.backend.hadoop.executionengine.util.MapRedUtil - Total input paths to process : 1
2021-04-13 09:55:13,874 [JobControl] INFO  org.apache.pig.backend.hadoop.executionengine.util.MapRedUtil - Total input paths (combined) to process : 1
2021-04-13 09:55:14,268 [Thread-9] INFO  org.apache.hadoop.mapred.Task -  Using ResourceCalculatorPlugin : org.apache.hadoop.util.LinuxResourceCalculatorPlugin@79480975
2021-04-13 09:55:14,290 [Thread-9] INFO  org.apache.pig.backend.hadoop.executionengine.mapReduceLayer.PigRecordReader - Current split being processed file:/tmp/temp-1201499150/tmp-1903764135/part-r-00000:0+92570
2021-04-13 09:55:14,290 [Thread-9] INFO  org.apache.hadoop.mapred.MapTask - io.sort.mb = 100
2021-04-13 09:55:14,333 [Thread-9] INFO  org.apache.hadoop.mapred.MapTask - data buffer = 79691776/99614720
2021-04-13 09:55:14,333 [Thread-9] INFO  org.apache.hadoop.mapred.MapTask - record buffer = 262144/327680
2021-04-13 09:55:14,336 [Thread-9] INFO  org.apache.pig.impl.util.SpillableMemoryManager - Selected heap (Tenured Gen) of size 699072512 to monitor. collectionUsageThreshold = 489350752, usageThreshold = 489350752
2021-04-13 09:55:14,336 [Thread-9] WARN  org.apache.pig.data.SchemaTupleBackend - SchemaTupleBackend has already been initialized
2021-04-13 09:55:14,338 [Thread-9] INFO  org.apache.pig.backend.hadoop.executionengine.mapReduceLayer.PigGenericMapReduce$Map - Aliases being processed per job phase (AliasName[line,offset]): M: generateans[6,14],groupN[5,9] C: generateans[6,14],groupN[5,9] R: generateans[6,14]
2021-04-13 09:55:14,361 [main] INFO  org.apache.pig.backend.hadoop.executionengine.mapReduceLayer.MapReduceLauncher - HadoopJobId: job_local_0002
2021-04-13 09:55:14,361 [main] INFO  org.apache.pig.backend.hadoop.executionengine.mapReduceLayer.MapReduceLauncher - Processing aliases generateans,groupN
2021-04-13 09:55:14,361 [main] INFO  org.apache.pig.backend.hadoop.executionengine.mapReduceLayer.MapReduceLauncher - detailed locations: M: generateans[6,14],groupN[5,9] C: generateans[6,14],groupN[5,9] R: generateans[6,14]
2021-04-13 09:55:14,493 [Thread-9] INFO  org.apache.hadoop.mapred.MapTask - Starting flush of map output
2021-04-13 09:55:14,537 [Thread-9] INFO  org.apache.hadoop.mapred.MapTask - Finished spill 0
2021-04-13 09:55:14,540 [Thread-9] INFO  org.apache.hadoop.mapred.Task - Task:attempt_local_0002_m_000000_0 is done. And is in the process of commiting
2021-04-13 09:55:17,321 [Thread-9] INFO  org.apache.hadoop.mapred.LocalJobRunner - 
2021-04-13 09:55:17,321 [Thread-9] INFO  org.apache.hadoop.mapred.Task - Task 'attempt_local_0002_m_000000_0' done.
2021-04-13 09:55:17,331 [Thread-9] INFO  org.apache.hadoop.mapred.Task -  Using ResourceCalculatorPlugin : org.apache.hadoop.util.LinuxResourceCalculatorPlugin@23737a59
2021-04-13 09:55:17,331 [Thread-9] INFO  org.apache.hadoop.mapred.LocalJobRunner - 
2021-04-13 09:55:17,331 [Thread-9] INFO  org.apache.hadoop.mapred.Merger - Merging 1 sorted segments
2021-04-13 09:55:17,332 [Thread-9] INFO  org.apache.hadoop.mapred.Merger - Down to the last merge-pass, with 1 segments left of total size: 130 bytes
2021-04-13 09:55:17,332 [Thread-9] INFO  org.apache.hadoop.mapred.LocalJobRunner - 
2021-04-13 09:55:17,381 [main] INFO  org.apache.pig.backend.hadoop.executionengine.mapReduceLayer.MapReduceLauncher - 75% complete
2021-04-13 09:55:17,381 [main] INFO  org.apache.pig.backend.hadoop.executionengine.mapReduceLayer.MapReduceLauncher - Running jobs are [job_local_0002]
2021-04-13 09:55:17,462 [Thread-9] INFO  org.apache.pig.impl.util.SpillableMemoryManager - Selected heap (Tenured Gen) of size 699072512 to monitor. collectionUsageThreshold = 489350752, usageThreshold = 489350752
2021-04-13 09:55:17,462 [Thread-9] WARN  org.apache.pig.data.SchemaTupleBackend - SchemaTupleBackend has already been initialized
2021-04-13 09:55:17,464 [Thread-9] INFO  org.apache.pig.backend.hadoop.executionengine.mapReduceLayer.PigMapReduce$Reduce - Aliases being processed per job phase (AliasName[line,offset]): M: generateans[6,14],groupN[5,9] C: generateans[6,14],groupN[5,9] R: generateans[6,14]
2021-04-13 09:55:17,487 [Thread-9] INFO  org.apache.hadoop.mapred.Task - Task:attempt_local_0002_r_000000_0 is done. And is in the process of commiting
2021-04-13 09:55:17,487 [Thread-9] INFO  org.apache.hadoop.mapred.LocalJobRunner - 
2021-04-13 09:55:17,488 [Thread-9] INFO  org.apache.hadoop.mapred.Task - Task attempt_local_0002_r_000000_0 is allowed to commit now
2021-04-13 09:55:17,540 [Thread-9] INFO  org.apache.hadoop.mapreduce.lib.output.FileOutputCommitter - Saved output of task 'attempt_local_0002_r_000000_0' to file:/home/gxj9834/project6/output
2021-04-13 09:55:20,346 [Thread-9] INFO  org.apache.hadoop.mapred.LocalJobRunner - reduce > reduce
2021-04-13 09:55:20,347 [Thread-9] INFO  org.apache.hadoop.mapred.Task - Task 'attempt_local_0002_r_000000_0' done.
2021-04-13 09:55:20,382 [main] INFO  org.apache.pig.backend.hadoop.executionengine.mapReduceLayer.MapReduceLauncher - Running jobs are [job_local_0002]
2021-04-13 09:55:20,888 [main] INFO  org.apache.pig.backend.hadoop.executionengine.mapReduceLayer.MapReduceLauncher - 100% complete
2021-04-13 09:55:20,890 [main] INFO  org.apache.pig.tools.pigstats.mapreduce.SimplePigStats - Script Statistics: 

HadoopVersion	PigVersion	UserId	StartedAt	FinishedAt	Features
1.0.4	0.16.0	gxj9834	2021-04-13 09:55:07	2021-04-13 09:55:20	GROUP_BY

Success!

Job Stats (time in seconds):
JobId	Maps	Reduces	MaxMapTime	MinMapTime	AvgMapTime	MedianMapTime	MaxReduceTime	MinReduceTime	AvgReduceTime	MedianReducetime	Alias	Feature	Outputs
job_local_0001	1	1	n/a	n/a	n/a	n/a	n/a	n/a	n/a	n/a	Inp,generatecount,groupfid	GROUP_BY,COMBINER	
job_local_0002	1	1	n/a	n/a	n/a	n/a	n/a	n/a	n/a	n/a	generateans,groupN	GROUP_BY,COMBINER	file:///home/gxj9834/project6/output,

Input(s):
Successfully read 10000 records from: "file:///home/gxj9834/project6/small-twitter.csv"

Output(s):
Successfully stored 7 records in: "file:///home/gxj9834/project6/output"

Counters:
Total records written : 7
Total bytes written : 0
Spillable Memory Manager spill count : 0
Total bags proactively spilled: 0
Total records proactively spilled: 0

Job DAG:
job_local_0001	->	job_local_0002,
job_local_0002


2021-04-13 09:55:20,891 [main] INFO  org.apache.pig.backend.hadoop.executionengine.mapReduceLayer.MapReduceLauncher - Success!
2021-04-13 09:55:20,945 [main] INFO  org.apache.pig.Main - Pig script completed in 15 seconds and 589 milliseconds (15589 ms)
