myHadoop: Setting MH_IPOIB_TRANSFORM='s/\([^.]*\).*$/\1.ibnet/' from myhadoop.conf
myHadoop: Setting MH_SCRATCH_DIR=/scratch/$USER/$SLURM_JOBID from myhadoop.conf
myHadoop: Using HADOOP_HOME=/opt/hadoop/2.6.0
myHadoop: Using MH_SCRATCH_DIR=/scratch/gxj9834/38972868
myHadoop: Using JAVA_HOME=/lib/jvm/java
myHadoop: Generating Hadoop configuration in directory in /home/gxj9834/cometcluster...
myHadoop: Backing up old config dir to /home/gxj9834/cometcluster.4...
‘/home/gxj9834/cometcluster’ -> ‘/home/gxj9834/cometcluster.4’
myHadoop: Designating comet-14-02.ibnet as master node (namenode, secondary namenode, and jobtracker)
myHadoop: The following nodes will be slaves (datanode, tasktracer):
comet-14-02.ibnet
comet-14-03.ibnet
21/03/30 09:00:26 INFO namenode.NameNode: STARTUP_MSG: 
/************************************************************
STARTUP_MSG: Starting NameNode
STARTUP_MSG:   host = comet-14-02.sdsc.edu/198.202.114.231
STARTUP_MSG:   args = [-format]
STARTUP_MSG:   version = 2.6.0
STARTUP_MSG:   classpath = /home/gxj9834/cometcluster:/opt/hadoop/2.6.0/share/hadoop/common/lib/commons-compress-1.4.1.jar:/opt/hadoop/2.6.0/share/hadoop/common/lib/commons-configuration-1.6.jar:/opt/hadoop/2.6.0/share/hadoop/common/lib/commons-cli-1.2.jar:/opt/hadoop/2.6.0/share/hadoop/common/lib/snappy-java-1.0.4.1.jar:/opt/hadoop/2.6.0/share/hadoop/common/lib/jetty-6.1.26.jar:/opt/hadoop/2.6.0/share/hadoop/common/lib/activation-1.1.jar:/opt/hadoop/2.6.0/share/hadoop/common/lib/commons-beanutils-core-1.8.0.jar:/opt/hadoop/2.6.0/share/hadoop/common/lib/hadoop-annotations-2.6.0.jar:/opt/hadoop/2.6.0/share/hadoop/common/lib/jersey-core-1.9.jar:/opt/hadoop/2.6.0/share/hadoop/common/lib/slf4j-log4j12-1.7.5.jar:/opt/hadoop/2.6.0/share/hadoop/common/lib/commons-net-3.1.jar:/opt/hadoop/2.6.0/share/hadoop/common/lib/httpclient-4.2.5.jar:/opt/hadoop/2.6.0/share/hadoop/common/lib/jersey-server-1.9.jar:/opt/hadoop/2.6.0/share/hadoop/common/lib/jackson-core-asl-1.9.13.jar:/opt/hadoop/2.6.0/share/hadoop/common/lib/gson-2.2.4.jar:/opt/hadoop/2.6.0/share/hadoop/common/lib/servlet-api-2.5.jar:/opt/hadoop/2.6.0/share/hadoop/common/lib/hamcrest-core-1.3.jar:/opt/hadoop/2.6.0/share/hadoop/common/lib/commons-beanutils-1.7.0.jar:/opt/hadoop/2.6.0/share/hadoop/common/lib/jettison-1.1.jar:/opt/hadoop/2.6.0/share/hadoop/common/lib/jersey-json-1.9.jar:/opt/hadoop/2.6.0/share/hadoop/common/lib/guava-11.0.2.jar:/opt/hadoop/2.6.0/share/hadoop/common/lib/commons-el-1.0.jar:/opt/hadoop/2.6.0/share/hadoop/common/lib/jsch-0.1.42.jar:/opt/hadoop/2.6.0/share/hadoop/common/lib/commons-codec-1.4.jar:/opt/hadoop/2.6.0/share/hadoop/common/lib/curator-recipes-2.6.0.jar:/opt/hadoop/2.6.0/share/hadoop/common/lib/jets3t-0.9.0.jar:/opt/hadoop/2.6.0/share/hadoop/common/lib/jackson-xc-1.9.13.jar:/opt/hadoop/2.6.0/share/hadoop/common/lib/commons-lang-2.6.jar:/opt/hadoop/2.6.0/share/hadoop/common/lib/zookeeper-3.4.6.jar:/opt/hadoop/2.6.0/share/hadoop/common/lib/httpcore-4.2.5.jar:/opt/hadoop/2.6.0/share/hadoop/common/lib/jsr305-1.3.9.jar:/opt/hadoop/2.6.0/share/hadoop/common/lib/netty-3.6.2.Final.jar:/opt/hadoop/2.6.0/share/hadoop/common/lib/commons-collections-3.2.1.jar:/opt/hadoop/2.6.0/share/hadoop/common/lib/protobuf-java-2.5.0.jar:/opt/hadoop/2.6.0/share/hadoop/common/lib/mockito-all-1.8.5.jar:/opt/hadoop/2.6.0/share/hadoop/common/lib/api-asn1-api-1.0.0-M20.jar:/opt/hadoop/2.6.0/share/hadoop/common/lib/jaxb-impl-2.2.3-1.jar:/opt/hadoop/2.6.0/share/hadoop/common/lib/commons-logging-1.1.3.jar:/opt/hadoop/2.6.0/share/hadoop/common/lib/jsp-api-2.1.jar:/opt/hadoop/2.6.0/share/hadoop/common/lib/junit-4.11.jar:/opt/hadoop/2.6.0/share/hadoop/common/lib/jasper-compiler-5.5.23.jar:/opt/hadoop/2.6.0/share/hadoop/common/lib/curator-framework-2.6.0.jar:/opt/hadoop/2.6.0/share/hadoop/common/lib/stax-api-1.0-2.jar:/opt/hadoop/2.6.0/share/hadoop/common/lib/commons-math3-3.1.1.jar:/opt/hadoop/2.6.0/share/hadoop/common/lib/jackson-mapper-asl-1.9.13.jar:/opt/hadoop/2.6.0/share/hadoop/common/lib/slf4j-api-1.7.5.jar:/opt/hadoop/2.6.0/share/hadoop/common/lib/paranamer-2.3.jar:/opt/hadoop/2.6.0/share/hadoop/common/lib/api-util-1.0.0-M20.jar:/opt/hadoop/2.6.0/share/hadoop/common/lib/curator-client-2.6.0.jar:/opt/hadoop/2.6.0/share/hadoop/common/lib/java-xmlbuilder-0.4.jar:/opt/hadoop/2.6.0/share/hadoop/common/lib/jaxb-api-2.2.2.jar:/opt/hadoop/2.6.0/share/hadoop/common/lib/log4j-1.2.17.jar:/opt/hadoop/2.6.0/share/hadoop/common/lib/commons-digester-1.8.jar:/opt/hadoop/2.6.0/share/hadoop/common/lib/apacheds-kerberos-codec-2.0.0-M15.jar:/opt/hadoop/2.6.0/share/hadoop/common/lib/jackson-jaxrs-1.9.13.jar:/opt/hadoop/2.6.0/share/hadoop/common/lib/commons-httpclient-3.1.jar:/opt/hadoop/2.6.0/share/hadoop/common/lib/jetty-util-6.1.26.jar:/opt/hadoop/2.6.0/share/hadoop/common/lib/xmlenc-0.52.jar:/opt/hadoop/2.6.0/share/hadoop/common/lib/avro-1.7.4.jar:/opt/hadoop/2.6.0/share/hadoop/common/lib/xz-1.0.jar:/opt/hadoop/2.6.0/share/hadoop/common/lib/asm-3.2.jar:/opt/hadoop/2.6.0/share/hadoop/common/lib/htrace-core-3.0.4.jar:/opt/hadoop/2.6.0/share/hadoop/common/lib/commons-io-2.4.jar:/opt/hadoop/2.6.0/share/hadoop/common/lib/hadoop-auth-2.6.0.jar:/opt/hadoop/2.6.0/share/hadoop/common/lib/jasper-runtime-5.5.23.jar:/opt/hadoop/2.6.0/share/hadoop/common/lib/apacheds-i18n-2.0.0-M15.jar:/opt/hadoop/2.6.0/share/hadoop/common/hadoop-common-2.6.0.jar:/opt/hadoop/2.6.0/share/hadoop/common/hadoop-common-2.6.0-tests.jar:/opt/hadoop/2.6.0/share/hadoop/common/hadoop-nfs-2.6.0.jar:/opt/hadoop/2.6.0/share/hadoop/hdfs:/opt/hadoop/2.6.0/share/hadoop/hdfs/lib/commons-cli-1.2.jar:/opt/hadoop/2.6.0/share/hadoop/hdfs/lib/jetty-6.1.26.jar:/opt/hadoop/2.6.0/share/hadoop/hdfs/lib/jersey-core-1.9.jar:/opt/hadoop/2.6.0/share/hadoop/hdfs/lib/commons-daemon-1.0.13.jar:/opt/hadoop/2.6.0/share/hadoop/hdfs/lib/jersey-server-1.9.jar:/opt/hadoop/2.6.0/share/hadoop/hdfs/lib/jackson-core-asl-1.9.13.jar:/opt/hadoop/2.6.0/share/hadoop/hdfs/lib/servlet-api-2.5.jar:/opt/hadoop/2.6.0/share/hadoop/hdfs/lib/guava-11.0.2.jar:/opt/hadoop/2.6.0/share/hadoop/hdfs/lib/commons-el-1.0.jar:/opt/hadoop/2.6.0/share/hadoop/hdfs/lib/xml-apis-1.3.04.jar:/opt/hadoop/2.6.0/share/hadoop/hdfs/lib/commons-codec-1.4.jar:/opt/hadoop/2.6.0/share/hadoop/hdfs/lib/xercesImpl-2.9.1.jar:/opt/hadoop/2.6.0/share/hadoop/hdfs/lib/commons-lang-2.6.jar:/opt/hadoop/2.6.0/share/hadoop/hdfs/lib/jsr305-1.3.9.jar:/opt/hadoop/2.6.0/share/hadoop/hdfs/lib/netty-3.6.2.Final.jar:/opt/hadoop/2.6.0/share/hadoop/hdfs/lib/protobuf-java-2.5.0.jar:/opt/hadoop/2.6.0/share/hadoop/hdfs/lib/commons-logging-1.1.3.jar:/opt/hadoop/2.6.0/share/hadoop/hdfs/lib/jsp-api-2.1.jar:/opt/hadoop/2.6.0/share/hadoop/hdfs/lib/jackson-mapper-asl-1.9.13.jar:/opt/hadoop/2.6.0/share/hadoop/hdfs/lib/log4j-1.2.17.jar:/opt/hadoop/2.6.0/share/hadoop/hdfs/lib/jetty-util-6.1.26.jar:/opt/hadoop/2.6.0/share/hadoop/hdfs/lib/xmlenc-0.52.jar:/opt/hadoop/2.6.0/share/hadoop/hdfs/lib/asm-3.2.jar:/opt/hadoop/2.6.0/share/hadoop/hdfs/lib/htrace-core-3.0.4.jar:/opt/hadoop/2.6.0/share/hadoop/hdfs/lib/commons-io-2.4.jar:/opt/hadoop/2.6.0/share/hadoop/hdfs/lib/jasper-runtime-5.5.23.jar:/opt/hadoop/2.6.0/share/hadoop/hdfs/hadoop-hdfs-nfs-2.6.0.jar:/opt/hadoop/2.6.0/share/hadoop/hdfs/hadoop-hdfs-2.6.0-tests.jar:/opt/hadoop/2.6.0/share/hadoop/hdfs/hadoop-hdfs-2.6.0.jar:/opt/hadoop/2.6.0/share/hadoop/yarn/lib/commons-compress-1.4.1.jar:/opt/hadoop/2.6.0/share/hadoop/yarn/lib/aopalliance-1.0.jar:/opt/hadoop/2.6.0/share/hadoop/yarn/lib/commons-cli-1.2.jar:/opt/hadoop/2.6.0/share/hadoop/yarn/lib/jetty-6.1.26.jar:/opt/hadoop/2.6.0/share/hadoop/yarn/lib/activation-1.1.jar:/opt/hadoop/2.6.0/share/hadoop/yarn/lib/jersey-core-1.9.jar:/opt/hadoop/2.6.0/share/hadoop/yarn/lib/jersey-server-1.9.jar:/opt/hadoop/2.6.0/share/hadoop/yarn/lib/jackson-core-asl-1.9.13.jar:/opt/hadoop/2.6.0/share/hadoop/yarn/lib/javax.inject-1.jar:/opt/hadoop/2.6.0/share/hadoop/yarn/lib/servlet-api-2.5.jar:/opt/hadoop/2.6.0/share/hadoop/yarn/lib/jettison-1.1.jar:/opt/hadoop/2.6.0/share/hadoop/yarn/lib/jersey-json-1.9.jar:/opt/hadoop/2.6.0/share/hadoop/yarn/lib/guava-11.0.2.jar:/opt/hadoop/2.6.0/share/hadoop/yarn/lib/guice-servlet-3.0.jar:/opt/hadoop/2.6.0/share/hadoop/yarn/lib/jersey-client-1.9.jar:/opt/hadoop/2.6.0/share/hadoop/yarn/lib/commons-codec-1.4.jar:/opt/hadoop/2.6.0/share/hadoop/yarn/lib/jackson-xc-1.9.13.jar:/opt/hadoop/2.6.0/share/hadoop/yarn/lib/commons-lang-2.6.jar:/opt/hadoop/2.6.0/share/hadoop/yarn/lib/zookeeper-3.4.6.jar:/opt/hadoop/2.6.0/share/hadoop/yarn/lib/jsr305-1.3.9.jar:/opt/hadoop/2.6.0/share/hadoop/yarn/lib/netty-3.6.2.Final.jar:/opt/hadoop/2.6.0/share/hadoop/yarn/lib/commons-collections-3.2.1.jar:/opt/hadoop/2.6.0/share/hadoop/yarn/lib/protobuf-java-2.5.0.jar:/opt/hadoop/2.6.0/share/hadoop/yarn/lib/jaxb-impl-2.2.3-1.jar:/opt/hadoop/2.6.0/share/hadoop/yarn/lib/commons-logging-1.1.3.jar:/opt/hadoop/2.6.0/share/hadoop/yarn/lib/stax-api-1.0-2.jar:/opt/hadoop/2.6.0/share/hadoop/yarn/lib/jackson-mapper-asl-1.9.13.jar:/opt/hadoop/2.6.0/share/hadoop/yarn/lib/leveldbjni-all-1.8.jar:/opt/hadoop/2.6.0/share/hadoop/yarn/lib/jline-0.9.94.jar:/opt/hadoop/2.6.0/share/hadoop/yarn/lib/jaxb-api-2.2.2.jar:/opt/hadoop/2.6.0/share/hadoop/yarn/lib/log4j-1.2.17.jar:/opt/hadoop/2.6.0/share/hadoop/yarn/lib/jackson-jaxrs-1.9.13.jar:/opt/hadoop/2.6.0/share/hadoop/yarn/lib/commons-httpclient-3.1.jar:/opt/hadoop/2.6.0/share/hadoop/yarn/lib/jetty-util-6.1.26.jar:/opt/hadoop/2.6.0/share/hadoop/yarn/lib/xz-1.0.jar:/opt/hadoop/2.6.0/share/hadoop/yarn/lib/asm-3.2.jar:/opt/hadoop/2.6.0/share/hadoop/yarn/lib/guice-3.0.jar:/opt/hadoop/2.6.0/share/hadoop/yarn/lib/commons-io-2.4.jar:/opt/hadoop/2.6.0/share/hadoop/yarn/lib/jersey-guice-1.9.jar:/opt/hadoop/2.6.0/share/hadoop/yarn/hadoop-yarn-registry-2.6.0.jar:/opt/hadoop/2.6.0/share/hadoop/yarn/hadoop-yarn-client-2.6.0.jar:/opt/hadoop/2.6.0/share/hadoop/yarn/hadoop-yarn-server-common-2.6.0.jar:/opt/hadoop/2.6.0/share/hadoop/yarn/hadoop-yarn-server-web-proxy-2.6.0.jar:/opt/hadoop/2.6.0/share/hadoop/yarn/hadoop-yarn-server-tests-2.6.0.jar:/opt/hadoop/2.6.0/share/hadoop/yarn/hadoop-yarn-common-2.6.0.jar:/opt/hadoop/2.6.0/share/hadoop/yarn/hadoop-yarn-api-2.6.0.jar:/opt/hadoop/2.6.0/share/hadoop/yarn/hadoop-yarn-applications-unmanaged-am-launcher-2.6.0.jar:/opt/hadoop/2.6.0/share/hadoop/yarn/hadoop-yarn-server-resourcemanager-2.6.0.jar:/opt/hadoop/2.6.0/share/hadoop/yarn/hadoop-yarn-server-nodemanager-2.6.0.jar:/opt/hadoop/2.6.0/share/hadoop/yarn/hadoop-yarn-server-applicationhistoryservice-2.6.0.jar:/opt/hadoop/2.6.0/share/hadoop/yarn/hadoop-yarn-applications-distributedshell-2.6.0.jar:/opt/hadoop/2.6.0/share/hadoop/mapreduce/lib/commons-compress-1.4.1.jar:/opt/hadoop/2.6.0/share/hadoop/mapreduce/lib/aopalliance-1.0.jar:/opt/hadoop/2.6.0/share/hadoop/mapreduce/lib/snappy-java-1.0.4.1.jar:/opt/hadoop/2.6.0/share/hadoop/mapreduce/lib/hadoop-annotations-2.6.0.jar:/opt/hadoop/2.6.0/share/hadoop/mapreduce/lib/jersey-core-1.9.jar:/opt/hadoop/2.6.0/share/hadoop/mapreduce/lib/jersey-server-1.9.jar:/opt/hadoop/2.6.0/share/hadoop/mapreduce/lib/jackson-core-asl-1.9.13.jar:/opt/hadoop/2.6.0/share/hadoop/mapreduce/lib/javax.inject-1.jar:/opt/hadoop/2.6.0/share/hadoop/mapreduce/lib/hamcrest-core-1.3.jar:/opt/hadoop/2.6.0/share/hadoop/mapreduce/lib/guice-servlet-3.0.jar:/opt/hadoop/2.6.0/share/hadoop/mapreduce/lib/netty-3.6.2.Final.jar:/opt/hadoop/2.6.0/share/hadoop/mapreduce/lib/protobuf-java-2.5.0.jar:/opt/hadoop/2.6.0/share/hadoop/mapreduce/lib/junit-4.11.jar:/opt/hadoop/2.6.0/share/hadoop/mapreduce/lib/jackson-mapper-asl-1.9.13.jar:/opt/hadoop/2.6.0/share/hadoop/mapreduce/lib/leveldbjni-all-1.8.jar:/opt/hadoop/2.6.0/share/hadoop/mapreduce/lib/paranamer-2.3.jar:/opt/hadoop/2.6.0/share/hadoop/mapreduce/lib/log4j-1.2.17.jar:/opt/hadoop/2.6.0/share/hadoop/mapreduce/lib/avro-1.7.4.jar:/opt/hadoop/2.6.0/share/hadoop/mapreduce/lib/xz-1.0.jar:/opt/hadoop/2.6.0/share/hadoop/mapreduce/lib/asm-3.2.jar:/opt/hadoop/2.6.0/share/hadoop/mapreduce/lib/guice-3.0.jar:/opt/hadoop/2.6.0/share/hadoop/mapreduce/lib/commons-io-2.4.jar:/opt/hadoop/2.6.0/share/hadoop/mapreduce/lib/jersey-guice-1.9.jar:/opt/hadoop/2.6.0/share/hadoop/mapreduce/hadoop-mapreduce-client-hs-plugins-2.6.0.jar:/opt/hadoop/2.6.0/share/hadoop/mapreduce/hadoop-mapreduce-client-hs-2.6.0.jar:/opt/hadoop/2.6.0/share/hadoop/mapreduce/hadoop-mapreduce-client-core-2.6.0.jar:/opt/hadoop/2.6.0/share/hadoop/mapreduce/hadoop-mapreduce-client-jobclient-2.6.0.jar:/opt/hadoop/2.6.0/share/hadoop/mapreduce/hadoop-mapreduce-examples-2.6.0.jar:/opt/hadoop/2.6.0/share/hadoop/mapreduce/hadoop-mapreduce-client-common-2.6.0.jar:/opt/hadoop/2.6.0/share/hadoop/mapreduce/hadoop-mapreduce-client-jobclient-2.6.0-tests.jar:/opt/hadoop/2.6.0/share/hadoop/mapreduce/hadoop-mapreduce-client-app-2.6.0.jar:/opt/hadoop/2.6.0/share/hadoop/mapreduce/hadoop-mapreduce-client-shuffle-2.6.0.jar:/opt/hadoop/2.6.0/contrib/capacity-scheduler/*.jar
STARTUP_MSG:   build = https://git-wip-us.apache.org/repos/asf/hadoop.git -r e3496499ecb8d220fba99dc5ed4c99c8f9e33bb1; compiled by 'jenkins' on 2014-11-13T21:10Z
STARTUP_MSG:   java = 1.8.0_212
************************************************************/
21/03/30 09:00:26 INFO namenode.NameNode: registered UNIX signal handlers for [TERM, HUP, INT]
21/03/30 09:00:26 INFO namenode.NameNode: createNameNode [-format]
21/03/30 09:00:27 WARN common.Util: Path /scratch/gxj9834/38972868/namenode_data should be specified as a URI in configuration files. Please update hdfs configuration.
21/03/30 09:00:27 WARN common.Util: Path /scratch/gxj9834/38972868/namenode_data should be specified as a URI in configuration files. Please update hdfs configuration.
Formatting using clusterid: CID-db89f74f-8558-4283-a695-ac53fa8d6571
21/03/30 09:00:27 INFO namenode.FSNamesystem: No KeyProvider found.
21/03/30 09:00:27 INFO namenode.FSNamesystem: fsLock is fair:true
21/03/30 09:00:27 INFO blockmanagement.DatanodeManager: dfs.block.invalidate.limit=1000
21/03/30 09:00:27 INFO blockmanagement.DatanodeManager: dfs.namenode.datanode.registration.ip-hostname-check=true
21/03/30 09:00:27 INFO blockmanagement.BlockManager: dfs.namenode.startup.delay.block.deletion.sec is set to 000:00:00:00.000
21/03/30 09:00:27 INFO blockmanagement.BlockManager: The block deletion will start around 2021 Mar 30 09:00:27
21/03/30 09:00:27 INFO util.GSet: Computing capacity for map BlocksMap
21/03/30 09:00:27 INFO util.GSet: VM type       = 64-bit
21/03/30 09:00:27 INFO util.GSet: 2.0% max memory 889 MB = 17.8 MB
21/03/30 09:00:27 INFO util.GSet: capacity      = 2^21 = 2097152 entries
21/03/30 09:00:27 INFO blockmanagement.BlockManager: dfs.block.access.token.enable=false
21/03/30 09:00:27 INFO blockmanagement.BlockManager: defaultReplication         = 3
21/03/30 09:00:27 INFO blockmanagement.BlockManager: maxReplication             = 512
21/03/30 09:00:27 INFO blockmanagement.BlockManager: minReplication             = 1
21/03/30 09:00:27 INFO blockmanagement.BlockManager: maxReplicationStreams      = 2
21/03/30 09:00:27 INFO blockmanagement.BlockManager: shouldCheckForEnoughRacks  = false
21/03/30 09:00:27 INFO blockmanagement.BlockManager: replicationRecheckInterval = 3000
21/03/30 09:00:27 INFO blockmanagement.BlockManager: encryptDataTransfer        = false
21/03/30 09:00:27 INFO blockmanagement.BlockManager: maxNumBlocksToLog          = 1000
21/03/30 09:00:27 INFO namenode.FSNamesystem: fsOwner             = gxj9834 (auth:SIMPLE)
21/03/30 09:00:27 INFO namenode.FSNamesystem: supergroup          = supergroup
21/03/30 09:00:27 INFO namenode.FSNamesystem: isPermissionEnabled = true
21/03/30 09:00:27 INFO namenode.FSNamesystem: HA Enabled: false
21/03/30 09:00:27 INFO namenode.FSNamesystem: Append Enabled: true
21/03/30 09:00:27 INFO util.GSet: Computing capacity for map INodeMap
21/03/30 09:00:27 INFO util.GSet: VM type       = 64-bit
21/03/30 09:00:27 INFO util.GSet: 1.0% max memory 889 MB = 8.9 MB
21/03/30 09:00:27 INFO util.GSet: capacity      = 2^20 = 1048576 entries
21/03/30 09:00:27 INFO namenode.NameNode: Caching file names occuring more than 10 times
21/03/30 09:00:27 INFO util.GSet: Computing capacity for map cachedBlocks
21/03/30 09:00:27 INFO util.GSet: VM type       = 64-bit
21/03/30 09:00:27 INFO util.GSet: 0.25% max memory 889 MB = 2.2 MB
21/03/30 09:00:27 INFO util.GSet: capacity      = 2^18 = 262144 entries
21/03/30 09:00:27 INFO namenode.FSNamesystem: dfs.namenode.safemode.threshold-pct = 0.9990000128746033
21/03/30 09:00:27 INFO namenode.FSNamesystem: dfs.namenode.safemode.min.datanodes = 0
21/03/30 09:00:27 INFO namenode.FSNamesystem: dfs.namenode.safemode.extension     = 30000
21/03/30 09:00:27 INFO namenode.FSNamesystem: Retry cache on namenode is enabled
21/03/30 09:00:27 INFO namenode.FSNamesystem: Retry cache will use 0.03 of total heap and retry cache entry expiry time is 600000 millis
21/03/30 09:00:27 INFO util.GSet: Computing capacity for map NameNodeRetryCache
21/03/30 09:00:27 INFO util.GSet: VM type       = 64-bit
21/03/30 09:00:27 INFO util.GSet: 0.029999999329447746% max memory 889 MB = 273.1 KB
21/03/30 09:00:27 INFO util.GSet: capacity      = 2^15 = 32768 entries
21/03/30 09:00:27 INFO namenode.NNConf: ACLs enabled? false
21/03/30 09:00:27 INFO namenode.NNConf: XAttrs enabled? true
21/03/30 09:00:27 INFO namenode.NNConf: Maximum size of an xattr: 16384
21/03/30 09:00:27 INFO namenode.FSImage: Allocated new BlockPoolId: BP-1931531430-198.202.114.231-1617120027378
21/03/30 09:00:27 INFO common.Storage: Storage directory /scratch/gxj9834/38972868/namenode_data has been successfully formatted.
21/03/30 09:00:27 INFO namenode.NNStorageRetentionManager: Going to retain 1 images with txid >= 0
21/03/30 09:00:27 INFO util.ExitUtil: Exiting with status 0
21/03/30 09:00:27 INFO namenode.NameNode: SHUTDOWN_MSG: 
/************************************************************
SHUTDOWN_MSG: Shutting down NameNode at comet-14-02.sdsc.edu/198.202.114.231
************************************************************/
myHadoop:  
myHadoop: Enabling experimental Spark support
myHadoop: Using SPARK_CONF_DIR=/home/gxj9834/cometcluster/spark
myHadoop:  
To use Spark, you will want to type the following commands:"
  source /home/gxj9834/cometcluster/spark/spark-env.sh
  myspark start
Starting namenodes on [comet-14-02.ibnet]
comet-14-02.ibnet: starting namenode, logging to /scratch/gxj9834/38972868/logs/hadoop-gxj9834-namenode-comet-14-02.sdsc.edu.out
comet-14-02.ibnet: starting datanode, logging to /scratch/gxj9834/38972868/logs/hadoop-gxj9834-datanode-comet-14-02.sdsc.edu.out
comet-14-03.ibnet: starting datanode, logging to /scratch/gxj9834/38972868/logs/hadoop-gxj9834-datanode-comet-14-03.sdsc.edu.out
Starting secondary namenodes [comet-14-02.ibnet]
comet-14-02.ibnet: starting secondarynamenode, logging to /scratch/gxj9834/38972868/logs/hadoop-gxj9834-secondarynamenode-comet-14-02.sdsc.edu.out
starting yarn daemons
starting resourcemanager, logging to /scratch/gxj9834/38972868/logs/yarn-gxj9834-resourcemanager-comet-14-02.out
comet-14-03.ibnet: starting nodemanager, logging to /scratch/gxj9834/38972868/logs/yarn-gxj9834-nodemanager-comet-14-03.sdsc.edu.out
comet-14-02.ibnet: starting nodemanager, logging to /scratch/gxj9834/38972868/logs/yarn-gxj9834-nodemanager-comet-14-02.sdsc.edu.out
mySpark: Using /home/gxj9834/cometcluster/spark/slaves as our slaves file
mySpark: Reading in /home/gxj9834/cometcluster/spark/spark-env.sh as our slaves file
starting org.apache.spark.deploy.master.Master, logging to /scratch/gxj9834/38972868/logs/spark-gxj9834-org.apache.spark.deploy.master.Master-1-comet-14-02.out
mySpark: Starting worker on comet-14-02.ibnet:
  /opt/spark/1.5.2/sbin/spark-daemon.sh --config /home/gxj9834/cometcluster/spark start org.apache.spark.deploy.worker.Worker 1 spark://comet-14-02.ibnet:7077
starting org.apache.spark.deploy.worker.Worker, logging to /scratch/gxj9834/38972868/logs/spark-gxj9834-org.apache.spark.deploy.worker.Worker-1-comet-14-02.sdsc.edu.out
mySpark: Starting worker on comet-14-03.ibnet:
  /opt/spark/1.5.2/sbin/spark-daemon.sh --config /home/gxj9834/cometcluster/spark start org.apache.spark.deploy.worker.Worker 1 spark://comet-14-02.ibnet:7077
starting org.apache.spark.deploy.worker.Worker, logging to /scratch/gxj9834/38972868/logs/spark-gxj9834-org.apache.spark.deploy.worker.Worker-1-comet-14-03.sdsc.edu.out
21/03/30 09:01:10 INFO spark.SparkContext: Running Spark version 1.5.2
21/03/30 09:01:10 WARN util.NativeCodeLoader: Unable to load native-hadoop library for your platform... using builtin-java classes where applicable
21/03/30 09:01:10 INFO spark.SecurityManager: Changing view acls to: gxj9834
21/03/30 09:01:10 INFO spark.SecurityManager: Changing modify acls to: gxj9834
21/03/30 09:01:10 INFO spark.SecurityManager: SecurityManager: authentication disabled; ui acls disabled; users with view permissions: Set(gxj9834); users with modify permissions: Set(gxj9834)
21/03/30 09:01:11 INFO slf4j.Slf4jLogger: Slf4jLogger started
21/03/30 09:01:11 INFO Remoting: Starting remoting
21/03/30 09:01:11 INFO Remoting: Remoting started; listening on addresses :[akka.tcp://sparkDriver@10.22.252.157:39744]
21/03/30 09:01:11 INFO util.Utils: Successfully started service 'sparkDriver' on port 39744.
21/03/30 09:01:11 INFO spark.SparkEnv: Registering MapOutputTracker
21/03/30 09:01:11 INFO spark.SparkEnv: Registering BlockManagerMaster
21/03/30 09:01:11 INFO storage.DiskBlockManager: Created local directory at /tmp/blockmgr-33c28966-58fa-438a-b49e-c0701039c0d7
21/03/30 09:01:11 INFO storage.MemoryStore: MemoryStore started with capacity 530.0 MB
21/03/30 09:01:11 INFO spark.HttpFileServer: HTTP File server directory is /tmp/spark-4a495f21-7b46-4b69-84be-5afeba184994/httpd-8d413182-7a3f-48e8-a270-0a3f55878a7b
21/03/30 09:01:11 INFO spark.HttpServer: Starting HTTP Server
21/03/30 09:01:11 INFO server.Server: jetty-8.y.z-SNAPSHOT
21/03/30 09:01:11 INFO server.AbstractConnector: Started SocketConnector@0.0.0.0:36871
21/03/30 09:01:11 INFO util.Utils: Successfully started service 'HTTP file server' on port 36871.
21/03/30 09:01:11 INFO spark.SparkEnv: Registering OutputCommitCoordinator
21/03/30 09:01:11 INFO server.Server: jetty-8.y.z-SNAPSHOT
21/03/30 09:01:11 INFO server.AbstractConnector: Started SelectChannelConnector@0.0.0.0:4040
21/03/30 09:01:11 INFO util.Utils: Successfully started service 'SparkUI' on port 4040.
21/03/30 09:01:11 INFO ui.SparkUI: Started SparkUI at http://10.22.252.157:4040
21/03/30 09:01:11 INFO spark.SparkContext: Added JAR file:/home/gxj9834/project4/twitter.jar at http://10.22.252.157:36871/jars/twitter.jar with timestamp 1617120071713
21/03/30 09:01:11 WARN metrics.MetricsSystem: Using default name DAGScheduler for source because spark.app.id is not set.
21/03/30 09:01:11 INFO client.AppClient$ClientEndpoint: Connecting to master spark://comet-14-02.ibnet:7077...
21/03/30 09:01:11 INFO cluster.SparkDeploySchedulerBackend: Connected to Spark cluster with app ID app-20210330090111-0000
21/03/30 09:01:11 INFO client.AppClient$ClientEndpoint: Executor added: app-20210330090111-0000/0 on worker-20210330090058-10.22.252.157-38701 (10.22.252.157:38701) with 24 cores
21/03/30 09:01:11 INFO cluster.SparkDeploySchedulerBackend: Granted executor ID app-20210330090111-0000/0 on hostPort 10.22.252.157:38701 with 24 cores, 1024.0 MB RAM
21/03/30 09:01:11 INFO client.AppClient$ClientEndpoint: Executor added: app-20210330090111-0000/1 on worker-20210330090101-10.22.252.156-41081 (10.22.252.156:41081) with 24 cores
21/03/30 09:01:11 INFO cluster.SparkDeploySchedulerBackend: Granted executor ID app-20210330090111-0000/1 on hostPort 10.22.252.156:41081 with 24 cores, 1024.0 MB RAM
21/03/30 09:01:12 INFO client.AppClient$ClientEndpoint: Executor updated: app-20210330090111-0000/0 is now RUNNING
21/03/30 09:01:12 INFO client.AppClient$ClientEndpoint: Executor updated: app-20210330090111-0000/0 is now LOADING
21/03/30 09:01:12 INFO client.AppClient$ClientEndpoint: Executor updated: app-20210330090111-0000/1 is now RUNNING
21/03/30 09:01:12 INFO client.AppClient$ClientEndpoint: Executor updated: app-20210330090111-0000/1 is now LOADING
21/03/30 09:01:12 INFO util.Utils: Successfully started service 'org.apache.spark.network.netty.NettyBlockTransferService' on port 37703.
21/03/30 09:01:12 INFO netty.NettyBlockTransferService: Server created on 37703
21/03/30 09:01:12 INFO storage.BlockManagerMaster: Trying to register BlockManager
21/03/30 09:01:12 INFO storage.BlockManagerMasterEndpoint: Registering block manager 10.22.252.157:37703 with 530.0 MB RAM, BlockManagerId(driver, 10.22.252.157, 37703)
21/03/30 09:01:12 INFO storage.BlockManagerMaster: Registered BlockManager
21/03/30 09:01:12 INFO cluster.SparkDeploySchedulerBackend: SchedulerBackend is ready for scheduling beginning after reached minRegisteredResourcesRatio: 0.0
21/03/30 09:01:12 INFO storage.MemoryStore: ensureFreeSpace(120176) called with curMem=0, maxMem=555755765
21/03/30 09:01:12 INFO storage.MemoryStore: Block broadcast_0 stored as values in memory (estimated size 117.4 KB, free 529.9 MB)
21/03/30 09:01:12 INFO storage.MemoryStore: ensureFreeSpace(12888) called with curMem=120176, maxMem=555755765
21/03/30 09:01:12 INFO storage.MemoryStore: Block broadcast_0_piece0 stored as bytes in memory (estimated size 12.6 KB, free 529.9 MB)
21/03/30 09:01:12 INFO storage.BlockManagerInfo: Added broadcast_0_piece0 in memory on 10.22.252.157:37703 (size: 12.6 KB, free: 530.0 MB)
21/03/30 09:01:12 INFO spark.SparkContext: Created broadcast 0 from textFile at Twitter.scala:8
21/03/30 09:01:12 INFO mapred.FileInputFormat: Total input paths to process : 1
21/03/30 09:01:13 INFO spark.SparkContext: Starting job: collect at Twitter.scala:15
21/03/30 09:01:13 INFO scheduler.DAGScheduler: Registering RDD 2 (map at Twitter.scala:8)
21/03/30 09:01:13 INFO scheduler.DAGScheduler: Registering RDD 4 (map at Twitter.scala:10)
21/03/30 09:01:13 INFO scheduler.DAGScheduler: Got job 0 (collect at Twitter.scala:15) with 6 output partitions
21/03/30 09:01:13 INFO scheduler.DAGScheduler: Final stage: ResultStage 2(collect at Twitter.scala:15)
21/03/30 09:01:13 INFO scheduler.DAGScheduler: Parents of final stage: List(ShuffleMapStage 1)
21/03/30 09:01:13 INFO scheduler.DAGScheduler: Missing parents: List(ShuffleMapStage 1)
21/03/30 09:01:13 INFO scheduler.DAGScheduler: Submitting ShuffleMapStage 0 (MapPartitionsRDD[2] at map at Twitter.scala:8), which has no missing parents
21/03/30 09:01:13 INFO storage.MemoryStore: ensureFreeSpace(4640) called with curMem=133064, maxMem=555755765
21/03/30 09:01:13 INFO storage.MemoryStore: Block broadcast_1 stored as values in memory (estimated size 4.5 KB, free 529.9 MB)
21/03/30 09:01:13 INFO storage.MemoryStore: ensureFreeSpace(2524) called with curMem=137704, maxMem=555755765
21/03/30 09:01:13 INFO storage.MemoryStore: Block broadcast_1_piece0 stored as bytes in memory (estimated size 2.5 KB, free 529.9 MB)
21/03/30 09:01:13 INFO storage.BlockManagerInfo: Added broadcast_1_piece0 in memory on 10.22.252.157:37703 (size: 2.5 KB, free: 530.0 MB)
21/03/30 09:01:13 INFO spark.SparkContext: Created broadcast 1 from broadcast at DAGScheduler.scala:861
21/03/30 09:01:13 INFO scheduler.DAGScheduler: Submitting 6 missing tasks from ShuffleMapStage 0 (MapPartitionsRDD[2] at map at Twitter.scala:8)
21/03/30 09:01:13 INFO scheduler.TaskSchedulerImpl: Adding task set 0.0 with 6 tasks
21/03/30 09:01:13 INFO cluster.SparkDeploySchedulerBackend: Registered executor: AkkaRpcEndpointRef(Actor[akka.tcp://sparkExecutor@10.22.252.157:36870/user/Executor#-966052699]) with ID 0
21/03/30 09:01:13 INFO scheduler.TaskSetManager: Starting task 0.0 in stage 0.0 (TID 0, 10.22.252.157, ANY, 2212 bytes)
21/03/30 09:01:13 INFO scheduler.TaskSetManager: Starting task 1.0 in stage 0.0 (TID 1, 10.22.252.157, ANY, 2212 bytes)
21/03/30 09:01:13 INFO scheduler.TaskSetManager: Starting task 2.0 in stage 0.0 (TID 2, 10.22.252.157, ANY, 2212 bytes)
21/03/30 09:01:13 INFO scheduler.TaskSetManager: Starting task 3.0 in stage 0.0 (TID 3, 10.22.252.157, ANY, 2212 bytes)
21/03/30 09:01:13 INFO scheduler.TaskSetManager: Starting task 4.0 in stage 0.0 (TID 4, 10.22.252.157, ANY, 2212 bytes)
21/03/30 09:01:13 INFO scheduler.TaskSetManager: Starting task 5.0 in stage 0.0 (TID 5, 10.22.252.157, ANY, 2212 bytes)
21/03/30 09:01:13 INFO cluster.SparkDeploySchedulerBackend: Registered executor: AkkaRpcEndpointRef(Actor[akka.tcp://sparkExecutor@10.22.252.156:33440/user/Executor#2103518543]) with ID 1
21/03/30 09:01:13 INFO storage.BlockManagerMasterEndpoint: Registering block manager 10.22.252.157:38358 with 530.0 MB RAM, BlockManagerId(0, 10.22.252.157, 38358)
21/03/30 09:01:13 INFO storage.BlockManagerMasterEndpoint: Registering block manager 10.22.252.156:42440 with 530.0 MB RAM, BlockManagerId(1, 10.22.252.156, 42440)
21/03/30 09:01:13 INFO storage.BlockManagerInfo: Added broadcast_1_piece0 in memory on 10.22.252.157:38358 (size: 2.5 KB, free: 530.0 MB)
21/03/30 09:01:14 INFO storage.BlockManagerInfo: Added broadcast_0_piece0 in memory on 10.22.252.157:38358 (size: 12.6 KB, free: 530.0 MB)
21/03/30 09:01:16 INFO scheduler.TaskSetManager: Finished task 5.0 in stage 0.0 (TID 5) in 2492 ms on 10.22.252.157 (1/6)
21/03/30 09:01:25 INFO scheduler.TaskSetManager: Finished task 4.0 in stage 0.0 (TID 4) in 12018 ms on 10.22.252.157 (2/6)
21/03/30 09:01:25 INFO scheduler.TaskSetManager: Finished task 3.0 in stage 0.0 (TID 3) in 12078 ms on 10.22.252.157 (3/6)
21/03/30 09:01:26 INFO scheduler.TaskSetManager: Finished task 2.0 in stage 0.0 (TID 2) in 12534 ms on 10.22.252.157 (4/6)
21/03/30 09:01:26 INFO scheduler.TaskSetManager: Finished task 1.0 in stage 0.0 (TID 1) in 12640 ms on 10.22.252.157 (5/6)
21/03/30 09:01:26 INFO scheduler.TaskSetManager: Finished task 0.0 in stage 0.0 (TID 0) in 12896 ms on 10.22.252.157 (6/6)
21/03/30 09:01:26 INFO scheduler.TaskSchedulerImpl: Removed TaskSet 0.0, whose tasks have all completed, from pool 
21/03/30 09:01:26 INFO scheduler.DAGScheduler: ShuffleMapStage 0 (map at Twitter.scala:8) finished in 13.274 s
21/03/30 09:01:26 INFO scheduler.DAGScheduler: looking for newly runnable stages
21/03/30 09:01:26 INFO scheduler.DAGScheduler: running: Set()
21/03/30 09:01:26 INFO scheduler.DAGScheduler: waiting: Set(ShuffleMapStage 1, ResultStage 2)
21/03/30 09:01:26 INFO scheduler.DAGScheduler: failed: Set()
21/03/30 09:01:26 INFO scheduler.DAGScheduler: Missing parents for ShuffleMapStage 1: List()
21/03/30 09:01:26 INFO scheduler.DAGScheduler: Missing parents for ResultStage 2: List(ShuffleMapStage 1)
21/03/30 09:01:26 INFO scheduler.DAGScheduler: Submitting ShuffleMapStage 1 (MapPartitionsRDD[4] at map at Twitter.scala:10), which is now runnable
21/03/30 09:01:26 INFO storage.MemoryStore: ensureFreeSpace(5168) called with curMem=140228, maxMem=555755765
21/03/30 09:01:26 INFO storage.MemoryStore: Block broadcast_2 stored as values in memory (estimated size 5.0 KB, free 529.9 MB)
21/03/30 09:01:26 INFO storage.MemoryStore: ensureFreeSpace(2723) called with curMem=145396, maxMem=555755765
21/03/30 09:01:26 INFO storage.MemoryStore: Block broadcast_2_piece0 stored as bytes in memory (estimated size 2.7 KB, free 529.9 MB)
21/03/30 09:01:26 INFO storage.BlockManagerInfo: Added broadcast_2_piece0 in memory on 10.22.252.157:37703 (size: 2.7 KB, free: 530.0 MB)
21/03/30 09:01:26 INFO spark.SparkContext: Created broadcast 2 from broadcast at DAGScheduler.scala:861
21/03/30 09:01:26 INFO scheduler.DAGScheduler: Submitting 6 missing tasks from ShuffleMapStage 1 (MapPartitionsRDD[4] at map at Twitter.scala:10)
21/03/30 09:01:26 INFO scheduler.TaskSchedulerImpl: Adding task set 1.0 with 6 tasks
21/03/30 09:01:26 INFO scheduler.TaskSetManager: Starting task 0.0 in stage 1.0 (TID 6, 10.22.252.156, PROCESS_LOCAL, 1943 bytes)
21/03/30 09:01:26 INFO scheduler.TaskSetManager: Starting task 1.0 in stage 1.0 (TID 7, 10.22.252.157, PROCESS_LOCAL, 1943 bytes)
21/03/30 09:01:26 INFO scheduler.TaskSetManager: Starting task 2.0 in stage 1.0 (TID 8, 10.22.252.156, PROCESS_LOCAL, 1943 bytes)
21/03/30 09:01:26 INFO scheduler.TaskSetManager: Starting task 3.0 in stage 1.0 (TID 9, 10.22.252.157, PROCESS_LOCAL, 1943 bytes)
21/03/30 09:01:26 INFO scheduler.TaskSetManager: Starting task 4.0 in stage 1.0 (TID 10, 10.22.252.156, PROCESS_LOCAL, 1943 bytes)
21/03/30 09:01:26 INFO scheduler.TaskSetManager: Starting task 5.0 in stage 1.0 (TID 11, 10.22.252.157, PROCESS_LOCAL, 1943 bytes)
21/03/30 09:01:26 INFO storage.BlockManagerInfo: Added broadcast_2_piece0 in memory on 10.22.252.157:38358 (size: 2.7 KB, free: 530.0 MB)
21/03/30 09:01:26 INFO spark.MapOutputTrackerMasterEndpoint: Asked to send map output locations for shuffle 1 to 10.22.252.157:36870
21/03/30 09:01:26 INFO spark.MapOutputTrackerMaster: Size of output statuses for shuffle 1 is 173 bytes
21/03/30 09:01:26 INFO storage.BlockManagerInfo: Added broadcast_2_piece0 in memory on 10.22.252.156:42440 (size: 2.7 KB, free: 530.0 MB)
21/03/30 09:01:26 INFO spark.MapOutputTrackerMasterEndpoint: Asked to send map output locations for shuffle 1 to 10.22.252.156:33440
21/03/30 09:01:34 INFO scheduler.TaskSetManager: Finished task 0.0 in stage 1.0 (TID 6) in 7609 ms on 10.22.252.156 (1/6)
21/03/30 09:01:34 INFO scheduler.TaskSetManager: Finished task 2.0 in stage 1.0 (TID 8) in 7771 ms on 10.22.252.156 (2/6)
21/03/30 09:01:34 INFO scheduler.TaskSetManager: Finished task 5.0 in stage 1.0 (TID 11) in 7829 ms on 10.22.252.157 (3/6)
21/03/30 09:01:34 INFO scheduler.TaskSetManager: Finished task 4.0 in stage 1.0 (TID 10) in 7884 ms on 10.22.252.156 (4/6)
21/03/30 09:01:34 INFO scheduler.TaskSetManager: Finished task 3.0 in stage 1.0 (TID 9) in 8250 ms on 10.22.252.157 (5/6)
21/03/30 09:01:34 INFO scheduler.TaskSetManager: Finished task 1.0 in stage 1.0 (TID 7) in 8279 ms on 10.22.252.157 (6/6)
21/03/30 09:01:34 INFO scheduler.TaskSchedulerImpl: Removed TaskSet 1.0, whose tasks have all completed, from pool 
21/03/30 09:01:34 INFO scheduler.DAGScheduler: ShuffleMapStage 1 (map at Twitter.scala:10) finished in 8.280 s
21/03/30 09:01:34 INFO scheduler.DAGScheduler: looking for newly runnable stages
21/03/30 09:01:34 INFO scheduler.DAGScheduler: running: Set()
21/03/30 09:01:34 INFO scheduler.DAGScheduler: waiting: Set(ResultStage 2)
21/03/30 09:01:34 INFO scheduler.DAGScheduler: failed: Set()
21/03/30 09:01:34 INFO scheduler.DAGScheduler: Missing parents for ResultStage 2: List()
21/03/30 09:01:34 INFO scheduler.DAGScheduler: Submitting ResultStage 2 (ShuffledRDD[5] at reduceByKey at Twitter.scala:14), which is now runnable
21/03/30 09:01:34 INFO storage.MemoryStore: ensureFreeSpace(2280) called with curMem=148119, maxMem=555755765
21/03/30 09:01:34 INFO storage.MemoryStore: Block broadcast_3 stored as values in memory (estimated size 2.2 KB, free 529.9 MB)
21/03/30 09:01:34 INFO storage.MemoryStore: ensureFreeSpace(1371) called with curMem=150399, maxMem=555755765
21/03/30 09:01:34 INFO storage.MemoryStore: Block broadcast_3_piece0 stored as bytes in memory (estimated size 1371.0 B, free 529.9 MB)
21/03/30 09:01:34 INFO storage.BlockManagerInfo: Added broadcast_3_piece0 in memory on 10.22.252.157:37703 (size: 1371.0 B, free: 530.0 MB)
21/03/30 09:01:34 INFO spark.SparkContext: Created broadcast 3 from broadcast at DAGScheduler.scala:861
21/03/30 09:01:34 INFO scheduler.DAGScheduler: Submitting 6 missing tasks from ResultStage 2 (ShuffledRDD[5] at reduceByKey at Twitter.scala:14)
21/03/30 09:01:34 INFO scheduler.TaskSchedulerImpl: Adding task set 2.0 with 6 tasks
21/03/30 09:01:34 INFO scheduler.TaskSetManager: Starting task 0.0 in stage 2.0 (TID 12, 10.22.252.156, PROCESS_LOCAL, 1954 bytes)
21/03/30 09:01:34 INFO scheduler.TaskSetManager: Starting task 1.0 in stage 2.0 (TID 13, 10.22.252.157, PROCESS_LOCAL, 1954 bytes)
21/03/30 09:01:34 INFO scheduler.TaskSetManager: Starting task 2.0 in stage 2.0 (TID 14, 10.22.252.156, PROCESS_LOCAL, 1954 bytes)
21/03/30 09:01:34 INFO scheduler.TaskSetManager: Starting task 3.0 in stage 2.0 (TID 15, 10.22.252.157, PROCESS_LOCAL, 1954 bytes)
21/03/30 09:01:34 INFO scheduler.TaskSetManager: Starting task 4.0 in stage 2.0 (TID 16, 10.22.252.156, PROCESS_LOCAL, 1954 bytes)
21/03/30 09:01:34 INFO scheduler.TaskSetManager: Starting task 5.0 in stage 2.0 (TID 17, 10.22.252.157, PROCESS_LOCAL, 1954 bytes)
21/03/30 09:01:34 INFO storage.BlockManagerInfo: Added broadcast_3_piece0 in memory on 10.22.252.157:38358 (size: 1371.0 B, free: 530.0 MB)
21/03/30 09:01:34 INFO storage.BlockManagerInfo: Added broadcast_3_piece0 in memory on 10.22.252.156:42440 (size: 1371.0 B, free: 530.0 MB)
21/03/30 09:01:34 INFO spark.MapOutputTrackerMasterEndpoint: Asked to send map output locations for shuffle 0 to 10.22.252.157:36870
21/03/30 09:01:34 INFO spark.MapOutputTrackerMaster: Size of output statuses for shuffle 0 is 189 bytes
21/03/30 09:01:34 INFO spark.MapOutputTrackerMasterEndpoint: Asked to send map output locations for shuffle 0 to 10.22.252.156:33440
21/03/30 09:01:34 INFO scheduler.TaskSetManager: Finished task 2.0 in stage 2.0 (TID 14) in 45 ms on 10.22.252.156 (1/6)
21/03/30 09:01:34 INFO scheduler.TaskSetManager: Finished task 0.0 in stage 2.0 (TID 12) in 49 ms on 10.22.252.156 (2/6)
21/03/30 09:01:34 INFO scheduler.TaskSetManager: Finished task 4.0 in stage 2.0 (TID 16) in 48 ms on 10.22.252.156 (3/6)
21/03/30 09:01:34 INFO scheduler.TaskSetManager: Finished task 1.0 in stage 2.0 (TID 13) in 66 ms on 10.22.252.157 (4/6)
21/03/30 09:01:34 INFO scheduler.TaskSetManager: Finished task 3.0 in stage 2.0 (TID 15) in 66 ms on 10.22.252.157 (5/6)
21/03/30 09:01:34 INFO scheduler.TaskSetManager: Finished task 5.0 in stage 2.0 (TID 17) in 67 ms on 10.22.252.157 (6/6)
21/03/30 09:01:34 INFO scheduler.TaskSchedulerImpl: Removed TaskSet 2.0, whose tasks have all completed, from pool 
21/03/30 09:01:34 INFO scheduler.DAGScheduler: ResultStage 2 (collect at Twitter.scala:15) finished in 0.069 s
21/03/30 09:01:34 INFO scheduler.DAGScheduler: Job 0 finished: collect at Twitter.scala:15, took 21.718160 s
(1,27277)
(2,25294)
(3,24842)
(4,23827)
(5,23170)
(6,22644)
(7,21500)
(8,20357)
(9,19276)
(10,18638)
(11,17610)
(12,16377)
(13,15857)
(14,14842)
(15,14071)
(16,13519)
(17,12768)
(18,11922)
(19,11354)
(20,10972)
(21,10358)
(22,9828)
(23,9147)
(24,8808)
(25,8274)
(26,7877)
(27,7294)
(28,7138)
(29,6788)
(30,6414)
(31,6121)
(32,5961)
(33,5639)
(34,5349)
(35,5140)
(36,4878)
(37,4736)
(38,4586)
(39,4340)
(40,4092)
(41,3899)
(42,3792)
(43,3692)
(44,3554)
(45,3459)
(46,3291)
(47,3172)
(48,2978)
(49,2926)
(50,2824)
(51,2677)
(52,2553)
(53,2611)
(54,2578)
(55,2398)
(56,2311)
(57,2323)
(58,2211)
(59,2102)
(60,2057)
(61,2041)
(62,1947)
(63,1914)
(64,1889)
(65,1773)
(66,1741)
(67,1725)
(68,1702)
(69,1594)
(70,1583)
(71,1573)
(72,1520)
(73,1430)
(74,1389)
(75,1376)
(76,1388)
(77,1350)
(78,1269)
(79,1300)
(80,1242)
(81,1178)
(82,1197)
(83,1127)
(84,1192)
(85,1169)
(86,1118)
(87,1066)
(88,992)
(89,1020)
(90,993)
(91,998)
(92,962)
(93,942)
(94,915)
(95,925)
(96,906)
(97,879)
(98,890)
(99,826)
(100,789)
(101,818)
(102,815)
(103,808)
(104,821)
(105,771)
(106,753)
(107,715)
(108,715)
(109,705)
(110,689)
(111,739)
(112,695)
(113,693)
(114,691)
(115,615)
(116,604)
(117,623)
(118,615)
(119,605)
(120,597)
(121,631)
(122,552)
(123,558)
(124,566)
(125,587)
(126,522)
(127,538)
(128,552)
(129,550)
(130,486)
(131,519)
(132,479)
(133,488)
(134,509)
(135,490)
(136,530)
(137,458)
(138,492)
(139,491)
(140,462)
(141,447)
(142,424)
(143,472)
(144,425)
(145,449)
(146,408)
(147,467)
(148,410)
(149,406)
(150,404)
(151,404)
(152,387)
(153,389)
(154,395)
(155,394)
(156,374)
(157,396)
(158,366)
(159,352)
(160,394)
(161,398)
(162,365)
(163,350)
(164,347)
(165,349)
(166,351)
(167,320)
(168,334)
(169,324)
(170,298)
(171,338)
(172,328)
(173,331)
(174,305)
(175,302)
(176,310)
(177,311)
(178,282)
(179,300)
(180,262)
(181,290)
(182,272)
(183,258)
(184,295)
(185,270)
(186,301)
(187,262)
(188,266)
(189,260)
(190,279)
(191,252)
(192,251)
(193,261)
(194,269)
(195,256)
(196,242)
(197,228)
(198,235)
(199,240)
(200,223)
(201,255)
(202,255)
(203,255)
(204,228)
(205,238)
(206,225)
(207,204)
(208,194)
(209,224)
(210,221)
(211,209)
(212,208)
(213,219)
(214,201)
(215,207)
(216,212)
(217,218)
(218,206)
(219,235)
(220,212)
(221,220)
(222,182)
(223,175)
(224,188)
(225,184)
(226,190)
(227,191)
(228,185)
(229,178)
(230,211)
(231,213)
(232,190)
(233,164)
(234,165)
(235,174)
(236,173)
(237,171)
(238,156)
(239,173)
(240,166)
(241,182)
(242,167)
(243,150)
(244,164)
(245,170)
(246,156)
(247,113)
(248,162)
(249,168)
(250,136)
(251,160)
(252,140)
(253,147)
(254,145)
(255,151)
(256,153)
(257,145)
(258,136)
(259,128)
(260,139)
(261,122)
(262,148)
(263,152)
(264,132)
(265,140)
(266,155)
(267,142)
(268,124)
(269,132)
(270,131)
(271,140)
(272,119)
(273,134)
(274,125)
(275,122)
(276,108)
(277,124)
(278,116)
(279,139)
(280,137)
(281,139)
(282,126)
(283,136)
(284,102)
(285,141)
(286,126)
(287,109)
(288,115)
(289,101)
(290,114)
(291,101)
(292,133)
(293,110)
(294,118)
(295,106)
(296,123)
(297,102)
(298,105)
(299,119)
(300,103)
(301,99)
(302,99)
(303,111)
(304,96)
(305,98)
(306,119)
(307,102)
(308,85)
(309,118)
(310,107)
(311,126)
(312,83)
(313,92)
(314,100)
(315,101)
(316,104)
(317,109)
(318,83)
(319,99)
(320,94)
(321,84)
(322,107)
(323,109)
(324,86)
(325,96)
(326,82)
(327,101)
(328,79)
(329,92)
(330,92)
(331,80)
(332,92)
(333,70)
(334,91)
(335,87)
(336,83)
(337,74)
(338,80)
(339,91)
(340,98)
(341,84)
(342,79)
(343,84)
(344,85)
(345,88)
(346,77)
(347,81)
(348,82)
(349,64)
(350,63)
(351,58)
(352,73)
(353,59)
(354,73)
(355,80)
(356,60)
(357,73)
(358,70)
(359,73)
(360,72)
(361,62)
(362,67)
(363,79)
(364,60)
(365,66)
(366,62)
(367,54)
(368,60)
(369,61)
(370,66)
(371,75)
(372,66)
(373,76)
(374,61)
(375,64)
(376,62)
(377,65)
(378,66)
(379,62)
(380,58)
(381,59)
(382,57)
(383,60)
(384,62)
(385,59)
(386,47)
(387,51)
(388,58)
(389,58)
(390,54)
(391,61)
(392,48)
(393,64)
(394,54)
(395,43)
(396,56)
(397,58)
(398,50)
(399,59)
(400,42)
(401,50)
(402,54)
(403,56)
(404,49)
(405,65)
(406,32)
(407,45)
(408,43)
(409,43)
(410,38)
(411,40)
(412,45)
(413,36)
(414,48)
(415,39)
(416,45)
(417,54)
(418,52)
(419,43)
(420,42)
(421,38)
(422,54)
(423,54)
(424,45)
(425,35)
(426,46)
(427,47)
(428,35)
(429,44)
(430,40)
(431,46)
(432,34)
(433,31)
(434,39)
(435,45)
(436,52)
(437,44)
(438,45)
(439,43)
(440,46)
(441,43)
(442,34)
(443,45)
(444,53)
(445,38)
(446,35)
(447,30)
(448,35)
(449,36)
(450,45)
(451,33)
(452,35)
(453,32)
(454,20)
(455,40)
(456,33)
(457,35)
(458,34)
(459,40)
(460,30)
(461,35)
(462,28)
(463,25)
(464,44)
(465,26)
(466,25)
(467,35)
(468,26)
(469,22)
(470,46)
(471,37)
(472,34)
(473,18)
(474,30)
(475,28)
(476,45)
(477,29)
(478,32)
(479,37)
(480,26)
(481,26)
(482,34)
(483,21)
(484,35)
(485,34)
(486,36)
(487,31)
(488,21)
(489,25)
(490,23)
(491,27)
(492,31)
(493,19)
(494,25)
(495,24)
(496,22)
(497,22)
(498,25)
(499,41)
(500,31)
(501,26)
(502,26)
(503,17)
(504,16)
(505,34)
(506,24)
(507,21)
(508,23)
(509,26)
(510,28)
(511,27)
(512,23)
(513,23)
(514,24)
(515,21)
(516,24)
(517,27)
(518,16)
(519,22)
(520,18)
(521,19)
(522,27)
(523,29)
(524,26)
(525,21)
(526,21)
(527,26)
(528,17)
(529,25)
(530,19)
(531,16)
(532,18)
(533,17)
(534,26)
(535,19)
(536,27)
(537,24)
(538,25)
(539,21)
(540,21)
(541,20)
(542,26)
(543,17)
(544,19)
(545,18)
(546,28)
(547,21)
(548,23)
(549,22)
(550,22)
(551,19)
(552,15)
(553,18)
(554,10)
(555,13)
(556,20)
(557,18)
(558,18)
(559,16)
(560,25)
(561,19)
(562,13)
(563,13)
(564,27)
(565,20)
(566,15)
(567,14)
(568,19)
(569,24)
(570,24)
(571,16)
(572,15)
(573,19)
(574,18)
(575,18)
(576,23)
(577,12)
(578,18)
(579,12)
(580,11)
(581,17)
(582,11)
(583,12)
(584,14)
(585,20)
(586,13)
(587,16)
(588,20)
(589,17)
(590,13)
(591,12)
(592,22)
(593,22)
(594,22)
(595,22)
(596,11)
(597,6)
(598,18)
(599,21)
(600,10)
(601,13)
(602,15)
(603,22)
(604,14)
(605,14)
(606,15)
(607,7)
(608,11)
(609,19)
(610,17)
(611,12)
(612,14)
(613,15)
(614,18)
(615,7)
(616,7)
(617,10)
(618,14)
(619,18)
(620,11)
(621,13)
(622,6)
(623,18)
(624,13)
(625,10)
(626,18)
(627,9)
(628,11)
(629,8)
(630,5)
(631,11)
(632,11)
(633,15)
(634,7)
(635,13)
(636,8)
(637,11)
(638,9)
(639,16)
(640,11)
(641,11)
(642,12)
(643,8)
(644,9)
(645,8)
(646,7)
(647,15)
(648,11)
(649,14)
(650,21)
(651,14)
(652,9)
(653,5)
(654,11)
(655,10)
(656,13)
(657,5)
(658,10)
(659,6)
(660,13)
(661,7)
(662,7)
(663,9)
(664,10)
(665,13)
(666,8)
(667,9)
(668,11)
(669,11)
(670,13)
(671,5)
(672,7)
(673,9)
(674,10)
(675,12)
(676,4)
(677,11)
(678,3)
(679,6)
(680,10)
(681,19)
(682,18)
(683,8)
(684,9)
(685,10)
(686,10)
(687,15)
(688,6)
(689,9)
(690,7)
(691,6)
(692,7)
(693,12)
(694,9)
(695,11)
(696,11)
(697,6)
(698,8)
(699,11)
(700,12)
(701,12)
(702,8)
(703,9)
(704,5)
(705,7)
(706,8)
(707,10)
(708,4)
(709,3)
(710,6)
(711,8)
(712,9)
(713,5)
(714,10)
(715,5)
(716,9)
(717,8)
(718,8)
(719,6)
(720,9)
(721,6)
(722,10)
(723,10)
(724,10)
(725,12)
(726,9)
(727,6)
(728,3)
(729,12)
(730,17)
(731,12)
(732,12)
(733,7)
(734,14)
(735,7)
(736,6)
(737,4)
(738,7)
(739,3)
(740,7)
(741,8)
(742,6)
(743,6)
(744,9)
(745,6)
(746,7)
(747,4)
(748,9)
(749,7)
(750,5)
(751,5)
(752,7)
(753,7)
(754,6)
(755,5)
(756,6)
(757,5)
(758,10)
(759,3)
(760,2)
(761,6)
(762,9)
(763,14)
(764,8)
(765,7)
(766,7)
(767,8)
(768,7)
(769,2)
(770,10)
(771,5)
(772,8)
(773,3)
(774,10)
(775,1)
(776,4)
(777,5)
(778,6)
(779,10)
(780,9)
(781,8)
(782,12)
(783,8)
(784,6)
(785,7)
(786,6)
(787,10)
(788,12)
(789,7)
(790,5)
(791,8)
(792,9)
(793,8)
(794,3)
(795,5)
(796,5)
(797,1)
(798,7)
(799,4)
(800,5)
(801,11)
(802,4)
(803,9)
(804,8)
(805,3)
(806,9)
(807,3)
(808,10)
(809,7)
(810,7)
(811,9)
(812,5)
(813,6)
(814,11)
(815,9)
(816,3)
(817,6)
(818,4)
(819,13)
(820,7)
(821,7)
(822,8)
(823,5)
(824,5)
(825,5)
(826,5)
(827,5)
(828,6)
(829,4)
(830,5)
(831,3)
(832,5)
(833,3)
(834,12)
(835,11)
(836,7)
(837,6)
(838,11)
(839,5)
(840,4)
(841,5)
(842,8)
(843,3)
(844,8)
(845,5)
(846,4)
(847,7)
(848,4)
(849,10)
(850,3)
(851,5)
(852,3)
(853,3)
(854,8)
(855,4)
(856,2)
(857,13)
(858,3)
(859,4)
(860,3)
(861,3)
(862,4)
(863,4)
(864,3)
(865,11)
(866,7)
(867,4)
(868,3)
(869,9)
(870,5)
(871,7)
(872,5)
(873,2)
(874,9)
(875,12)
(876,4)
(877,8)
(878,4)
(879,7)
(880,5)
(881,8)
(882,4)
(883,1)
(884,7)
(885,7)
(886,4)
(887,3)
(888,7)
(889,2)
(890,6)
(891,4)
(892,7)
(893,2)
(894,8)
(895,4)
(896,3)
(897,6)
(898,9)
(899,13)
(900,1)
(901,2)
(902,3)
(903,5)
(904,6)
(905,3)
(906,4)
(907,7)
(908,3)
(909,4)
(910,7)
(911,8)
(912,2)
(913,2)
(914,4)
(915,4)
(916,2)
(917,3)
(918,4)
(919,9)
(920,4)
(921,4)
(922,4)
(923,1)
(924,6)
(925,3)
(926,3)
(927,2)
(928,4)
(929,5)
(930,2)
(931,4)
(932,1)
(933,1)
(935,6)
(936,5)
(937,7)
(938,4)
(939,5)
(940,7)
(941,2)
(942,4)
(943,4)
(944,7)
(945,3)
(946,3)
(947,7)
(948,3)
(949,4)
(950,4)
(951,1)
(952,7)
(953,3)
(954,4)
(955,2)
(956,3)
(957,2)
(958,7)
(959,6)
(960,1)
(961,3)
(962,3)
(963,4)
(964,4)
(965,1)
(966,3)
(967,3)
(968,6)
(969,7)
(970,2)
(971,4)
(972,2)
(973,5)
(974,6)
(975,10)
(976,4)
(977,6)
(978,6)
(979,3)
(980,6)
(981,4)
(982,3)
(983,9)
(984,2)
(985,1)
(986,5)
(987,1)
(988,3)
(989,5)
(990,3)
(991,3)
(992,4)
(993,6)
(994,2)
(995,4)
(996,5)
(997,6)
(998,6)
(1000,1)
(1001,2)
(1003,9)
(1004,8)
(1005,2)
(1006,3)
(1007,3)
(1008,5)
(1009,7)
(1010,1)
(1011,3)
(1012,1)
(1013,3)
(1014,1)
(1015,4)
(1016,1)
(1017,2)
(1018,1)
(1019,2)
(1020,6)
(1021,3)
(1022,4)
(1023,6)
(1024,7)
(1025,5)
(1026,2)
(1027,7)
(1028,3)
(1029,5)
(1030,3)
(1031,2)
(1032,3)
(1033,3)
(1034,3)
(1035,4)
(1036,1)
(1037,3)
(1038,3)
(1039,4)
(1040,6)
(1041,3)
(1042,2)
(1043,2)
(1044,3)
(1045,7)
(1046,3)
(1047,3)
(1048,1)
(1049,2)
(1050,4)
(1051,2)
(1052,3)
(1053,2)
(1054,6)
(1055,3)
(1056,3)
(1057,6)
(1058,2)
(1059,4)
(1060,2)
(1061,3)
(1062,1)
(1063,2)
(1064,4)
(1065,2)
(1066,4)
(1067,4)
(1068,2)
(1069,3)
(1070,2)
(1071,4)
(1072,1)
(1073,5)
(1074,3)
(1075,2)
(1076,4)
(1077,2)
(1078,3)
(1079,4)
(1080,2)
(1081,1)
(1082,4)
(1083,4)
(1084,4)
(1085,3)
(1086,2)
(1087,1)
(1088,1)
(1089,4)
(1090,2)
(1091,6)
(1092,5)
(1093,4)
(1094,4)
(1095,2)
(1096,6)
(1097,3)
(1098,3)
(1099,6)
(1100,1)
(1101,2)
(1102,3)
(1103,3)
(1104,4)
(1105,4)
(1106,3)
(1107,2)
(1108,2)
(1109,5)
(1110,2)
(1111,2)
(1112,4)
(1113,1)
(1114,1)
(1115,2)
(1116,2)
(1117,3)
(1118,4)
(1119,1)
(1120,3)
(1121,5)
(1122,3)
(1123,5)
(1124,3)
(1125,1)
(1126,4)
(1127,4)
(1128,4)
(1129,3)
(1130,1)
(1131,1)
(1132,5)
(1133,2)
(1134,2)
(1135,2)
(1136,2)
(1137,5)
(1138,2)
(1139,1)
(1141,5)
(1142,3)
(1143,1)
(1144,5)
(1145,4)
(1146,2)
(1147,2)
(1148,5)
(1149,3)
(1150,3)
(1151,1)
(1152,4)
(1153,4)
(1154,2)
(1155,3)
(1156,2)
(1157,2)
(1158,2)
(1159,2)
(1161,2)
(1162,6)
(1163,5)
(1164,4)
(1165,1)
(1166,3)
(1167,2)
(1168,2)
(1169,4)
(1171,1)
(1172,2)
(1173,5)
(1174,3)
(1175,6)
(1176,4)
(1177,3)
(1178,1)
(1179,3)
(1180,2)
(1181,3)
(1182,3)
(1183,2)
(1184,2)
(1185,7)
(1186,2)
(1187,2)
(1188,3)
(1189,3)
(1190,3)
(1191,2)
(1192,2)
(1193,2)
(1194,4)
(1195,3)
(1196,2)
(1197,4)
(1198,4)
(1199,2)
(1200,7)
(1201,5)
(1202,2)
(1203,4)
(1204,2)
(1205,2)
(1206,4)
(1207,1)
(1209,2)
(1210,5)
(1211,3)
(1212,1)
(1214,3)
(1215,1)
(1216,1)
(1217,3)
(1218,1)
(1219,5)
(1220,1)
(1221,1)
(1222,4)
(1223,1)
(1224,4)
(1225,1)
(1226,6)
(1227,3)
(1229,3)
(1230,3)
(1231,5)
(1232,3)
(1233,1)
(1234,1)
(1235,2)
(1236,3)
(1237,2)
(1238,1)
(1239,1)
(1240,3)
(1241,2)
(1242,3)
(1243,2)
(1245,6)
(1246,2)
(1247,1)
(1248,2)
(1249,1)
(1250,6)
(1251,1)
(1252,5)
(1253,1)
(1255,7)
(1256,2)
(1258,1)
(1260,1)
(1261,4)
(1262,1)
(1263,1)
(1265,2)
(1266,1)
(1267,3)
(1268,1)
(1269,1)
(1270,2)
(1271,1)
(1272,3)
(1274,1)
(1276,4)
(1277,1)
(1279,3)
(1280,4)
(1281,2)
(1282,1)
(1283,2)
(1284,3)
(1285,1)
(1286,3)
(1287,1)
(1288,2)
(1289,3)
(1290,3)
(1291,3)
(1292,3)
(1293,2)
(1294,3)
(1295,2)
(1296,1)
(1297,1)
(1298,5)
(1299,4)
(1301,2)
(1303,2)
(1304,6)
(1305,4)
(1307,2)
(1308,5)
(1309,1)
(1310,1)
(1311,1)
(1312,1)
(1313,2)
(1314,2)
(1315,2)
(1317,3)
(1318,2)
(1319,2)
(1320,1)
(1321,2)
(1322,2)
(1324,2)
(1327,2)
(1328,4)
(1329,2)
(1330,2)
(1331,2)
(1332,2)
(1335,2)
(1336,2)
(1337,1)
(1338,3)
(1340,3)
(1341,6)
(1342,4)
(1343,2)
(1344,5)
(1345,1)
(1346,2)
(1347,1)
(1348,2)
(1350,1)
(1351,2)
(1352,4)
(1353,2)
(1354,2)
(1356,1)
(1357,2)
(1358,4)
(1359,1)
(1362,1)
(1364,3)
(1365,1)
(1366,1)
(1367,1)
(1369,5)
(1370,1)
(1371,2)
(1372,1)
(1373,4)
(1374,2)
(1376,3)
(1377,1)
(1378,2)
(1379,4)
(1380,4)
(1381,4)
(1382,1)
(1383,1)
(1385,5)
(1386,4)
(1387,2)
(1388,3)
(1391,3)
(1392,1)
(1393,6)
(1394,4)
(1395,3)
(1396,2)
(1398,7)
(1399,1)
(1400,4)
(1401,1)
(1402,1)
(1403,2)
(1404,2)
(1405,1)
(1406,1)
(1407,1)
(1408,3)
(1409,2)
(1410,3)
(1411,2)
(1412,1)
(1413,2)
(1415,1)
(1416,1)
(1417,1)
(1418,2)
(1420,2)
(1421,4)
(1422,2)
(1424,3)
(1425,4)
(1426,5)
(1427,1)
(1428,1)
(1429,1)
(1430,1)
(1431,2)
(1432,4)
(1433,1)
(1434,6)
(1435,4)
(1436,1)
(1437,2)
(1438,1)
(1439,3)
(1440,2)
(1441,2)
(1442,2)
(1443,4)
(1445,1)
(1446,4)
(1447,1)
(1449,1)
(1450,3)
(1451,3)
(1452,2)
(1455,3)
(1456,4)
(1457,1)
(1458,2)
(1459,1)
(1461,2)
(1463,2)
(1465,4)
(1466,1)
(1467,1)
(1468,1)
(1469,4)
(1470,2)
(1471,2)
(1472,1)
(1473,2)
(1474,1)
(1475,1)
(1477,2)
(1479,3)
(1480,1)
(1482,5)
(1485,1)
(1486,3)
(1487,1)
(1488,2)
(1490,2)
(1492,2)
(1493,3)
(1494,1)
(1495,1)
(1496,4)
(1497,4)
(1499,2)
(1501,1)
(1505,4)
(1506,1)
(1507,3)
(1509,1)
(1510,3)
(1511,3)
(1512,1)
(1513,1)
(1514,1)
(1515,1)
(1516,2)
(1517,3)
(1518,1)
(1519,1)
(1520,5)
(1521,3)
(1522,3)
(1523,1)
(1524,1)
(1526,2)
(1527,2)
(1528,1)
(1529,2)
(1530,2)
(1531,1)
(1532,1)
(1533,1)
(1534,2)
(1535,3)
(1536,1)
(1537,2)
(1538,1)
(1539,1)
(1540,2)
(1541,1)
(1542,3)
(1543,3)
(1544,2)
(1545,1)
(1548,1)
(1549,2)
(1550,3)
(1551,3)
(1552,2)
(1553,1)
(1555,3)
(1556,3)
(1558,1)
(1560,1)
(1562,1)
(1564,2)
(1565,2)
(1567,1)
(1569,1)
(1570,2)
(1573,3)
(1574,3)
(1575,1)
(1576,1)
(1577,3)
(1582,1)
(1583,1)
(1584,1)
(1586,1)
(1587,2)
(1588,4)
(1590,2)
(1592,3)
(1593,3)
(1595,1)
(1596,1)
(1597,1)
(1598,4)
(1599,5)
(1601,3)
(1602,1)
(1603,4)
(1604,1)
(1605,5)
(1606,2)
(1608,4)
(1609,2)
(1610,1)
(1611,1)
(1612,1)
(1613,2)
(1614,2)
(1617,1)
(1618,2)
(1619,2)
(1621,2)
(1622,4)
(1624,1)
(1625,1)
(1627,1)
(1628,1)
(1630,1)
(1632,2)
(1635,4)
(1636,1)
(1637,2)
(1638,1)
(1639,2)
(1640,2)
(1641,2)
(1643,3)
(1644,1)
(1647,2)
(1648,4)
(1651,2)
(1653,3)
(1654,2)
(1656,2)
(1658,1)
(1660,2)
(1661,1)
(1662,2)
(1663,2)
(1665,2)
(1666,1)
(1669,1)
(1670,1)
(1672,1)
(1674,2)
(1675,2)
(1676,2)
(1679,1)
(1681,2)
(1683,2)
(1684,1)
(1686,1)
(1687,3)
(1688,1)
(1689,1)
(1690,2)
(1691,3)
(1692,1)
(1693,1)
(1694,1)
(1698,2)
(1699,1)
(1700,2)
(1704,1)
(1705,1)
(1706,1)
(1707,1)
(1709,2)
(1710,2)
(1713,2)
(1716,1)
(1717,2)
(1719,2)
(1722,1)
(1723,1)
(1725,2)
(1726,1)
(1727,3)
(1729,1)
(1730,1)
(1731,3)
(1732,2)
(1733,1)
(1737,2)
(1738,1)
(1739,2)
(1740,1)
(1742,2)
(1743,1)
(1744,1)
(1745,1)
(1746,2)
(1747,3)
(1748,1)
(1749,1)
(1750,5)
(1751,3)
(1752,2)
(1753,1)
(1755,1)
(1756,1)
(1758,1)
(1759,1)
(1763,2)
(1764,3)
(1765,2)
(1767,1)
(1769,4)
(1770,2)
(1771,2)
(1772,1)
(1775,1)
(1777,2)
(1778,1)
(1781,1)
(1782,1)
(1786,1)
(1787,1)
(1789,2)
(1792,1)
(1793,2)
(1795,1)
(1796,2)
(1797,3)
(1802,1)
(1804,1)
(1806,2)
(1807,1)
(1808,1)
(1809,1)
(1810,2)
(1811,2)
(1812,1)
(1814,1)
(1815,2)
(1816,1)
(1817,1)
(1819,2)
(1820,1)
(1822,2)
(1823,1)
(1827,1)
(1828,3)
(1830,1)
(1832,1)
(1833,1)
(1835,1)
(1836,1)
(1838,1)
(1841,1)
(1842,1)
(1845,1)
(1846,2)
(1849,1)
(1851,2)
(1854,1)
(1856,2)
(1857,1)
(1858,3)
(1859,1)
(1861,1)
(1862,1)
(1863,2)
(1866,1)
(1867,2)
(1868,1)
(1869,2)
(1871,3)
(1872,4)
(1875,1)
(1877,1)
(1879,1)
(1880,1)
(1881,1)
(1882,2)
(1883,1)
(1885,1)
(1891,2)
(1893,3)
(1894,1)
(1896,1)
(1897,1)
(1898,1)
(1901,1)
(1902,1)
(1903,2)
(1906,1)
(1907,2)
(1908,3)
(1909,1)
(1910,1)
(1914,1)
(1915,2)
(1916,1)
(1917,2)
(1918,1)
(1919,1)
(1921,1)
(1922,2)
(1925,3)
(1926,1)
(1927,1)
(1928,1)
(1929,1)
(1931,2)
(1933,2)
(1935,1)
(1937,2)
(1938,1)
(1939,1)
(1941,2)
(1943,2)
(1947,2)
(1949,1)
(1950,2)
(1951,2)
(1952,2)
(1954,3)
(1955,1)
(1957,1)
(1960,1)
(1961,1)
(1963,1)
(1964,1)
(1966,1)
(1967,2)
(1970,1)
(1971,3)
(1972,1)
(1973,2)
(1975,1)
(1976,1)
(1978,1)
(1979,3)
(1980,1)
(1981,1)
(1983,1)
(1984,1)
(1985,1)
(1988,2)
(1989,1)
(1990,2)
(1991,2)
(1992,2)
(1993,1)
(1994,1)
(1995,1)
(1996,3)
(1998,1)
(1999,2)
(2001,1)
(2002,1)
(2003,1)
(2006,2)
(2011,1)
(2012,1)
(2013,1)
(2014,2)
(2018,1)
(2021,2)
(2029,1)
(2031,1)
(2032,1)
(2033,2)
(2034,2)
(2037,2)
(2038,1)
(2040,1)
(2041,1)
(2042,1)
(2043,1)
(2044,1)
(2045,2)
(2050,2)
(2051,1)
(2056,2)
(2058,2)
(2059,1)
(2060,2)
(2062,1)
(2064,2)
(2065,1)
(2066,3)
(2068,1)
(2069,3)
(2070,1)
(2072,1)
(2073,1)
(2075,1)
(2076,2)
(2077,3)
(2082,1)
(2083,2)
(2086,1)
(2087,1)
(2089,1)
(2091,2)
(2092,1)
(2094,1)
(2095,2)
(2099,1)
(2103,1)
(2104,1)
(2106,2)
(2109,1)
(2112,1)
(2113,1)
(2114,1)
(2115,2)
(2116,1)
(2118,1)
(2119,1)
(2126,1)
(2128,2)
(2129,1)
(2130,1)
(2131,1)
(2132,1)
(2133,2)
(2134,2)
(2139,3)
(2149,2)
(2150,1)
(2151,1)
(2153,1)
(2156,1)
(2159,1)
(2161,1)
(2162,1)
(2164,1)
(2166,1)
(2167,3)
(2169,1)
(2171,1)
(2173,2)
(2178,1)
(2180,3)
(2181,1)
(2183,1)
(2186,2)
(2187,1)
(2189,1)
(2191,1)
(2193,1)
(2194,1)
(2196,1)
(2197,1)
(2198,1)
(2200,1)
(2201,1)
(2202,1)
(2203,2)
(2204,1)
(2205,2)
(2206,1)
(2207,1)
(2209,1)
(2210,1)
(2212,1)
(2215,1)
(2216,1)
(2223,1)
(2225,1)
(2226,4)
(2228,3)
(2230,1)
(2231,3)
(2232,1)
(2233,3)
(2238,2)
(2239,1)
(2240,1)
(2242,1)
(2244,1)
(2245,1)
(2247,2)
(2249,1)
(2251,1)
(2253,1)
(2255,1)
(2256,1)
(2257,2)
(2258,1)
(2259,1)
(2260,1)
(2264,1)
(2268,1)
(2270,1)
(2272,1)
(2280,1)
(2281,2)
(2285,1)
(2288,1)
(2289,1)
(2291,1)
(2292,2)
(2294,3)
(2301,3)
(2302,1)
(2303,1)
(2310,2)
(2311,1)
(2313,1)
(2317,3)
(2318,2)
(2319,3)
(2323,1)
(2334,1)
(2336,1)
(2337,1)
(2339,1)
(2341,1)
(2343,1)
(2345,1)
(2349,1)
(2350,2)
(2355,1)
(2356,1)
(2357,1)
(2364,1)
(2367,2)
(2369,1)
(2371,1)
(2372,1)
(2374,1)
(2375,1)
(2376,3)
(2377,2)
(2380,1)
(2382,2)
(2383,1)
(2384,1)
(2388,1)
(2391,3)
(2394,1)
(2395,1)
(2398,1)
(2399,1)
(2405,1)
(2406,1)
(2407,1)
(2410,1)
(2415,1)
(2419,1)
(2420,1)
(2421,1)
(2424,1)
(2425,2)
(2431,1)
(2432,1)
(2439,1)
(2442,1)
(2446,3)
(2447,1)
(2451,1)
(2456,3)
(2458,1)
(2460,1)
(2462,1)
(2464,1)
(2465,1)
(2466,1)
(2470,2)
(2472,1)
(2473,1)
(2474,1)
(2475,1)
(2476,1)
(2485,1)
(2486,1)
(2487,2)
(2488,1)
(2489,1)
(2490,1)
(2492,1)
(2493,2)
(2495,2)
(2497,1)
(2500,1)
(2503,1)
(2505,2)
(2509,2)
(2516,1)
(2525,1)
(2528,1)
(2529,1)
(2530,1)
(2533,2)
(2538,1)
(2539,1)
(2540,1)
(2553,2)
(2555,1)
(2556,1)
(2561,1)
(2566,1)
(2568,2)
(2569,1)
(2570,1)
(2579,1)
(2583,1)
(2584,1)
(2586,1)
(2588,1)
(2590,1)
(2594,1)
(2595,2)
(2596,1)
(2597,2)
(2598,2)
(2601,1)
(2602,1)
(2605,1)
(2606,1)
(2607,2)
(2610,1)
(2613,1)
(2614,1)
(2617,2)
(2620,1)
(2623,3)
(2624,1)
(2631,1)
(2641,1)
(2642,1)
(2644,2)
(2651,1)
(2652,2)
(2656,1)
(2657,1)
(2660,1)
(2666,1)
(2670,1)
(2679,1)
(2680,1)
(2682,1)
(2689,1)
(2690,1)
(2692,1)
(2694,1)
(2695,2)
(2698,2)
(2700,1)
(2703,1)
(2706,1)
(2710,1)
(2719,3)
(2720,1)
(2722,1)
(2725,1)
(2726,1)
(2732,1)
(2743,2)
(2744,2)
(2747,1)
(2748,1)
(2752,1)
(2753,1)
(2754,1)
(2755,1)
(2760,1)
(2761,2)
(2763,1)
(2765,1)
(2769,1)
(2770,1)
(2772,1)
(2774,1)
(2777,1)
(2781,2)
(2782,1)
(2783,2)
(2787,1)
(2788,2)
(2789,1)
(2796,1)
(2797,1)
(2798,2)
(2810,1)
(2811,1)
(2827,1)
(2829,2)
(2832,1)
(2833,2)
(2836,1)
(2840,1)
(2844,1)
(2851,1)
(2853,1)
(2858,2)
(2863,1)
(2871,2)
(2884,1)
(2885,1)
(2886,1)
(2887,2)
(2894,1)
(2895,2)
(2899,1)
(2905,1)
(2918,1)
(2923,2)
(2925,1)
(2928,1)
(2930,1)
(2933,1)
(2934,1)
(2935,1)
(2936,1)
(2966,1)
(2971,1)
(2972,1)
(2974,1)
(2980,1)
(2982,1)
(2986,1)
(2988,1)
(2994,2)
(3004,1)
(3009,1)
(3012,1)
(3014,1)
(3017,2)
(3018,1)
(3026,1)
(3042,1)
(3043,1)
(3044,1)
(3050,1)
(3053,1)
(3056,1)
(3059,1)
(3062,1)
(3063,1)
(3067,1)
(3078,1)
(3083,1)
(3084,1)
(3090,1)
(3092,1)
(3098,1)
(3102,1)
(3107,1)
(3109,1)
(3114,1)
(3116,1)
(3122,1)
(3127,1)
(3132,1)
(3136,1)
(3142,1)
(3145,1)
(3146,1)
(3147,1)
(3148,1)
(3156,1)
(3158,1)
(3163,1)
(3169,1)
(3173,1)
(3174,1)
(3202,1)
(3206,1)
(3209,1)
(3210,1)
(3214,1)
(3218,1)
(3220,2)
(3225,1)
(3235,1)
(3236,1)
(3237,1)
(3241,1)
(3255,1)
(3258,1)
(3266,1)
(3267,1)
(3276,1)
(3280,1)
(3295,1)
(3298,1)
(3314,1)
(3317,1)
(3318,1)
(3319,1)
(3332,1)
(3335,1)
(3336,1)
(3337,1)
(3339,1)
(3346,1)
(3355,1)
(3364,1)
(3366,1)
(3375,1)
(3377,1)
(3381,1)
(3386,1)
(3406,1)
(3420,1)
(3421,1)
(3424,1)
(3434,1)
(3435,1)
(3447,1)
(3452,1)
(3453,1)
(3454,1)
(3457,1)
(3459,1)
(3476,1)
(3484,1)
(3490,1)
(3504,1)
(3520,1)
(3522,1)
(3525,1)
(3526,1)
(3536,1)
(3540,1)
(3550,2)
(3562,1)
(3571,1)
(3581,1)
(3586,1)
(3592,2)
(3593,1)
(3598,1)
(3603,1)
(3614,1)
(3618,1)
(3626,1)
(3627,2)
(3656,1)
(3664,1)
(3694,1)
(3705,1)
(3706,1)
(3713,1)
(3715,1)
(3718,1)
(3726,1)
(3729,1)
(3746,1)
(3754,1)
(3778,1)
(3779,2)
(3780,1)
(3785,1)
(3787,1)
(3795,1)
(3815,1)
(3824,1)
(3826,1)
(3831,1)
(3832,1)
(3837,1)
(3848,1)
(3867,1)
(3873,1)
(3892,1)
(3893,1)
(3900,1)
(3903,1)
(3915,1)
(3918,1)
(3922,1)
(3928,1)
(3931,1)
(3936,1)
(3946,1)
(3954,1)
(3962,1)
(3965,1)
(3972,2)
(3976,1)
(3978,1)
(3980,1)
(3990,1)
(3994,1)
(3996,1)
(4003,1)
(4016,1)
(4017,1)
(4019,2)
(4024,1)
(4026,1)
(4037,1)
(4041,1)
(4056,1)
(4059,1)
(4060,1)
(4068,1)
(4072,1)
(4082,1)
(4083,1)
(4086,1)
(4092,1)
(4100,1)
(4104,1)
(4110,1)
(4142,1)
(4145,1)
(4164,1)
(4180,1)
(4185,1)
(4213,1)
(4218,1)
(4222,1)
(4225,1)
(4241,1)
(4244,1)
(4254,1)
(4269,1)
(4270,1)
(4279,1)
(4292,1)
(4293,1)
(4301,1)
(4302,1)
(4303,1)
(4308,1)
(4325,1)
(4334,1)
(4338,1)
(4344,1)
(4346,1)
(4371,1)
(4381,1)
(4387,1)
(4389,1)
(4395,1)
(4397,1)
(4420,1)
(4445,1)
(4452,1)
(4464,1)
(4468,1)
(4471,3)
(4488,1)
(4495,1)
(4501,1)
(4561,1)
(4564,1)
(4576,1)
(4586,1)
(4591,1)
(4593,1)
(4597,1)
(4598,1)
(4634,1)
(4637,1)
(4643,1)
(4664,1)
(4668,1)
(4672,1)
(4690,1)
(4730,1)
(4736,1)
(4756,1)
(4767,1)
(4776,1)
(4806,1)
(4816,1)
(4840,1)
(4846,1)
(4892,1)
(4897,1)
(4914,1)
(4930,1)
(4970,1)
(5039,2)
(5092,1)
(5135,1)
(5144,1)
(5147,1)
(5154,1)
(5204,1)
(5208,1)
(5241,1)
(5249,1)
(5294,2)
(5317,1)
(5335,1)
(5403,1)
(5441,1)
(5469,1)
(5557,1)
(5595,1)
(5599,1)
(5636,1)
(5639,1)
(5670,1)
(5680,1)
(5686,1)
(5733,1)
(5750,1)
(5773,1)
(5778,1)
(5808,1)
(5818,1)
(5886,1)
(5904,1)
(5933,1)
(5958,1)
(5992,1)
(5998,1)
(6015,1)
(6032,1)
(6071,1)
(6183,1)
(6197,1)
(6231,1)
(6290,1)
(6293,1)
(6310,1)
(6368,1)
(6392,1)
(6433,1)
(6439,1)
(6496,1)
(6563,2)
(6638,1)
(6642,1)
(6655,1)
(6866,1)
(6949,1)
(6952,1)
(6958,1)
(7034,1)
(7120,1)
(7287,1)
(7318,1)
(7453,1)
(7611,1)
(7690,1)
(7708,1)
(7894,1)
(7952,1)
(8274,1)
(8346,1)
(8378,1)
(8578,1)
(8820,1)
(8991,1)
(9005,1)
(9487,1)
(9700,1)
(9985,1)
(10601,1)
(11213,1)
(11286,1)
(11497,1)
(12983,1)
(14566,1)
21/03/30 09:01:34 INFO handler.ContextHandler: stopped o.s.j.s.ServletContextHandler{/metrics/json,null}
21/03/30 09:01:34 INFO handler.ContextHandler: stopped o.s.j.s.ServletContextHandler{/stages/stage/kill,null}
21/03/30 09:01:34 INFO handler.ContextHandler: stopped o.s.j.s.ServletContextHandler{/api,null}
21/03/30 09:01:34 INFO handler.ContextHandler: stopped o.s.j.s.ServletContextHandler{/,null}
21/03/30 09:01:34 INFO handler.ContextHandler: stopped o.s.j.s.ServletContextHandler{/static,null}
21/03/30 09:01:34 INFO handler.ContextHandler: stopped o.s.j.s.ServletContextHandler{/executors/threadDump/json,null}
21/03/30 09:01:34 INFO handler.ContextHandler: stopped o.s.j.s.ServletContextHandler{/executors/threadDump,null}
21/03/30 09:01:34 INFO handler.ContextHandler: stopped o.s.j.s.ServletContextHandler{/executors/json,null}
21/03/30 09:01:34 INFO handler.ContextHandler: stopped o.s.j.s.ServletContextHandler{/executors,null}
21/03/30 09:01:34 INFO handler.ContextHandler: stopped o.s.j.s.ServletContextHandler{/environment/json,null}
21/03/30 09:01:34 INFO handler.ContextHandler: stopped o.s.j.s.ServletContextHandler{/environment,null}
21/03/30 09:01:34 INFO handler.ContextHandler: stopped o.s.j.s.ServletContextHandler{/storage/rdd/json,null}
21/03/30 09:01:34 INFO handler.ContextHandler: stopped o.s.j.s.ServletContextHandler{/storage/rdd,null}
21/03/30 09:01:34 INFO handler.ContextHandler: stopped o.s.j.s.ServletContextHandler{/storage/json,null}
21/03/30 09:01:34 INFO handler.ContextHandler: stopped o.s.j.s.ServletContextHandler{/storage,null}
21/03/30 09:01:34 INFO handler.ContextHandler: stopped o.s.j.s.ServletContextHandler{/stages/pool/json,null}
21/03/30 09:01:34 INFO handler.ContextHandler: stopped o.s.j.s.ServletContextHandler{/stages/pool,null}
21/03/30 09:01:34 INFO handler.ContextHandler: stopped o.s.j.s.ServletContextHandler{/stages/stage/json,null}
21/03/30 09:01:34 INFO handler.ContextHandler: stopped o.s.j.s.ServletContextHandler{/stages/stage,null}
21/03/30 09:01:34 INFO handler.ContextHandler: stopped o.s.j.s.ServletContextHandler{/stages/json,null}
21/03/30 09:01:34 INFO handler.ContextHandler: stopped o.s.j.s.ServletContextHandler{/stages,null}
21/03/30 09:01:34 INFO handler.ContextHandler: stopped o.s.j.s.ServletContextHandler{/jobs/job/json,null}
21/03/30 09:01:34 INFO handler.ContextHandler: stopped o.s.j.s.ServletContextHandler{/jobs/job,null}
21/03/30 09:01:34 INFO handler.ContextHandler: stopped o.s.j.s.ServletContextHandler{/jobs/json,null}
21/03/30 09:01:34 INFO handler.ContextHandler: stopped o.s.j.s.ServletContextHandler{/jobs,null}
21/03/30 09:01:34 INFO ui.SparkUI: Stopped Spark web UI at http://10.22.252.157:4040
21/03/30 09:01:34 INFO scheduler.DAGScheduler: Stopping DAGScheduler
21/03/30 09:01:34 INFO cluster.SparkDeploySchedulerBackend: Shutting down all executors
21/03/30 09:01:34 INFO cluster.SparkDeploySchedulerBackend: Asking each executor to shut down
21/03/30 09:01:34 INFO spark.MapOutputTrackerMasterEndpoint: MapOutputTrackerMasterEndpoint stopped!
21/03/30 09:01:34 INFO storage.MemoryStore: MemoryStore cleared
21/03/30 09:01:34 INFO storage.BlockManager: BlockManager stopped
21/03/30 09:01:34 INFO storage.BlockManagerMaster: BlockManagerMaster stopped
21/03/30 09:01:34 INFO scheduler.OutputCommitCoordinator$OutputCommitCoordinatorEndpoint: OutputCommitCoordinator stopped!
21/03/30 09:01:34 INFO spark.SparkContext: Successfully stopped SparkContext
21/03/30 09:01:34 INFO remote.RemoteActorRefProvider$RemotingTerminator: Shutting down remote daemon.
21/03/30 09:01:34 INFO remote.RemoteActorRefProvider$RemotingTerminator: Remote daemon shut down; proceeding with flushing remote transports.
21/03/30 09:01:34 INFO util.ShutdownHookManager: Shutdown hook called
21/03/30 09:01:34 INFO util.ShutdownHookManager: Deleting directory /tmp/spark-4a495f21-7b46-4b69-84be-5afeba184994
stopping yarn daemons
stopping resourcemanager
comet-14-02.ibnet: stopping nodemanager
comet-14-03.ibnet: stopping nodemanager
no proxyserver to stop
Stopping namenodes on [comet-14-02.ibnet]
comet-14-02.ibnet: stopping namenode
comet-14-02.ibnet: stopping datanode
comet-14-03.ibnet: stopping datanode
Stopping secondary namenodes [comet-14-02.ibnet]
comet-14-02.ibnet: stopping secondarynamenode
Copying Hadoop logs back to /home/gxj9834/cometcluster/logs...
‘/scratch/gxj9834/38972868/logs’ -> ‘/home/gxj9834/cometcluster/logs’
‘/scratch/gxj9834/38972868/logs/yarn-gxj9834-resourcemanager-comet-14-02.out’ -> ‘/home/gxj9834/cometcluster/logs/yarn-gxj9834-resourcemanager-comet-14-02.out’
‘/scratch/gxj9834/38972868/logs/SecurityAuth-gxj9834.audit’ -> ‘/home/gxj9834/cometcluster/logs/SecurityAuth-gxj9834.audit’
‘/scratch/gxj9834/38972868/logs/hadoop-gxj9834-datanode-comet-14-02.sdsc.edu.out’ -> ‘/home/gxj9834/cometcluster/logs/hadoop-gxj9834-datanode-comet-14-02.sdsc.edu.out’
‘/scratch/gxj9834/38972868/logs/spark-gxj9834-org.apache.spark.deploy.master.Master-1-comet-14-02.out’ -> ‘/home/gxj9834/cometcluster/logs/spark-gxj9834-org.apache.spark.deploy.master.Master-1-comet-14-02.out’
‘/scratch/gxj9834/38972868/logs/spark-gxj9834-org.apache.spark.deploy.worker.Worker-1-comet-14-02.sdsc.edu.out’ -> ‘/home/gxj9834/cometcluster/logs/spark-gxj9834-org.apache.spark.deploy.worker.Worker-1-comet-14-02.sdsc.edu.out’
‘/scratch/gxj9834/38972868/logs/hadoop-gxj9834-namenode-comet-14-02.sdsc.edu.out’ -> ‘/home/gxj9834/cometcluster/logs/hadoop-gxj9834-namenode-comet-14-02.sdsc.edu.out’
‘/scratch/gxj9834/38972868/logs/hadoop-gxj9834-secondarynamenode-comet-14-02.sdsc.edu.out’ -> ‘/home/gxj9834/cometcluster/logs/hadoop-gxj9834-secondarynamenode-comet-14-02.sdsc.edu.out’
‘/scratch/gxj9834/38972868/logs/yarn-gxj9834-nodemanager-comet-14-02.sdsc.edu.log’ -> ‘/home/gxj9834/cometcluster/logs/yarn-gxj9834-nodemanager-comet-14-02.sdsc.edu.log’
‘/scratch/gxj9834/38972868/logs/yarn-gxj9834-nodemanager-comet-14-02.sdsc.edu.out’ -> ‘/home/gxj9834/cometcluster/logs/yarn-gxj9834-nodemanager-comet-14-02.sdsc.edu.out’
‘/scratch/gxj9834/38972868/logs/hadoop-gxj9834-namenode-comet-14-02.sdsc.edu.log’ -> ‘/home/gxj9834/cometcluster/logs/hadoop-gxj9834-namenode-comet-14-02.sdsc.edu.log’
‘/scratch/gxj9834/38972868/logs/hadoop-gxj9834-secondarynamenode-comet-14-02.sdsc.edu.log’ -> ‘/home/gxj9834/cometcluster/logs/hadoop-gxj9834-secondarynamenode-comet-14-02.sdsc.edu.log’
‘/scratch/gxj9834/38972868/logs/userlogs’ -> ‘/home/gxj9834/cometcluster/logs/userlogs’
‘/scratch/gxj9834/38972868/logs/yarn-gxj9834-resourcemanager-comet-14-02.log’ -> ‘/home/gxj9834/cometcluster/logs/yarn-gxj9834-resourcemanager-comet-14-02.log’
‘/scratch/gxj9834/38972868/logs/hadoop-gxj9834-datanode-comet-14-02.sdsc.edu.log’ -> ‘/home/gxj9834/cometcluster/logs/hadoop-gxj9834-datanode-comet-14-02.sdsc.edu.log’
removed directory: ‘/scratch/gxj9834/38972868/mapred_scratch/usercache’
removed directory: ‘/scratch/gxj9834/38972868/mapred_scratch/nmPrivate’
removed directory: ‘/scratch/gxj9834/38972868/mapred_scratch/filecache’
removed directory: ‘/scratch/gxj9834/38972868/mapred_scratch’
removed ‘/scratch/gxj9834/38972868/tmp/dfs/namesecondary/current/fsimage_0000000000000000025.md5’
removed ‘/scratch/gxj9834/38972868/tmp/dfs/namesecondary/current/fsimage_0000000000000000025’
removed ‘/scratch/gxj9834/38972868/tmp/dfs/namesecondary/current/fsimage_0000000000000000000.md5’
removed ‘/scratch/gxj9834/38972868/tmp/dfs/namesecondary/current/fsimage_0000000000000000000’
removed ‘/scratch/gxj9834/38972868/tmp/dfs/namesecondary/current/VERSION’
removed ‘/scratch/gxj9834/38972868/tmp/dfs/namesecondary/current/edits_0000000000000000001-0000000000000000025’
removed directory: ‘/scratch/gxj9834/38972868/tmp/dfs/namesecondary/current’
removed directory: ‘/scratch/gxj9834/38972868/tmp/dfs/namesecondary’
removed directory: ‘/scratch/gxj9834/38972868/tmp/dfs’
removed directory: ‘/scratch/gxj9834/38972868/tmp’
removed ‘/scratch/gxj9834/38972868/namenode_data/current/edits_inprogress_0000000000000000026’
removed ‘/scratch/gxj9834/38972868/namenode_data/current/fsimage_0000000000000000000’
removed ‘/scratch/gxj9834/38972868/namenode_data/current/seen_txid’
removed ‘/scratch/gxj9834/38972868/namenode_data/current/fsimage_0000000000000000025’
removed ‘/scratch/gxj9834/38972868/namenode_data/current/fsimage_0000000000000000000.md5’
removed ‘/scratch/gxj9834/38972868/namenode_data/current/VERSION’
removed ‘/scratch/gxj9834/38972868/namenode_data/current/edits_0000000000000000001-0000000000000000025’
removed ‘/scratch/gxj9834/38972868/namenode_data/current/fsimage_0000000000000000025.md5’
removed directory: ‘/scratch/gxj9834/38972868/namenode_data/current’
removed directory: ‘/scratch/gxj9834/38972868/namenode_data’
removed ‘/scratch/gxj9834/38972868/hdfs_data/current/VERSION’
removed ‘/scratch/gxj9834/38972868/hdfs_data/current/BP-1931531430-198.202.114.231-1617120027378/current/VERSION’
removed directory: ‘/scratch/gxj9834/38972868/hdfs_data/current/BP-1931531430-198.202.114.231-1617120027378/current/rbw’
removed ‘/scratch/gxj9834/38972868/hdfs_data/current/BP-1931531430-198.202.114.231-1617120027378/current/dfsUsed’
removed ‘/scratch/gxj9834/38972868/hdfs_data/current/BP-1931531430-198.202.114.231-1617120027378/current/finalized/subdir0/subdir0/blk_1073741829_1005.meta’
removed ‘/scratch/gxj9834/38972868/hdfs_data/current/BP-1931531430-198.202.114.231-1617120027378/current/finalized/subdir0/subdir0/blk_1073741830_1006.meta’
removed ‘/scratch/gxj9834/38972868/hdfs_data/current/BP-1931531430-198.202.114.231-1617120027378/current/finalized/subdir0/subdir0/blk_1073741830’
removed ‘/scratch/gxj9834/38972868/hdfs_data/current/BP-1931531430-198.202.114.231-1617120027378/current/finalized/subdir0/subdir0/blk_1073741829’
removed ‘/scratch/gxj9834/38972868/hdfs_data/current/BP-1931531430-198.202.114.231-1617120027378/current/finalized/subdir0/subdir0/blk_1073741827’
removed ‘/scratch/gxj9834/38972868/hdfs_data/current/BP-1931531430-198.202.114.231-1617120027378/current/finalized/subdir0/subdir0/blk_1073741825_1001.meta’
removed ‘/scratch/gxj9834/38972868/hdfs_data/current/BP-1931531430-198.202.114.231-1617120027378/current/finalized/subdir0/subdir0/blk_1073741828_1004.meta’
removed ‘/scratch/gxj9834/38972868/hdfs_data/current/BP-1931531430-198.202.114.231-1617120027378/current/finalized/subdir0/subdir0/blk_1073741828’
removed ‘/scratch/gxj9834/38972868/hdfs_data/current/BP-1931531430-198.202.114.231-1617120027378/current/finalized/subdir0/subdir0/blk_1073741825’
removed ‘/scratch/gxj9834/38972868/hdfs_data/current/BP-1931531430-198.202.114.231-1617120027378/current/finalized/subdir0/subdir0/blk_1073741827_1003.meta’
removed ‘/scratch/gxj9834/38972868/hdfs_data/current/BP-1931531430-198.202.114.231-1617120027378/current/finalized/subdir0/subdir0/blk_1073741826_1002.meta’
removed ‘/scratch/gxj9834/38972868/hdfs_data/current/BP-1931531430-198.202.114.231-1617120027378/current/finalized/subdir0/subdir0/blk_1073741826’
removed directory: ‘/scratch/gxj9834/38972868/hdfs_data/current/BP-1931531430-198.202.114.231-1617120027378/current/finalized/subdir0/subdir0’
removed directory: ‘/scratch/gxj9834/38972868/hdfs_data/current/BP-1931531430-198.202.114.231-1617120027378/current/finalized/subdir0’
removed directory: ‘/scratch/gxj9834/38972868/hdfs_data/current/BP-1931531430-198.202.114.231-1617120027378/current/finalized’
removed directory: ‘/scratch/gxj9834/38972868/hdfs_data/current/BP-1931531430-198.202.114.231-1617120027378/current’
removed ‘/scratch/gxj9834/38972868/hdfs_data/current/BP-1931531430-198.202.114.231-1617120027378/dncp_block_verification.log.curr’
removed directory: ‘/scratch/gxj9834/38972868/hdfs_data/current/BP-1931531430-198.202.114.231-1617120027378/tmp’
removed ‘/scratch/gxj9834/38972868/hdfs_data/current/BP-1931531430-198.202.114.231-1617120027378/dncp_block_verification.log.prev’
removed directory: ‘/scratch/gxj9834/38972868/hdfs_data/current/BP-1931531430-198.202.114.231-1617120027378’
removed directory: ‘/scratch/gxj9834/38972868/hdfs_data/current’
removed directory: ‘/scratch/gxj9834/38972868/hdfs_data’
removed directory: ‘/scratch/gxj9834/38972868/pids’
removed ‘/scratch/gxj9834/38972868/logs/yarn-gxj9834-resourcemanager-comet-14-02.out’
removed ‘/scratch/gxj9834/38972868/logs/SecurityAuth-gxj9834.audit’
removed ‘/scratch/gxj9834/38972868/logs/hadoop-gxj9834-datanode-comet-14-02.sdsc.edu.out’
removed ‘/scratch/gxj9834/38972868/logs/spark-gxj9834-org.apache.spark.deploy.master.Master-1-comet-14-02.out’
removed ‘/scratch/gxj9834/38972868/logs/spark-gxj9834-org.apache.spark.deploy.worker.Worker-1-comet-14-02.sdsc.edu.out’
removed ‘/scratch/gxj9834/38972868/logs/hadoop-gxj9834-namenode-comet-14-02.sdsc.edu.out’
removed ‘/scratch/gxj9834/38972868/logs/hadoop-gxj9834-secondarynamenode-comet-14-02.sdsc.edu.out’
removed ‘/scratch/gxj9834/38972868/logs/yarn-gxj9834-nodemanager-comet-14-02.sdsc.edu.log’
removed ‘/scratch/gxj9834/38972868/logs/yarn-gxj9834-nodemanager-comet-14-02.sdsc.edu.out’
removed ‘/scratch/gxj9834/38972868/logs/hadoop-gxj9834-namenode-comet-14-02.sdsc.edu.log’
removed ‘/scratch/gxj9834/38972868/logs/hadoop-gxj9834-secondarynamenode-comet-14-02.sdsc.edu.log’
removed directory: ‘/scratch/gxj9834/38972868/logs/userlogs’
removed ‘/scratch/gxj9834/38972868/logs/yarn-gxj9834-resourcemanager-comet-14-02.log’
removed ‘/scratch/gxj9834/38972868/logs/hadoop-gxj9834-datanode-comet-14-02.sdsc.edu.log’
removed directory: ‘/scratch/gxj9834/38972868/logs’
removed directory: ‘/scratch/gxj9834/38972868/mapred_scratch/usercache’
removed directory: ‘/scratch/gxj9834/38972868/mapred_scratch/nmPrivate’
removed directory: ‘/scratch/gxj9834/38972868/mapred_scratch/filecache’
removed directory: ‘/scratch/gxj9834/38972868/mapred_scratch’
removed ‘/scratch/gxj9834/38972868/hdfs_data/current/BP-1931531430-198.202.114.231-1617120027378/dncp_block_verification.log.curr’
removed ‘/scratch/gxj9834/38972868/hdfs_data/current/BP-1931531430-198.202.114.231-1617120027378/dncp_block_verification.log.prev’
removed directory: ‘/scratch/gxj9834/38972868/hdfs_data/current/BP-1931531430-198.202.114.231-1617120027378/tmp’
removed ‘/scratch/gxj9834/38972868/hdfs_data/current/BP-1931531430-198.202.114.231-1617120027378/current/VERSION’
removed directory: ‘/scratch/gxj9834/38972868/hdfs_data/current/BP-1931531430-198.202.114.231-1617120027378/current/rbw’
removed ‘/scratch/gxj9834/38972868/hdfs_data/current/BP-1931531430-198.202.114.231-1617120027378/current/dfsUsed’
removed ‘/scratch/gxj9834/38972868/hdfs_data/current/BP-1931531430-198.202.114.231-1617120027378/current/finalized/subdir0/subdir0/blk_1073741826’
removed ‘/scratch/gxj9834/38972868/hdfs_data/current/BP-1931531430-198.202.114.231-1617120027378/current/finalized/subdir0/subdir0/blk_1073741826_1002.meta’
removed ‘/scratch/gxj9834/38972868/hdfs_data/current/BP-1931531430-198.202.114.231-1617120027378/current/finalized/subdir0/subdir0/blk_1073741828’
removed ‘/scratch/gxj9834/38972868/hdfs_data/current/BP-1931531430-198.202.114.231-1617120027378/current/finalized/subdir0/subdir0/blk_1073741827_1003.meta’
removed ‘/scratch/gxj9834/38972868/hdfs_data/current/BP-1931531430-198.202.114.231-1617120027378/current/finalized/subdir0/subdir0/blk_1073741825’
removed ‘/scratch/gxj9834/38972868/hdfs_data/current/BP-1931531430-198.202.114.231-1617120027378/current/finalized/subdir0/subdir0/blk_1073741827’
removed ‘/scratch/gxj9834/38972868/hdfs_data/current/BP-1931531430-198.202.114.231-1617120027378/current/finalized/subdir0/subdir0/blk_1073741825_1001.meta’
removed ‘/scratch/gxj9834/38972868/hdfs_data/current/BP-1931531430-198.202.114.231-1617120027378/current/finalized/subdir0/subdir0/blk_1073741828_1004.meta’
removed ‘/scratch/gxj9834/38972868/hdfs_data/current/BP-1931531430-198.202.114.231-1617120027378/current/finalized/subdir0/subdir0/blk_1073741830’
removed ‘/scratch/gxj9834/38972868/hdfs_data/current/BP-1931531430-198.202.114.231-1617120027378/current/finalized/subdir0/subdir0/blk_1073741830_1006.meta’
removed ‘/scratch/gxj9834/38972868/hdfs_data/current/BP-1931531430-198.202.114.231-1617120027378/current/finalized/subdir0/subdir0/blk_1073741829_1005.meta’
removed ‘/scratch/gxj9834/38972868/hdfs_data/current/BP-1931531430-198.202.114.231-1617120027378/current/finalized/subdir0/subdir0/blk_1073741829’
removed directory: ‘/scratch/gxj9834/38972868/hdfs_data/current/BP-1931531430-198.202.114.231-1617120027378/current/finalized/subdir0/subdir0’
removed directory: ‘/scratch/gxj9834/38972868/hdfs_data/current/BP-1931531430-198.202.114.231-1617120027378/current/finalized/subdir0’
removed directory: ‘/scratch/gxj9834/38972868/hdfs_data/current/BP-1931531430-198.202.114.231-1617120027378/current/finalized’
removed directory: ‘/scratch/gxj9834/38972868/hdfs_data/current/BP-1931531430-198.202.114.231-1617120027378/current’
removed directory: ‘/scratch/gxj9834/38972868/hdfs_data/current/BP-1931531430-198.202.114.231-1617120027378’
removed ‘/scratch/gxj9834/38972868/hdfs_data/current/VERSION’
removed directory: ‘/scratch/gxj9834/38972868/hdfs_data/current’
removed directory: ‘/scratch/gxj9834/38972868/hdfs_data’
removed directory: ‘/scratch/gxj9834/38972868/pids’
removed ‘/scratch/gxj9834/38972868/logs/yarn-gxj9834-nodemanager-comet-14-03.sdsc.edu.out’
removed directory: ‘/scratch/gxj9834/38972868/logs/userlogs’
removed ‘/scratch/gxj9834/38972868/logs/hadoop-gxj9834-datanode-comet-14-03.sdsc.edu.out’
removed ‘/scratch/gxj9834/38972868/logs/spark-gxj9834-org.apache.spark.deploy.worker.Worker-1-comet-14-03.sdsc.edu.out’
removed ‘/scratch/gxj9834/38972868/logs/hadoop-gxj9834-datanode-comet-14-03.sdsc.edu.log’
removed ‘/scratch/gxj9834/38972868/logs/SecurityAuth-gxj9834.audit’
removed ‘/scratch/gxj9834/38972868/logs/yarn-gxj9834-nodemanager-comet-14-03.sdsc.edu.log’
removed directory: ‘/scratch/gxj9834/38972868/logs’
removed directory: ‘/tmp/Jetty_0_0_0_0_50075_datanode____hwtdwq_8579750744462089571/jsp’
removed directory: ‘/tmp/Jetty_0_0_0_0_50075_datanode____hwtdwq_8579750744462089571/.active’
removed directory: ‘/tmp/Jetty_0_0_0_0_50075_datanode____hwtdwq_8579750744462089571’
removed directory: ‘/tmp/Jetty_0_0_0_0_50075_datanode____hwtdwq_6100050671015347595/jsp’
removed directory: ‘/tmp/Jetty_0_0_0_0_50075_datanode____hwtdwq_6100050671015347595/.active’
removed directory: ‘/tmp/Jetty_0_0_0_0_50075_datanode____hwtdwq_6100050671015347595’
removed directory: ‘/tmp/Jetty_0_0_0_0_50075_datanode____hwtdwq_3910228096361262958/jsp’
removed directory: ‘/tmp/Jetty_0_0_0_0_50075_datanode____hwtdwq_3910228096361262958/.active’
removed directory: ‘/tmp/Jetty_0_0_0_0_50075_datanode____hwtdwq_3910228096361262958’
removed directory: ‘/tmp/Jetty_0_0_0_0_50075_datanode____hwtdwq_1941119781732080946/jsp’
removed directory: ‘/tmp/Jetty_0_0_0_0_50075_datanode____hwtdwq_1941119781732080946/.active’
removed directory: ‘/tmp/Jetty_0_0_0_0_50075_datanode____hwtdwq_1941119781732080946’
removed directory: ‘/tmp/Jetty_0_0_0_0_50075_datanode____hwtdwq_4060300542145363214/jsp’
removed directory: ‘/tmp/Jetty_0_0_0_0_50075_datanode____hwtdwq_4060300542145363214/.active’
removed directory: ‘/tmp/Jetty_0_0_0_0_50075_datanode____hwtdwq_4060300542145363214’
removed directory: ‘/tmp/Jetty_0_0_0_0_50075_datanode____hwtdwq_8992027528839622663/jsp’
removed directory: ‘/tmp/Jetty_0_0_0_0_50075_datanode____hwtdwq_8992027528839622663/.active’
removed directory: ‘/tmp/Jetty_0_0_0_0_50075_datanode____hwtdwq_8992027528839622663’
removed directory: ‘/tmp/Jetty_0_0_0_0_50075_datanode____hwtdwq_7613656498813189498/jsp’
removed directory: ‘/tmp/Jetty_0_0_0_0_50075_datanode____hwtdwq_7613656498813189498/.active’
removed directory: ‘/tmp/Jetty_0_0_0_0_50075_datanode____hwtdwq_7613656498813189498’
removed directory: ‘/tmp/Jetty_0_0_0_0_50075_datanode____hwtdwq_6300901209136455119/jsp’
removed directory: ‘/tmp/Jetty_0_0_0_0_50075_datanode____hwtdwq_6300901209136455119/.active’
removed directory: ‘/tmp/Jetty_0_0_0_0_50075_datanode____hwtdwq_6300901209136455119’
removed directory: ‘/tmp/Jetty_0_0_0_0_50075_datanode____hwtdwq_3501988809561551303/jsp’
removed directory: ‘/tmp/Jetty_0_0_0_0_50075_datanode____hwtdwq_3501988809561551303/.active’
removed directory: ‘/tmp/Jetty_0_0_0_0_50075_datanode____hwtdwq_3501988809561551303’
removed directory: ‘/tmp/Jetty_0_0_0_0_50075_datanode____hwtdwq_4994888947429635304/jsp’
removed directory: ‘/tmp/Jetty_0_0_0_0_50075_datanode____hwtdwq_4994888947429635304/.active’
removed directory: ‘/tmp/Jetty_0_0_0_0_50075_datanode____hwtdwq_4994888947429635304’
removed directory: ‘/tmp/Jetty_0_0_0_0_50075_datanode____hwtdwq_1766847856777747368/jsp’
removed directory: ‘/tmp/Jetty_0_0_0_0_50075_datanode____hwtdwq_1766847856777747368/.active’
removed directory: ‘/tmp/Jetty_0_0_0_0_50075_datanode____hwtdwq_1766847856777747368’
removed directory: ‘/tmp/Jetty_comet.14.02_ibnet_50090_secondary____.cwjvbq_4871247739486055228/jsp’
removed directory: ‘/tmp/Jetty_comet.14.02_ibnet_50090_secondary____.cwjvbq_4871247739486055228/.active’
removed directory: ‘/tmp/Jetty_comet.14.02_ibnet_50090_secondary____.cwjvbq_4871247739486055228’
removed directory: ‘/tmp/Jetty_0_0_0_0_50075_datanode____hwtdwq_318004205167327037/jsp’
removed directory: ‘/tmp/Jetty_0_0_0_0_50075_datanode____hwtdwq_318004205167327037/.active’
removed directory: ‘/tmp/Jetty_0_0_0_0_50075_datanode____hwtdwq_318004205167327037’
removed directory: ‘/tmp/Jetty_0_0_0_0_43984_mapreduce____.8gyavx/jsp’
removed directory: ‘/tmp/Jetty_0_0_0_0_43984_mapreduce____.8gyavx/.active’
removed directory: ‘/tmp/Jetty_0_0_0_0_43984_mapreduce____.8gyavx/webapp/webapps/mapreduce’
removed directory: ‘/tmp/Jetty_0_0_0_0_43984_mapreduce____.8gyavx/webapp/webapps’
removed directory: ‘/tmp/Jetty_0_0_0_0_43984_mapreduce____.8gyavx/webapp’
removed directory: ‘/tmp/Jetty_0_0_0_0_43984_mapreduce____.8gyavx’
removed directory: ‘/tmp/Jetty_0_0_0_0_50075_datanode____hwtdwq_8543033106100882259/jsp’
removed directory: ‘/tmp/Jetty_0_0_0_0_50075_datanode____hwtdwq_8543033106100882259/.active’
removed directory: ‘/tmp/Jetty_0_0_0_0_50075_datanode____hwtdwq_8543033106100882259’
removed directory: ‘/tmp/Jetty_0_0_0_0_50075_datanode____hwtdwq_2827838916950594750/jsp’
removed directory: ‘/tmp/Jetty_0_0_0_0_50075_datanode____hwtdwq_2827838916950594750/.active’
removed directory: ‘/tmp/Jetty_0_0_0_0_50075_datanode____hwtdwq_2827838916950594750’
removed directory: ‘/tmp/Jetty_0_0_0_0_50075_datanode____hwtdwq_1677606302195949585/jsp’
removed directory: ‘/tmp/Jetty_0_0_0_0_50075_datanode____hwtdwq_1677606302195949585/.active’
removed directory: ‘/tmp/Jetty_0_0_0_0_50075_datanode____hwtdwq_1677606302195949585’
removed directory: ‘/tmp/Jetty_0_0_0_0_50070_hdfs____w2cu08_1740482227640709578/jsp’
removed directory: ‘/tmp/Jetty_0_0_0_0_50070_hdfs____w2cu08_1740482227640709578/.active’
removed directory: ‘/tmp/Jetty_0_0_0_0_50070_hdfs____w2cu08_1740482227640709578’
removed directory: ‘/tmp/Jetty_0_0_0_0_50075_datanode____hwtdwq_2792132861683591262/jsp’
removed directory: ‘/tmp/Jetty_0_0_0_0_50075_datanode____hwtdwq_2792132861683591262/.active’
removed directory: ‘/tmp/Jetty_0_0_0_0_50075_datanode____hwtdwq_2792132861683591262’
removed directory: ‘/tmp/Jetty_0_0_0_0_50075_datanode____hwtdwq_2562940022953294359/jsp’
removed directory: ‘/tmp/Jetty_0_0_0_0_50075_datanode____hwtdwq_2562940022953294359/.active’
removed directory: ‘/tmp/Jetty_0_0_0_0_50075_datanode____hwtdwq_2562940022953294359’
removed directory: ‘/tmp/Jetty_0_0_0_0_50075_datanode____hwtdwq_1198155700938189922/jsp’
removed directory: ‘/tmp/Jetty_0_0_0_0_50075_datanode____hwtdwq_1198155700938189922/.active’
removed directory: ‘/tmp/Jetty_0_0_0_0_50075_datanode____hwtdwq_1198155700938189922’
removed directory: ‘/tmp/Jetty_0_0_0_0_50075_datanode____hwtdwq_504051655048653884/jsp’
removed directory: ‘/tmp/Jetty_0_0_0_0_50075_datanode____hwtdwq_504051655048653884/.active’
removed directory: ‘/tmp/Jetty_0_0_0_0_50075_datanode____hwtdwq_504051655048653884’
removed directory: ‘/tmp/Jetty_0_0_0_0_50075_datanode____hwtdwq_1008216798850697068/jsp’
removed directory: ‘/tmp/Jetty_0_0_0_0_50075_datanode____hwtdwq_1008216798850697068/.active’
removed directory: ‘/tmp/Jetty_0_0_0_0_50075_datanode____hwtdwq_1008216798850697068’
