Using Spark's default log4j profile: org/apache/spark/log4j-defaults.properties
21/03/30 08:58:02 INFO SparkContext: Running Spark version 1.5.2
21/03/30 08:58:03 WARN NativeCodeLoader: Unable to load native-hadoop library for your platform... using builtin-java classes where applicable
21/03/30 08:58:03 INFO SecurityManager: Changing view acls to: gxj9834
21/03/30 08:58:03 INFO SecurityManager: Changing modify acls to: gxj9834
21/03/30 08:58:03 INFO SecurityManager: SecurityManager: authentication disabled; ui acls disabled; users with view permissions: Set(gxj9834); users with modify permissions: Set(gxj9834)
21/03/30 08:58:04 INFO Slf4jLogger: Slf4jLogger started
21/03/30 08:58:04 INFO Remoting: Starting remoting
21/03/30 08:58:04 INFO Remoting: Remoting started; listening on addresses :[akka.tcp://sparkDriver@198.202.112.51:42171]
21/03/30 08:58:04 INFO Utils: Successfully started service 'sparkDriver' on port 42171.
21/03/30 08:58:04 INFO SparkEnv: Registering MapOutputTracker
21/03/30 08:58:04 INFO SparkEnv: Registering BlockManagerMaster
21/03/30 08:58:04 INFO DiskBlockManager: Created local directory at /tmp/blockmgr-fbec0d6f-4092-4366-bce3-141ea93cf6c2
21/03/30 08:58:04 INFO MemoryStore: MemoryStore started with capacity 530.0 MB
21/03/30 08:58:04 INFO HttpFileServer: HTTP File server directory is /tmp/spark-b1242732-722f-440e-a23c-39c01c1ea2c4/httpd-1b428220-adf2-4da9-8e2c-c81a2e0e0f05
21/03/30 08:58:04 INFO HttpServer: Starting HTTP Server
21/03/30 08:58:04 INFO Utils: Successfully started service 'HTTP file server' on port 35687.
21/03/30 08:58:04 INFO SparkEnv: Registering OutputCommitCoordinator
21/03/30 08:58:04 INFO Utils: Successfully started service 'SparkUI' on port 4040.
21/03/30 08:58:04 INFO SparkUI: Started SparkUI at http://198.202.112.51:4040
21/03/30 08:58:04 INFO SparkContext: Added JAR file:/home/gxj9834/project4/twitter.jar at http://198.202.112.51:35687/jars/twitter.jar with timestamp 1617119884915
21/03/30 08:58:04 WARN MetricsSystem: Using default name DAGScheduler for source because spark.app.id is not set.
21/03/30 08:58:04 INFO Executor: Starting executor ID driver on host localhost
21/03/30 08:58:05 INFO Utils: Successfully started service 'org.apache.spark.network.netty.NettyBlockTransferService' on port 37004.
21/03/30 08:58:05 INFO NettyBlockTransferService: Server created on 37004
21/03/30 08:58:05 INFO BlockManagerMaster: Trying to register BlockManager
21/03/30 08:58:05 INFO BlockManagerMasterEndpoint: Registering block manager localhost:37004 with 530.0 MB RAM, BlockManagerId(driver, localhost, 37004)
21/03/30 08:58:05 INFO BlockManagerMaster: Registered BlockManager
21/03/30 08:58:05 INFO MemoryStore: ensureFreeSpace(120040) called with curMem=0, maxMem=555755765
21/03/30 08:58:05 INFO MemoryStore: Block broadcast_0 stored as values in memory (estimated size 117.2 KB, free 529.9 MB)
21/03/30 08:58:05 INFO MemoryStore: ensureFreeSpace(12673) called with curMem=120040, maxMem=555755765
21/03/30 08:58:05 INFO MemoryStore: Block broadcast_0_piece0 stored as bytes in memory (estimated size 12.4 KB, free 529.9 MB)
21/03/30 08:58:05 INFO BlockManagerInfo: Added broadcast_0_piece0 in memory on localhost:37004 (size: 12.4 KB, free: 530.0 MB)
21/03/30 08:58:05 INFO SparkContext: Created broadcast 0 from textFile at Twitter.scala:8
21/03/30 08:58:06 INFO FileInputFormat: Total input paths to process : 1
21/03/30 08:58:06 INFO SparkContext: Starting job: collect at Twitter.scala:15
21/03/30 08:58:06 INFO DAGScheduler: Registering RDD 2 (map at Twitter.scala:8)
21/03/30 08:58:06 INFO DAGScheduler: Registering RDD 4 (map at Twitter.scala:10)
21/03/30 08:58:06 INFO DAGScheduler: Got job 0 (collect at Twitter.scala:15) with 2 output partitions
21/03/30 08:58:06 INFO DAGScheduler: Final stage: ResultStage 2(collect at Twitter.scala:15)
21/03/30 08:58:06 INFO DAGScheduler: Parents of final stage: List(ShuffleMapStage 1)
21/03/30 08:58:06 INFO DAGScheduler: Missing parents: List(ShuffleMapStage 1)
21/03/30 08:58:06 INFO DAGScheduler: Submitting ShuffleMapStage 0 (MapPartitionsRDD[2] at map at Twitter.scala:8), which has no missing parents
21/03/30 08:58:06 INFO MemoryStore: ensureFreeSpace(4624) called with curMem=132713, maxMem=555755765
21/03/30 08:58:06 INFO MemoryStore: Block broadcast_1 stored as values in memory (estimated size 4.5 KB, free 529.9 MB)
21/03/30 08:58:06 INFO MemoryStore: ensureFreeSpace(2504) called with curMem=137337, maxMem=555755765
21/03/30 08:58:06 INFO MemoryStore: Block broadcast_1_piece0 stored as bytes in memory (estimated size 2.4 KB, free 529.9 MB)
21/03/30 08:58:06 INFO BlockManagerInfo: Added broadcast_1_piece0 in memory on localhost:37004 (size: 2.4 KB, free: 530.0 MB)
21/03/30 08:58:06 INFO SparkContext: Created broadcast 1 from broadcast at DAGScheduler.scala:861
21/03/30 08:58:06 INFO DAGScheduler: Submitting 2 missing tasks from ShuffleMapStage 0 (MapPartitionsRDD[2] at map at Twitter.scala:8)
21/03/30 08:58:06 INFO TaskSchedulerImpl: Adding task set 0.0 with 2 tasks
21/03/30 08:58:06 INFO TaskSetManager: Starting task 0.0 in stage 0.0 (TID 0, localhost, PROCESS_LOCAL, 2197 bytes)
21/03/30 08:58:06 INFO TaskSetManager: Starting task 1.0 in stage 0.0 (TID 1, localhost, PROCESS_LOCAL, 2197 bytes)
21/03/30 08:58:06 INFO Executor: Running task 0.0 in stage 0.0 (TID 0)
21/03/30 08:58:06 INFO Executor: Fetching http://198.202.112.51:35687/jars/twitter.jar with timestamp 1617119884915
21/03/30 08:58:06 INFO Executor: Running task 1.0 in stage 0.0 (TID 1)
21/03/30 08:58:06 INFO Utils: Fetching http://198.202.112.51:35687/jars/twitter.jar to /tmp/spark-b1242732-722f-440e-a23c-39c01c1ea2c4/userFiles-b07f4f1c-5fc6-4df4-b00f-f9649e347be0/fetchFileTemp2643241725719835923.tmp
21/03/30 08:58:06 INFO Executor: Adding file:/tmp/spark-b1242732-722f-440e-a23c-39c01c1ea2c4/userFiles-b07f4f1c-5fc6-4df4-b00f-f9649e347be0/twitter.jar to class loader
21/03/30 08:58:06 INFO HadoopRDD: Input split: file:/home/gxj9834/project4/small-twitter.csv:97379+97380
21/03/30 08:58:06 INFO HadoopRDD: Input split: file:/home/gxj9834/project4/small-twitter.csv:0+97379
21/03/30 08:58:06 INFO deprecation: mapred.tip.id is deprecated. Instead, use mapreduce.task.id
21/03/30 08:58:06 INFO deprecation: mapred.task.id is deprecated. Instead, use mapreduce.task.attempt.id
21/03/30 08:58:06 INFO deprecation: mapred.task.is.map is deprecated. Instead, use mapreduce.task.ismap
21/03/30 08:58:06 INFO deprecation: mapred.task.partition is deprecated. Instead, use mapreduce.task.partition
21/03/30 08:58:06 INFO deprecation: mapred.job.id is deprecated. Instead, use mapreduce.job.id
21/03/30 08:58:07 INFO Executor: Finished task 0.0 in stage 0.0 (TID 0). 2254 bytes result sent to driver
21/03/30 08:58:07 INFO Executor: Finished task 1.0 in stage 0.0 (TID 1). 2254 bytes result sent to driver
21/03/30 08:58:07 INFO TaskSetManager: Finished task 0.0 in stage 0.0 (TID 0) in 741 ms on localhost (1/2)
21/03/30 08:58:07 INFO DAGScheduler: ShuffleMapStage 0 (map at Twitter.scala:8) finished in 0.773 s
21/03/30 08:58:07 INFO DAGScheduler: looking for newly runnable stages
21/03/30 08:58:07 INFO DAGScheduler: running: Set()
21/03/30 08:58:07 INFO DAGScheduler: waiting: Set(ShuffleMapStage 1, ResultStage 2)
21/03/30 08:58:07 INFO DAGScheduler: failed: Set()
21/03/30 08:58:07 INFO DAGScheduler: Missing parents for ShuffleMapStage 1: List()
21/03/30 08:58:07 INFO DAGScheduler: Missing parents for ResultStage 2: List(ShuffleMapStage 1)
21/03/30 08:58:07 INFO DAGScheduler: Submitting ShuffleMapStage 1 (MapPartitionsRDD[4] at map at Twitter.scala:10), which is now runnable
21/03/30 08:58:07 INFO MemoryStore: ensureFreeSpace(5152) called with curMem=139841, maxMem=555755765
21/03/30 08:58:07 INFO MemoryStore: Block broadcast_2 stored as values in memory (estimated size 5.0 KB, free 529.9 MB)
21/03/30 08:58:07 INFO TaskSetManager: Finished task 1.0 in stage 0.0 (TID 1) in 740 ms on localhost (2/2)
21/03/30 08:58:07 INFO TaskSchedulerImpl: Removed TaskSet 0.0, whose tasks have all completed, from pool 
21/03/30 08:58:07 INFO MemoryStore: ensureFreeSpace(2706) called with curMem=144993, maxMem=555755765
21/03/30 08:58:07 INFO MemoryStore: Block broadcast_2_piece0 stored as bytes in memory (estimated size 2.6 KB, free 529.9 MB)
21/03/30 08:58:07 INFO BlockManagerInfo: Added broadcast_2_piece0 in memory on localhost:37004 (size: 2.6 KB, free: 530.0 MB)
21/03/30 08:58:07 INFO SparkContext: Created broadcast 2 from broadcast at DAGScheduler.scala:861
21/03/30 08:58:07 INFO DAGScheduler: Submitting 2 missing tasks from ShuffleMapStage 1 (MapPartitionsRDD[4] at map at Twitter.scala:10)
21/03/30 08:58:07 INFO TaskSchedulerImpl: Adding task set 1.0 with 2 tasks
21/03/30 08:58:07 INFO TaskSetManager: Starting task 0.0 in stage 1.0 (TID 2, localhost, PROCESS_LOCAL, 1944 bytes)
21/03/30 08:58:07 INFO TaskSetManager: Starting task 1.0 in stage 1.0 (TID 3, localhost, PROCESS_LOCAL, 1944 bytes)
21/03/30 08:58:07 INFO Executor: Running task 0.0 in stage 1.0 (TID 2)
21/03/30 08:58:07 INFO Executor: Running task 1.0 in stage 1.0 (TID 3)
21/03/30 08:58:07 INFO ShuffleBlockFetcherIterator: Getting 2 non-empty blocks out of 2 blocks
21/03/30 08:58:07 INFO ShuffleBlockFetcherIterator: Getting 2 non-empty blocks out of 2 blocks
21/03/30 08:58:07 INFO ShuffleBlockFetcherIterator: Started 0 remote fetches in 12 ms
21/03/30 08:58:07 INFO ShuffleBlockFetcherIterator: Started 0 remote fetches in 16 ms
21/03/30 08:58:07 INFO Executor: Finished task 0.0 in stage 1.0 (TID 2). 1375 bytes result sent to driver
21/03/30 08:58:07 INFO TaskSetManager: Finished task 0.0 in stage 1.0 (TID 2) in 348 ms on localhost (1/2)
21/03/30 08:58:07 INFO Executor: Finished task 1.0 in stage 1.0 (TID 3). 1375 bytes result sent to driver
21/03/30 08:58:07 INFO DAGScheduler: ShuffleMapStage 1 (map at Twitter.scala:10) finished in 0.354 s
21/03/30 08:58:07 INFO DAGScheduler: looking for newly runnable stages
21/03/30 08:58:07 INFO DAGScheduler: running: Set()
21/03/30 08:58:07 INFO DAGScheduler: waiting: Set(ResultStage 2)
21/03/30 08:58:07 INFO DAGScheduler: failed: Set()
21/03/30 08:58:07 INFO DAGScheduler: Missing parents for ResultStage 2: List()
21/03/30 08:58:07 INFO DAGScheduler: Submitting ResultStage 2 (ShuffledRDD[5] at reduceByKey at Twitter.scala:14), which is now runnable
21/03/30 08:58:07 INFO MemoryStore: ensureFreeSpace(2280) called with curMem=147699, maxMem=555755765
21/03/30 08:58:07 INFO MemoryStore: Block broadcast_3 stored as values in memory (estimated size 2.2 KB, free 529.9 MB)
21/03/30 08:58:07 INFO MemoryStore: ensureFreeSpace(1371) called with curMem=149979, maxMem=555755765
21/03/30 08:58:07 INFO MemoryStore: Block broadcast_3_piece0 stored as bytes in memory (estimated size 1371.0 B, free 529.9 MB)
21/03/30 08:58:07 INFO BlockManagerInfo: Added broadcast_3_piece0 in memory on localhost:37004 (size: 1371.0 B, free: 530.0 MB)
21/03/30 08:58:07 INFO SparkContext: Created broadcast 3 from broadcast at DAGScheduler.scala:861
21/03/30 08:58:07 INFO DAGScheduler: Submitting 2 missing tasks from ResultStage 2 (ShuffledRDD[5] at reduceByKey at Twitter.scala:14)
21/03/30 08:58:07 INFO TaskSchedulerImpl: Adding task set 2.0 with 2 tasks
21/03/30 08:58:07 INFO TaskSetManager: Finished task 1.0 in stage 1.0 (TID 3) in 352 ms on localhost (2/2)
21/03/30 08:58:07 INFO TaskSchedulerImpl: Removed TaskSet 1.0, whose tasks have all completed, from pool 
21/03/30 08:58:07 INFO TaskSetManager: Starting task 0.0 in stage 2.0 (TID 4, localhost, PROCESS_LOCAL, 1955 bytes)
21/03/30 08:58:07 INFO TaskSetManager: Starting task 1.0 in stage 2.0 (TID 5, localhost, PROCESS_LOCAL, 1955 bytes)
21/03/30 08:58:07 INFO Executor: Running task 0.0 in stage 2.0 (TID 4)
21/03/30 08:58:07 INFO Executor: Running task 1.0 in stage 2.0 (TID 5)
21/03/30 08:58:07 INFO ShuffleBlockFetcherIterator: Getting 2 non-empty blocks out of 2 blocks
21/03/30 08:58:07 INFO ShuffleBlockFetcherIterator: Getting 2 non-empty blocks out of 2 blocks
21/03/30 08:58:07 INFO ShuffleBlockFetcherIterator: Started 0 remote fetches in 0 ms
21/03/30 08:58:07 INFO ShuffleBlockFetcherIterator: Started 0 remote fetches in 0 ms
21/03/30 08:58:07 INFO Executor: Finished task 0.0 in stage 2.0 (TID 4). 1368 bytes result sent to driver
21/03/30 08:58:07 INFO TaskSetManager: Finished task 0.0 in stage 2.0 (TID 4) in 9 ms on localhost (1/2)
21/03/30 08:58:07 INFO Executor: Finished task 1.0 in stage 2.0 (TID 5). 1394 bytes result sent to driver
21/03/30 08:58:07 INFO TaskSetManager: Finished task 1.0 in stage 2.0 (TID 5) in 9 ms on localhost (2/2)
21/03/30 08:58:07 INFO TaskSchedulerImpl: Removed TaskSet 2.0, whose tasks have all completed, from pool 
21/03/30 08:58:07 INFO DAGScheduler: ResultStage 2 (collect at Twitter.scala:15) finished in 0.006 s
21/03/30 08:58:07 INFO DAGScheduler: Job 0 finished: collect at Twitter.scala:15, took 1.291908 s
(1,8527)
(2,563)
(3,72)
(4,21)
(5,3)
(6,3)
(7,2)
21/03/30 08:58:07 INFO SparkUI: Stopped Spark web UI at http://198.202.112.51:4040
21/03/30 08:58:07 INFO DAGScheduler: Stopping DAGScheduler
21/03/30 08:58:07 INFO MapOutputTrackerMasterEndpoint: MapOutputTrackerMasterEndpoint stopped!
21/03/30 08:58:07 INFO MemoryStore: MemoryStore cleared
21/03/30 08:58:07 INFO BlockManager: BlockManager stopped
21/03/30 08:58:07 INFO BlockManagerMaster: BlockManagerMaster stopped
21/03/30 08:58:07 INFO SparkContext: Successfully stopped SparkContext
21/03/30 08:58:07 INFO OutputCommitCoordinator$OutputCommitCoordinatorEndpoint: OutputCommitCoordinator stopped!
21/03/30 08:58:07 INFO ShutdownHookManager: Shutdown hook called
21/03/30 08:58:07 INFO ShutdownHookManager: Deleting directory /tmp/spark-b1242732-722f-440e-a23c-39c01c1ea2c4
